1010.35
1059.78
1062.81
1189.18
1209.41
1213.37
1337.60
1400.64
1478.29
1501.13
1479.91
1504.01
1494.89
1481.43
1455.53
1447.28
1493.89
1456.75
1439.34
1416.01
1300.56
1221.65
1158.61
985.39
980.98
999.31
999.28
1126.67
1180.86
1189.79
1292.55
1496.67
1798.42
1775.45
1746.15
1742.27
1845.93
1857.10
1798.66
1806.26
1823.41
1585.29
1528.31
1490.04
1374.30
1193.14
1168.96
985.33
936.59
958.25
955.75
1091.29
1134.38
1142.50
1246.41
1460.83
1775.34
1749.05
1717.57
1716.51
1819.70
1836.42
1783.02
1787.70
1787.06
1544.24
1494.83
1454.84
1342.91
1161.56
1145.24
953.22
902.99
932.74
930.09
1063.75
1099.53
1111.99
1222.46
1439.32
1760.77
1719.17
1693.42
1701.87
1810.58
1833.25
1778.59
1779.65
1779.05
1531.62
1481.16
1443.95
1339.66
1160.08
1142.80
950.94
899.94
930.39
934.25
1070.78
1108.97
1110.94
1261.49
1488.56
1815.68
1776.30
1752.27
1755.61
1869.12
1890.36
1835.58
1835.19
1839.40
1592.96
1501.35
1462.29
1358.06
1160.66
1145.12
947.53
899.17
934.52
941.13
1091.77
1136.60
1142.15
1285.38
1524.53
1867.90
1836.48
1804.66
1801.39
1920.64
1941.79
1887.07
1892.28
1903.28
1655.95
1569.74
1529.45
1412.74
1201.85
1162.73
968.66
883.31
883.07
880.90
1018.63
1057.73
1058.32
1128.14
1175.87
1247.57
1314.84
1290.73
1304.70
1297.47
1305.59
1266.73
1246.39
1287.23
1280.10
1264.62
1242.70
1123.50
1095.67
1068.08
882.09
904.41
908.61
905.58
1018.09
1032.03
1038.10
1117.25
1169.68
1238.49
1280.91
1245.70
1271.91
1265.03
1269.85
1253.43
1254.98
1308.63
1290.07
1262.45
1243.00
1134.59
1125.59
1074.07
918.52
928.67
971.93
971.51
1102.87
1149.99
1156.93
1309.14
1536.36
1870.09
1840.83
1823.49
1823.89
1926.26
1941.87
1885.12
1882.92
1901.50
1661.46
1569.17
1526.44
1402.27
1178.18
1163.56
975.10
924.72
949.33
941.08
1082.15
1125.61
1132.11
1341.80
1575.67
1912.76
1871.02
1859.33
1880.60
1994.97
2015.19
1947.89
1949.01
1976.41
1751.41
1651.06
1606.34
1468.19
1250.28
1217.55
1018.54
932.89
968.13
966.28
1106.65
1155.41
1165.55
1371.75
1605.22
1943.04
1925.21
1917.30
1938.43
2052.21
2074.18
2005.80
2007.15
2024.75
1794.25
1692.29
1646.03
1505.30
1296.25
1255.66
1054.38
951.32
988.65
987.50
1123.48
1170.91
1174.19
1379.59
1610.63
1943.85
1924.30
1913.65
1932.63
2045.09
2067.47
1998.27
2000.58
2022.37
1795.14
1695.04
1650.64
1510.92
1303.29
1269.88
1071.35
980.55
1017.73
1019.41
1156.44
1204.68
1209.14
1399.65
1628.53
1959.61
1935.92
1913.57
1925.82
2038.97
2057.43
1986.62
1988.25
2014.84
1793.44
1694.92
1651.66
1510.17
1301.52
1266.38
1082.31
921.78
921.35
921.84
1058.65
1096.27
1096.18
1147.98
1247.32
1304.12
1385.04
1373.73
1354.04
1325.14
1335.64
1312.69
1292.07
1358.91
1345.17
1339.45
1326.65
1174.51
1154.65
1110.61
918.87
921.68
920.84
920.95
1040.10
1054.83
1056.07
1139.33
1230.48
1309.56
1337.16
1317.89
1320.06
1299.03
1307.16
1305.32
1305.28
1401.34
1374.67
1355.13
1333.60
1163.94
1162.51
1093.43
933.60
948.45
980.43
982.33
1116.34
1158.54
1165.99
1385.61
1617.93
1968.98
1937.47
1920.54
1932.69
2041.92
2066.09
2002.38
2006.68
2031.39
1800.47
1707.18
1655.88
1496.40
1285.62
1246.72
1047.14
940.09
972.02
971.28
1109.42
1153.21
1161.59
1375.65
1611.00
1963.75
1931.90
1911.73
1925.52
2035.30
2055.25
1982.67
1984.91
2003.65
1778.50
1686.49
1637.42
1478.64
1266.22
1233.08
1031.91
932.22
967.20
964.94
1102.35
1148.65
1156.70
1370.05
1607.43
1968.50
1947.96
1942.32
1966.01
2081.85
2105.75
2037.16
2036.16
2052.04
1824.41
1721.79
1670.83
1508.87
1300.36
1261.60
1060.82
956.31
990.77
988.49
1126.41
1174.02
1177.18
1390.57
1622.97
1970.85
1944.73
1927.47
1947.29
2054.68
2070.79
2011.99
2020.50
2037.18
1807.13
1707.34
1657.35
1496.57
1278.64
1235.62
1038.62
941.35
969.09
964.24
1100.40
1145.88
1152.37
1363.56
1598.81
1960.36
1922.80
1895.37
1914.95
2034.24
2059.92
1993.02
1991.43
2010.17
1782.77
1690.85
1644.01
1485.98
1276.50
1239.36
1038.33
867.08
862.99
862.45
999.33
1037.06
1051.65
1126.41
1217.87
1301.16
1358.89
1357.73
1352.91
1334.69
1342.35
1314.93
1308.94
1400.17
1374.10
1366.92
1345.82
1149.26
1141.11
1112.01
939.65
948.89
945.56
948.75
1072.93
1092.45
1096.99
1188.18
1287.73
1369.82
1404.19
1404.09
1420.93
1401.15
1406.78
1403.82
1402.85
1489.63
1444.96
1435.54
1412.16
1234.78
1236.82
1141.18
980.61
999.29
1034.43
1036.26
1161.96
1215.07
1231.80
1423.77
1649.14
2008.00
1986.74
1975.03
1970.83
2078.62
2095.79
2028.49
2042.04
2070.98
1846.95
1753.63
1695.95
1524.21
1317.61
1281.12
1072.59
966.98
1002.68
1004.48
1145.54
1216.37
1224.53
1420.24
1653.08
2031.17
2064.23
2030.31
2005.93
2116.85
2129.12
2057.53
2063.49
2089.11
1863.35
1771.96
1715.33
1544.97
1339.74
1323.14
1107.88
997.29
1027.96
1025.44
1159.52
1216.56
1220.14
1435.20
1670.32
2030.06
2004.32
1992.55
1991.33
2103.56
2119.36
2047.01
2062.10
2101.99
1871.32
1775.95
1717.65
1543.06
1334.05
1279.61
1070.45
960.42
994.76
997.10
1135.35
1184.76
1188.47
1414.25
1652.88
2018.98
1988.08
1978.01
1983.68
2098.18
2120.81
2058.66
2068.08
2098.29
1867.48
1768.07
1714.47
1540.53
1328.39
1273.66
1063.68
955.54
989.78
988.91
1122.61
1170.13
1173.34
1401.33
1639.19
2013.78
1985.09
1973.25
1973.82
2090.93
2117.46
2043.60
2046.27
2075.85
1842.54
1751.11
1696.01
1529.39
1322.78
1269.06
1055.77
891.59
899.52
898.42
1037.94
1079.61
1081.26
1178.52
1286.53
1378.14
1473.16
1462.60
1452.56
1433.24
1439.41
1417.07
1398.70
1488.96
1475.35
1494.17
1466.00
1288.54
1243.74
1166.88
970.19
965.04
965.62
966.03
1082.89
1100.93
1104.68
1233.31
1359.88
1452.44
1472.74
1440.87
1452.98
1427.13
1425.48
1422.77
1424.86
1520.07
1483.83
1475.63
1446.48
1267.84
1265.52
1160.63
995.76
995.57
1026.96
1038.43
1167.91
1224.44
1235.63
1453.75
1668.94
2021.87
1987.53
1966.96
1963.27
2077.99
2103.53
2037.42
2038.85
2066.92
1845.15
1764.06
1708.72
1535.43
1322.51
1269.41
1061.51
949.00
980.05
981.90
1121.42
1172.73
1179.72
1408.08
1644.99
2007.18
1975.74
1960.07
1960.07
2072.57
2092.23
2030.15
2041.48
2071.14
1841.24
1747.74
1695.81
1531.47
1324.35
1269.42
1057.36
951.17
982.53
980.75
1252.34
1307.63
1338.75
1562.25
1798.70
2064.75
2027.15
2000.97
2003.58
2032.62
2055.95
1997.58
1999.53
2025.89
1932.87
1851.81
1791.99
1675.63
1465.00
1415.87
1031.36
926.41
974.82
973.18
1239.04
1286.42
1316.89
1545.62
1791.15
2057.91
2014.95
1998.21
1998.83
2024.89
2040.41
1981.63
1992.02
2020.75
1927.76
1839.86
1776.27
1661.28
1459.96
1408.59
1028.51
926.79
969.73
970.46
1237.10
1284.84
1317.58
1544.79
1789.50
2063.82
2027.06
1998.35
1990.40
2017.03
2040.77
1988.16
1997.88
2031.96
1930.74
1844.48
1780.94
1668.33
1464.69
1412.95
1038.73
868.03
871.65
871.32
1004.33
1043.10
1045.69
1139.10
1254.32
1342.62
1390.75
1382.65
1373.36
1352.60
1369.90
1354.56
1336.00
1425.44
1416.44
1419.50
1395.21
1193.23
1182.91
1114.10
930.55
940.13
943.19
945.97
1066.42
1081.07
1080.58
1198.06
1317.13
1383.75
1399.17
1390.29
1371.50
1340.85
1344.42
1340.36
1329.75
1431.38
1417.78
1403.96
1373.11
1187.82
1183.51
1089.50
928.01
946.59
991.16
989.26
1263.15
1350.56
1392.35
1619.58
1837.65
2098.12
2123.45
2087.80
2079.57
2106.39
2112.19
2050.16
2062.66
2128.06
2012.19
1922.55
1861.67
1772.00
1591.35
1571.05
1198.51
1096.98
1132.61
1123.60
1380.84
1444.16
1480.49
1741.98
1972.71
2175.13
2152.96
2123.19
2081.14
2087.78
2104.47
2050.50
2053.07
2100.81
2010.21
1921.52
1855.10
1734.23
1531.48
1499.50
1123.92
1013.51
1052.06
1051.90
1312.33
1378.72
1408.78
1641.04
1848.75
2102.28
2079.03
2041.75
2035.96
2068.40
2094.00
2034.19
2038.72
2075.06
1993.57
1907.25
1842.85
1721.34
1520.13
1472.06
1068.43
961.09
1003.26
1001.07
1268.11
1327.66
1362.44
1587.80
1817.55
2077.82
2044.36
2024.72
2023.16
2050.00
2073.83
2021.30
2037.67
2077.78
1990.72
1900.16
1835.19
1716.55
1516.18
1482.45
1103.14
998.71
1042.91
1040.52
1307.28
1364.75
1399.35
1628.86
1839.85
2094.65
2063.08
2044.68
2041.01
2067.73
2089.72
2035.42
2047.34
2081.72
1994.65
1905.74
1836.73
1715.40
1517.14
1482.22
1101.28
931.20
931.98
931.81
1064.20
1090.93
1098.09
1178.20
1299.33
1369.86
1426.19
1426.67
1430.79
1420.28
1424.03
1400.16
1376.95
1466.07
1448.23
1440.24
1411.08
1208.80
1191.31
1118.29
929.46
926.37
924.10
925.38
1049.00
1078.54
1070.61
1181.47
1304.52
1354.12
1370.00
1362.04
1373.84
1347.69
1345.79
1340.18
1344.27
1440.72
1421.42
1407.99
1376.18
1193.20
1194.24
1097.57
938.88
955.27
995.55
996.29
1256.59
1304.96
1340.07
1571.19
1808.35
2070.11
2034.50
2014.44
2005.12
2020.67
2039.86
1979.66
1986.54
2020.38
1933.21
1851.97
1792.27
1681.15
1483.57
1424.12
1039.35
929.91
979.29
976.56
1243.89
1290.31
1321.18
1548.00
1783.85
2056.49
2019.65
1999.51
1998.42
2024.08
2053.50
2017.27
2032.36
2070.17
1978.10
1886.52
1820.06
1698.50
1496.89
1443.33
1062.44
974.22
1028.80
1026.16
1295.10
1352.86
1384.79
1592.99
1823.26
2082.67
2049.47
2024.19
2011.14
2029.83
2047.99
1990.97
2001.54
2030.94
1931.43
1840.74
1778.93
1672.83
1471.03
1417.53
1041.33
947.12
1000.62
1001.24
1264.86
1314.88
1344.45
1568.59
1800.93
2071.92
2043.25
2025.13
2030.63
2065.12
2087.40
2030.20
2041.90
2079.90
1986.42
1900.62
1836.49
1711.84
1507.27
1469.52
1086.28
982.69
1027.62
1025.67
1295.78
1353.09
1389.34
1600.76
1831.62
2088.58
2057.01
2037.04
2039.49
2066.01
2087.59
2032.35
2039.64
2076.80
1993.83
1908.61
1846.67
1729.62
1528.40
1494.06
1113.90
945.14
954.64
974.12
1108.66
1156.18
1173.96
1282.14
1399.44
1474.63
1577.58
1558.44
1548.78
1528.50
1516.16
1508.81
1498.96
1589.69
1527.17
1540.73
1511.07
1309.35
1253.59
1180.89
989.26
976.81
970.33
971.55
1096.32
1116.22
1126.64
1275.13
1393.88
1481.75
1561.55
1561.63
1571.08
1538.50
1517.31
1516.90
1539.03
1638.19
1558.71
1531.06
1501.94
1314.60
1281.47
1174.42
1006.11
1039.95
1080.92
1079.30
1335.35
1398.21
1415.58
1652.03
1861.02
2106.12
2105.58
2057.15
2049.29
2071.50
2086.43
2028.27
2035.74
2070.49
1981.76
1894.46
1834.04
1717.28
1518.56
1482.21
1106.83
1007.18
1048.18
1052.79
1323.68
1379.25
1411.09
1646.21
1851.41
2101.82
2077.57
2054.39
2047.57
2070.22
2089.49
2033.57
2039.82
2074.74
1990.10
1897.59
1830.28
1709.68
1509.31
1475.26
1105.55
1000.89
1044.14
1039.88
1308.02
1367.34
1399.51
1607.63
1833.70
2095.10
2074.78
2053.46
2049.16
2075.24
2095.87
2044.10
2052.33
2084.29
1995.25
1907.21
1838.90
1719.33
1515.90
1477.39
1097.22
993.42
1032.98
1034.44
1301.59
1358.06
1387.43
1602.12
1832.35
2092.99
2066.61
2045.22
2039.08
2064.83
2089.71
2036.12
2044.56
2078.58
1986.94
1898.26
1832.93
1709.75
1508.87
1448.53
1065.51
962.54
1005.54
1005.70
1271.01
1327.29
1363.09
1589.39
1820.94
2078.29
2051.27
2031.34
2032.75
2061.78
2079.79
2021.42
2024.45
2054.38
1960.16
1875.14
1817.39
1701.12
1499.44
1442.97
1060.68
887.80
886.55
891.13
1027.99
1065.06
1084.84
1176.99
1295.88
1369.00
1417.27
1408.66
1401.33
1378.65
1381.88
1351.61
1326.77
1417.67
1407.36
1407.01
1387.66
1201.36
1210.61
1142.38
942.91
939.10
943.74
946.34
1070.27
1087.66
1089.56
1202.21
1279.51
1337.97
1354.28
1347.78
1340.29
1308.17
1316.87
1319.89
1323.28
1416.94
1389.52
1380.80
1351.87
1164.54
1163.24
1071.78
916.69
943.79
997.14
1009.45
1293.74
1350.39
1385.91
1606.01
1834.42
2096.08
2078.43
2051.39
2044.04
2067.98
2090.17
2026.25
2035.73
2071.79
1982.20
1893.87
1831.01
1711.28
1510.12
1471.86
1090.60
988.40
1032.76
1023.36
1268.28
1309.17
1330.41
1554.29
1793.43
2059.75
2027.71
2013.83
2007.71
2028.90
2046.93
1986.76
1994.00
2026.99
1948.97
1868.22
1802.28
1686.03
1481.42
1422.32
1036.57
1007.60
1053.42
1052.71
1190.04
1253.12
1285.38
1496.06
1716.42
1990.20
1959.88
1945.16
1935.61
1957.05
1990.16
1929.55
1938.27
1970.97
1888.91
1793.33
1742.38
1613.46
1405.25
1363.96
1131.32
1034.92
1077.95
1075.52
1214.97
1299.09
1339.75
1530.39
1743.97
2008.23
1984.64
1978.48
1975.55
1997.98
2022.17
1971.96
2022.73
2060.56
1942.76
1844.18
1791.97
1695.14
1507.39
1500.55
1275.12
1172.97
1212.89
1215.06
1334.34
1399.96
1435.46
1679.64
1884.56
2092.07
2084.31
2070.71
2066.76
2090.20
2111.31
2051.17
2058.54
2091.80
2006.49
1910.44
1855.41
1724.45
1523.27
1514.13
1279.91
1039.47
1030.83
1029.45
1156.57
1206.23
1220.77
1300.44
1417.25
1459.30
1537.51
1481.11
1445.14
1431.28
1430.60
1405.64
1389.27
1502.96
1489.80
1526.39
1491.75
1278.58
1231.48
1183.76
1008.04
1006.50
1008.61
1015.75
1129.29
1130.76
1137.47
1270.28
1381.42
1451.38
1431.23
1399.14
1416.31
1396.04
1396.24
1390.14
1388.08
1483.59
1455.74
1458.67
1434.71
1235.67
1229.45
1133.32
995.06
1097.11
1123.89
1123.77
1254.69
1331.56
1362.26
1559.13
1752.64
2003.98
1973.22
1956.63
1954.22
1974.52
1997.00
1935.11
1945.06
1979.50
1897.08
1803.75
1754.52
1623.64
1418.56
1376.76
1143.45
1041.70
1081.55
1082.38
1214.91
1269.57
1295.66
1502.53
1719.45
1986.02
1957.26
1946.37
1944.77
1962.75
1982.99
1917.33
1923.58
1951.89
1864.53
1770.15
1721.42
1595.71
1387.78
1347.86
1115.52
1019.00
1061.24
1060.18
1198.36
1261.10
1293.16
1501.87
1718.26
1983.46
1954.09
1945.56
1944.55
1962.45
1981.28
1920.33
1935.93
1972.91
1887.90
1794.92
1733.37
1605.11
1395.96
1353.24
1116.60
1017.75
1062.32
1061.83
1198.62
1265.95
1304.21
1514.32
1727.40
1991.79
1964.23
1961.04
1961.98
1981.19
2000.33
1933.20
1936.79
1966.36
1880.66
1787.59
1736.06
1612.20
1408.12
1368.94
1137.21
1037.70
1079.96
1076.19
1212.70
1281.64
1326.52
1522.59
1733.74
1994.35
1967.16
1960.77
1961.70
1980.75
1995.68
1932.08
1937.91
1966.16
1880.57
1784.83
1734.68
1609.71
1403.40
1360.71
1127.51
881.29
881.49
884.04
1020.65
1059.83
1063.00
1140.93
1260.30
1346.20
1366.68
1360.26
1357.15
1336.70
1340.33
1313.61
1296.16
1381.71
1363.66
1368.93
1345.81
1135.36
1120.13
1054.81
885.57
892.22
891.63
889.79
1009.01
1027.37
1031.22
1118.27
1231.74
1306.10
1287.25
1279.74
1276.81
1262.58
1268.62
1268.76
1269.50
1367.30
1344.53
1335.11
1308.29
1109.38
1109.14
1032.73
901.95
1007.18
1047.02
1043.97
1181.82
1243.95
1270.39
1492.49
1714.07
1983.12
1961.72
1953.81
1963.32
1986.24
2003.02
1943.62
1944.53
1977.14
1902.80
1805.74
1747.92
1614.92
1407.07
1386.83
1161.37
1061.74
1100.42
1097.91
1232.75
1286.80
1310.90
1515.23
1726.54
1991.02
1967.43
1954.76
1950.13
1968.10
1993.63
1934.64
1941.71
1972.22
1888.18
1795.79
1746.34
1617.35
1412.29
1391.66
1169.72
1224.80
1319.48
1323.28
1514.49
1547.35
1587.32
1811.71
2066.00
2374.92
2386.86
2410.90
2427.13
2472.37
2500.18
2429.04
2436.65
2463.36
2349.23
2183.30
2097.24
1954.74
1722.70
1733.38
1311.40
1216.06
1321.42
1315.84
1540.53
1578.98
1607.69
1840.91
2079.36
2402.20
2403.87
2432.54
2475.55
2478.34
2500.18
2442.81
2447.64
2459.09
2347.71
2183.77
2096.85
1959.56
1729.68
1744.20
1308.95
1213.96
1321.97
1316.52
1545.45
1587.17
1612.31
1838.01
2081.33
2407.70
2414.80
2498.27
2457.62
2500.18
2500.18
2446.56
2451.44
2473.34
2359.91
2195.39
2116.13
1968.07
1737.85
1772.48
1308.17
1066.61
1069.71
1072.01
1319.48
1382.88
1390.08
1500.23
1619.00
1722.84
1765.38
1784.19
1801.30
1803.21
1815.09
1794.34
1769.02
1864.73
1832.61
1774.59
1742.13
1511.16
1500.48
1434.61
1074.53
1162.18
1142.27
1140.81
1310.69
1331.53
1334.60
1478.67
1607.83
1693.83
1705.65
1698.24
1728.22
1737.82
1762.52
1745.27
1743.55
1825.14
1801.33
1736.27
1694.04
1496.13
1473.19
1353.83
1157.38
1219.29
1302.21
1319.95
1541.34
1580.63
1616.85
1797.52
2040.92
2369.24
2379.11
2403.12
2391.84
2421.22
2448.44
2403.59
2410.08
2427.86
2316.02
2166.23
2068.76
1935.53
1690.92
1734.57
1259.38
1207.95
1325.36
1319.73
1555.37
1599.51
1631.37
1810.96
2062.74
2396.01
2396.36
2394.04
2390.63
2416.39
2431.70
2383.96
2391.75
2419.80
2305.12
2154.79
2074.42
1941.44
1706.40
1739.52
1291.65
1248.45
1330.99
1310.12
1569.42
1621.33
1652.20
1822.85
2060.76
2385.25
2390.02
2400.94
2399.90
2423.72
2438.48
2379.38
2383.68
2403.55
2264.76
2119.48
2043.92
1916.28
1692.79
1712.67
1256.94
1208.59
1345.32
1311.51
1560.32
1607.62
1633.45
1809.93
2052.95
2369.29
2375.95
2387.26
2384.22
2415.08
2446.15
2394.04
2380.82
2399.96
2273.98
2123.00
2034.48
1913.49
1688.06
1705.73
1254.91
1205.31
1328.78
1330.11
1570.15
1623.56
1655.11
1819.41
2070.94
2406.17
2410.89
2415.09
2396.62
2409.68
2425.08
2375.54
2383.83
2390.00
2254.78
2115.29
2037.01
1914.39
1689.13
1710.40
1256.86
1065.23
1106.64
1072.73
1308.23
1383.22
1396.82
1532.19
1606.98
1716.95
1768.76
1767.24
1786.60
1799.33
1815.51
1793.95
1783.35
1853.87
1841.76
1799.20
1739.20
1535.46
1495.40
1432.59
1071.00
1165.50
1142.71
1141.74
1315.84
1338.35
1340.58
1460.44
1659.96
1754.40
1764.54
1885.53
1802.28
1791.57
1806.45
1830.27
1827.59
1906.54
1855.63
1850.35
1823.68
1579.05
1542.82
1421.97
1183.43
1429.54
1361.58
1353.34
1596.92
1657.00
1885.29
2121.26
2500.18
2500.18
2448.83
2450.15
2482.79
2500.18
2500.18
2500.18
2500.18
2500.18
2400.95
2256.09
2203.43
2065.29
1853.29
1800.66
1393.30
1297.17
1379.77
1335.03
1580.13
1630.03
1660.26
1873.86
2138.22
2462.13
2452.54
2467.78
2472.69
2497.58
2500.18
2449.10
2448.56
2467.76
2361.20
2197.03
2092.66
1955.35
1730.82
1736.19
1306.65
1213.02
1313.06
1308.33
1551.75
1610.88
1642.55
1862.68
2099.54
2405.16
2383.32
2374.82
2362.41
2392.77
2425.23
2355.61
2357.04
2388.28
2290.53
2153.94
2084.94
1943.39
1712.77
1709.16
1313.68
1220.15
1307.49
1315.35
1542.56
1593.21
1624.16
1830.65
2064.28
2368.07
2365.73
2383.08
2396.92
2437.08
2459.34
2381.73
2380.50
2404.24
2302.48
2155.37
2088.60
1949.03
1721.14
1720.56
1311.14
1218.50
1298.92
1293.67
1531.60
1580.62
1610.31
1837.32
2081.82
2396.13
2392.62
2424.16
2453.40
2476.91
2495.63
2425.55
2412.58
2440.97
2337.33
2195.35
2097.66
1958.75
1730.43
1726.76
1309.58
1051.14
1056.71
1058.89
1306.22
1351.63
1362.54
1481.26
1587.95
1696.61
1801.42
1815.09
1820.54
1811.45
1819.58
1803.72
1781.62
1865.43
1836.69
1780.27
1762.42
1536.55
1540.21
1483.50
1103.07
1201.81
1168.89
1165.37
1335.33
1340.46
1340.80
1460.69
1598.60
1666.40
1712.53
1725.00
1754.04
1760.73
1764.96
1767.60
1780.58
1868.28
1833.58
1763.61
1747.46
1536.45
1503.22
1401.79
1187.79
1143.96
1158.30
1203.31
1392.36
1461.55
1496.56
1762.17
2013.83
2326.70
2347.76
2341.38
2344.11
2386.80
2421.42
2355.12
2358.75
2384.68
2282.12
2108.00
2025.80
1888.10
1638.19
1634.58
1248.15
1169.70
1171.48
1172.24
1422.44
1473.51
1508.81
1765.34
2045.54
2355.81
2370.17
2363.71
2365.24
2395.19
2425.42
2388.70
2405.90
2416.89
2291.98
2157.02
2100.43
1937.46
1671.63
1672.48
1299.27
1205.89
1224.33
1222.94
1465.45
1529.84
1545.63
1797.04
2049.45
2449.00
2371.79
2370.19
2380.97
2427.39
2460.37
2455.53
2448.12
2444.84
2300.36
2151.93
2098.75
1962.82
1748.97
1701.09
1335.21
1259.33
1228.46
1204.57
1444.09
1501.91
1543.56
1793.88
2061.15
2358.98
2379.88
2391.58
2405.24
2433.11
2445.82
2376.36
2373.27
2387.31
2287.98
2162.06
2108.64
1973.22
1703.74
1685.85
1303.74
1254.73
1227.62
1207.64
1449.92
1512.19
1541.37
1807.05
2328.94
2358.61
2382.76
2390.28
2416.63
2452.24
2460.37
2460.37
2441.52
2416.08
2292.32
2145.81
2093.60
1959.04
1744.76
1701.94
1371.93
1191.77
1176.25
1175.39
1436.18
1505.42
1499.80
1589.33
1685.54
1771.54
1832.02
1836.55
1880.13
1874.30
1881.12
1857.85
1837.93
1930.42
1921.38
1843.34
1799.49
1582.80
1572.22
1529.39
1241.09
1286.99
1262.61
1235.99
1434.61
1446.23
1428.24
1544.70
1665.50
1756.00
1780.21
1782.40
1836.94
1842.26
1849.69
1842.95
1830.42
1911.25
1892.73
1825.44
1788.37
1584.87
1586.41
1528.72
1351.25
1325.24
1302.93
1265.16
1448.81
1482.53
1508.42
1765.23
2003.91
2287.75
2287.47
2279.82
2267.64
2298.00
2317.68
2235.38
2224.91
2278.67
2184.23
2014.65
1939.01
1808.09
1590.26
1587.41
1265.64
1182.69
1185.73
1186.81
1378.10
1368.63
1461.27
1725.92
1964.31
2254.07
2295.64
2316.04
2331.57
2367.45
2388.72
2301.91
2301.25
2339.91
2236.26
2043.03
1966.79
1838.08
1607.24
1583.40
1239.32
1159.38
1171.99
1182.73
1420.59
1456.35
1489.07
1731.06
1967.27
2251.56
2274.81
2278.69
2277.34
2325.18
2367.48
2309.88
2314.11
2334.06
2228.82
2050.18
1975.72
1846.41
1620.79
1606.09
1239.35
1156.65
1160.31
1162.36
1404.94
1443.90
1476.07
1735.09
1968.85
2240.95
2261.15
2265.46
2286.41
2354.83
2387.22
2327.69
2341.96
2368.42
2259.01
2058.30
1985.23
1853.46
1622.30
1599.95
1237.36
1155.69
1160.31
1161.93
1407.50
1461.06
1502.34
1760.95
2003.27
2303.58
2335.26
2366.21
2385.84
2411.32
2422.83
2362.63
2372.08
2396.71
2292.26
2157.29
2107.07
1979.47
1734.40
1680.12
1295.54
1148.80
1139.92
1144.02
1380.99
1455.13
1472.51
1579.63
1669.04
1777.29
1844.74
1843.02
1844.42
1846.46
1876.04
1863.70
1843.02
1921.59
1890.01
1807.90
1806.00
1616.71
1579.68
1509.49
1151.11
1212.85
1187.90
1179.94
1361.56
1368.68
1368.32
1473.45
1646.80
1729.16
1765.68
1791.43
1808.01
1795.15
1798.38
1795.66
1796.78
1889.77
1851.58
1810.23
1785.45
1579.33
1542.64
1452.12
1228.80
1195.01
1195.41
1198.85
1425.48
1498.18
1535.23
1797.89
2040.19
2339.07
2359.96
2356.96
2365.45
2403.70
2435.41
2383.73
2393.64
2403.47
2288.45
2162.33
2097.67
1946.40
1678.91
1660.37
1250.29
1172.01
1171.31
1169.81
1417.80
1466.27
1503.48
1763.02
2007.41
2315.71
2342.31
2339.55
2440.47
2402.28
2435.71
2366.60
2362.13
2388.88
2283.53
2133.10
2061.49
1909.47
1665.68
1664.81
1275.84
1161.56
1204.78
1153.21
1433.77
1470.11
1512.20
1990.04
2432.99
2460.37
2390.67
2405.67
2425.90
2460.37
2460.37
2460.37
2460.37
2460.37
2377.32
2189.57
2093.58
1950.91
1743.50
1699.38
1397.26
1285.53
1282.21
1276.73
1746.25
1979.53
1982.03
2016.79
2068.26
2340.33
2401.28
2456.32
2460.37
2460.37
2460.37
2460.37
2460.37
2460.37
2366.80
2193.01
2115.89
1961.29
1734.22
1698.82
1420.95
1330.18
1320.37
1329.82
1578.02
1598.12
1599.09
1832.93
2086.15
2356.18
2417.83
2387.94
2368.48
2399.15
2427.53
2358.42
2357.11
2384.45
2274.17
2095.10
2014.17
1883.36
1648.42
1661.95
1256.70
1152.61
1086.45
1099.66
1360.65
1421.00
1433.32
1536.83
1611.10
1701.51
1763.63
1767.45
1766.31
1757.15
1767.72
1749.47
1733.07
1863.45
1845.21
1774.48
1761.82
1546.65
1525.17
1479.07
1117.86
1185.07
1182.68
1171.86
1355.27
1364.06
1365.12
1474.57
1649.59
1722.87
1761.04
1776.95
1815.82
1803.88
1807.71
1801.93
1796.80
1885.91
1850.75
1812.94
1786.77
1582.40
1561.00
1479.69
1251.91
1242.46
1223.73
1206.35
1454.57
1521.67
1550.22
1954.34
2205.26
2345.01
2373.61
2388.50
2393.50
2452.05
2460.37
2460.37
2452.07
2436.37
2323.20
2172.30
2082.07
1948.68
1735.14
1701.52
1416.43
1299.89
1217.57
1162.53
1439.90
1485.28
1516.82
1767.31
2032.51
2356.10
2375.70
2393.74
2409.79
2445.94
2460.37
2413.06
2414.32
2411.29
2298.51
2152.57
2101.97
1959.20
1692.57
1668.65
1294.39
1207.00
1213.09
1159.93
1438.65
1489.48
1537.01
2136.28
2449.23
2357.05
2371.53
2373.12
2409.91
2460.37
2460.37
2460.37
2460.37
2460.37
2321.48
2155.55
2100.77
1960.85
1747.32
1692.19
1315.01
1256.59
1250.04
1247.20
1502.95
1529.74
1529.80
1770.88
2028.00
2334.47
2395.71
2374.28
2402.66
2443.35
2460.37
2423.25
2428.52
2432.70
2302.65
2146.91
2100.45
1967.48
1747.80
1689.02
1329.56
1271.57
1230.35
1222.10
1448.21
1516.09
1547.19
2091.58
2086.13
2340.80
2390.38
2424.71
2445.56
2460.37
2460.37
2423.41
2367.00
2391.88
2296.21
2163.10
2096.65
1919.12
1643.48
1638.00
1251.10
1127.51
1083.06
1094.61
1348.11
1390.78
1399.82
1506.31
1578.21
1673.97
1741.28
1748.85
1756.11
1752.82
1767.68
1752.03
1722.16
1810.19
1785.05
1710.20
1698.32
1481.86
1478.68
1428.76
1115.76
1167.94
1169.95
1178.89
1323.83
1334.75
1342.40
1461.17
1598.81
1671.71
1731.79
1746.37
1758.73
1741.13
1746.21
1743.07
1744.63
1856.94
1807.73
1718.42
1707.65
1505.52
1492.65
1381.04
1177.87
1140.83
1174.32
1168.12
1530.63
1590.29
1612.43
1893.55
2126.64
2426.06
2406.08
2407.11
2404.66
2442.05
2478.39
2408.70
2401.24
2440.49
2347.39
2194.68
2128.95
1997.82
1773.02
1733.85
1223.36
1106.59
1084.79
1089.47
1484.16
1543.79
1564.60
1844.86
2085.35
2403.59
2441.78
2449.53
2454.90
2477.23
2482.28
2418.61
2415.21
2427.40
2309.74
2171.07
2101.61
1978.73
1740.51
1725.02
1208.62
1094.15
1100.05
1100.95
1491.31
1550.42
1576.44
1857.87
2387.83
2482.28
2434.52
2445.36
2467.08
2482.28
2482.28
2475.89
2482.28
2481.61
2326.62
2197.44
2155.88
2043.56
1791.78
1736.88
1223.61
1162.52
1134.48
1119.37
1492.99
1569.59
1588.47
1900.65
2482.28
2446.31
2452.53
2467.52
2482.28
2482.28
2482.28
2473.92
2482.28
2452.01
2316.88
2191.04
2148.60
2046.66
1810.63
1738.74
1396.67
1334.45
1219.38
1147.13
1531.79
1592.58
1749.45
2118.45
2482.28
2438.93
2442.83
2481.83
2482.28
2482.28
2482.28
2482.28
2482.28
2482.28
2365.45
2226.33
2155.57
2035.26
1810.18
1763.97
1317.18
1131.98
1105.15
1071.76
1314.20
1395.31
1398.32
1550.09
1595.08
1716.13
1773.23
1778.03
1781.04
1754.31
1763.63
1736.15
1714.09
1766.97
1732.70
1717.96
1662.28
1512.21
1492.82
1449.26
1100.08
1120.08
1137.17
1125.12
1306.80
1339.70
1347.76
1480.79
1603.98
1684.50
1677.81
1677.86
1710.58
1689.08
1681.32
1680.14
1674.49
1761.52
1709.17
1656.51
1635.66
1529.72
1514.36
1397.97
1182.97
1108.36
1096.70
1090.77
1468.09
1550.89
1567.60
1776.69
2005.25
2294.78
2274.85
2281.20
2250.61
2273.27
2297.85
2246.61
2254.28
2296.54
2147.06
1985.59
1926.68
1848.06
1642.48
1596.11
1116.36
1074.63
1078.42
1080.98
1459.03
1503.25
1516.55
1739.30
1972.65
2273.03
2273.44
2285.05
2255.10
2278.70
2304.79
2255.35
2262.19
2302.96
2156.67
2000.71
1940.11
1860.24
1650.62
1623.76
1115.77
1074.28
1077.67
1078.79
1470.73
1518.28
1536.74
1759.79
1912.35
2208.58
2202.92
2230.47
2214.51
2244.63
2274.42
2231.32
2229.50
2252.37
2138.82
1983.72
1914.73
1784.72
1626.92
1616.78
1099.52
1089.71
1093.59
1092.76
1484.66
1545.90
1563.61
1802.59
2182.91
2259.89
2257.90
2273.37
2243.60
2243.55
2260.09
2222.18
2222.43
2249.69
2140.49
1985.40
1912.95
1786.68
1621.44
1601.32
1086.00
1076.29
1079.52
1083.96
1478.39
1543.22
1759.67
2205.73
2357.62
2228.02
2221.47
2241.60
2232.46
2256.37
2012.75
2256.23
2293.43
2296.15
2015.75
1879.51
1988.63
1860.97
1730.39
1675.55
1238.41
1114.54
1098.77
1100.61
1381.39
1465.88
1483.86
1581.60
1615.10
1738.14
1805.84
1804.79
1821.24
1749.39
1749.48
1728.36
1708.23
1710.42
1679.12
1648.57
1598.03
1538.93
1544.18
1486.11
1193.92
1244.73
1233.93
1226.15
1442.30
1481.99
1488.01
1550.69
1580.48
1720.41
1744.52
1766.97
1799.38
1730.11
1759.57
1716.41
1689.15
1697.71
1675.16
1636.11
1594.36
1529.65
1527.09
1472.15
1232.36
1163.09
1152.07
1135.39
1545.76
1609.89
1640.36
1826.45
1926.91
2234.95
2276.71
2311.63
2305.48
2316.29
2351.85
2376.36
2416.56
2416.09
2259.68
2080.16
2011.71
1859.06
1734.85
1649.96
1316.70
1277.40
1256.00
1244.87
1616.63
1651.31
1666.80
1826.90
1920.09
2166.53
2193.81
2205.29
2200.36
2232.97
2275.05
2235.92
2231.76
2265.02
2158.02
2016.07
1979.77
1833.15
1699.65
1656.09
1272.46
1271.96
1255.30
1231.64
1606.83
1609.56
1587.30
1806.02
1949.54
2197.42
2195.80
2204.71
2172.20
2167.32
2194.37
2166.02
2174.54
2197.82
2072.70
1910.16
1876.46
1728.14
1586.72
1587.99
1077.43
1070.15
1069.97
1060.69
1453.28
1517.73
1549.78
1791.91
1922.53
2170.45
2150.17
2153.35
2122.41
2142.60
2178.77
2154.75
2174.54
2197.82
2090.38
1993.15
1936.45
1756.81
1590.10
1576.63
1078.40
1053.48
1059.26
1061.28
1451.37
1496.29
1516.88
1737.29
1865.85
2105.57
2091.52
2106.06
2090.58
2123.45
2162.33
2126.71
2131.37
2161.85
2047.28
1895.51
1871.51
1743.59
1599.77
1600.25
1089.83
1026.78
1032.80
1036.68
1292.88
1357.83
1368.52
1471.59
1500.83
1617.16
1681.75
1688.27
1701.76
1626.81
1633.79
1604.68
1580.93
1595.14
1559.80
1493.56
1464.50
1408.41
1412.48
1371.47
1032.39
1138.93
1114.46
1114.25
1282.67
1307.73
1321.47
1427.15
1523.28
1626.03
1678.10
1695.92
1700.96
1611.72
1605.09
1588.34
1578.52
1604.97
1560.09
1494.05
1466.40
1424.58
1413.71
1325.21
1137.76
1057.87
1100.97
1065.99
1432.93
1492.71
1523.45
1712.35
1842.11
2082.58
2078.28
2087.80
2078.44
2103.09
2124.58
2081.84
2086.46
2108.01
1985.06
1826.27
1808.45
1695.15
1576.55
1574.95
1064.60
1063.54
1066.13
1095.93
1444.63
1517.12
1537.34
1718.64
1842.72
2079.97
2072.75
2071.00
2039.65
2067.61
2104.20
2061.52
2069.81
2104.87
2003.79
1851.53
1817.95
1699.34
1575.33
1571.15
1064.53
1061.84
1064.59
1067.91
1458.65
1520.41
1542.44
1751.00
1908.72
2157.71
2144.10
2162.58
2147.68
2175.41
2197.67
2163.50
2180.92
2205.26
2089.08
1946.24
1926.61
1804.53
1696.51
1610.50
1240.50
1103.47
1087.21
1092.61
1471.05
1537.31
1769.42
2150.62
2286.11
2155.25
2149.81
2164.57
2154.27
2173.54
2240.54
2224.11
2251.79
2255.48
1949.92
1530.84
1912.67
1785.94
1681.31
1642.28
1143.10
1136.91
1141.72
1116.30
1490.74
1548.48
1562.27
1776.62
1913.27
2168.67
2162.81
2181.80
2176.91
2175.75
2182.12
2139.06
2138.63
2157.47
2045.52
1943.29
1931.85
1819.07
1637.00
1591.62
1125.26
1080.72
1064.22
1057.19
1306.33
1405.62
1426.19
1535.04
1561.19
1688.13
1740.26
1746.95
1752.26
1684.56
1699.74
1672.74
1638.45
1640.36
1605.71
1596.39
1582.59
1462.96
1472.83
1425.53
1072.80
1149.02
1123.04
1110.64
1294.72
1317.81
1319.22
1429.68
1562.27
1657.01
1665.57
1670.38
1690.48
1606.96
1638.37
1616.10
1595.52
1623.54
1581.19
1516.98
1484.81
1443.87
1420.64
1325.39
1126.06
1053.07
1066.14
1070.03
1461.86
1516.35
1534.05
1722.91
1862.45
2118.69
2109.98
2120.99
2115.87
2130.13
2158.78
2129.40
2153.48
2171.88
2044.43
1910.14
1861.21
1730.74
1595.53
1593.81
1092.06
1081.55
1086.84
1049.03
1463.08
1515.87
1536.89
1768.51
1901.41
2154.29
2155.25
2169.98
2163.13
2183.49
2223.23
2176.65
2169.61
2165.35
2042.16
1935.61
1922.58
1799.15
1659.06
1611.10
1116.26
1146.82
1092.96
1096.07
1487.29
1556.72
1583.72
1788.05
1907.52
2158.17
2185.75
2249.29
2229.81
2260.12
2275.01
2194.87
2194.20
2198.11
2040.37
1942.42
1926.06
1805.38
1643.16
1617.82
1133.10
1112.66
1103.03
1078.46
1463.83
1525.71
1548.86
1770.95
1929.50
2200.67
2210.29
2269.50
2315.67
2252.16
2217.43
2217.21
2277.74
2306.24
2140.38
1985.89
1957.38
1808.18
1687.42
1633.88
1210.07
1171.20
1182.53
1154.98
1532.64
1578.48
1623.35
1805.36
1936.14
2222.57
2274.74
2332.36
2299.89
2288.14
2305.00
2283.74
2284.85
2310.12
2183.00
2036.04
1975.81
1818.15
1686.89
1617.77
1181.32
1123.25
1097.19
1090.11
1349.09
1442.97
1447.64
1535.54
1611.36
1767.00
1823.57
1830.37
1856.54
1786.28
1808.38
1742.18
1694.53
1695.09
1622.58
1623.19
1604.17
1529.12
1509.82
1453.72
1127.85
1221.95
1223.53
1221.41
1455.41
1467.37
1463.81
1536.83
1595.09
1761.75
1763.04
1778.83
1770.59
1698.93
1737.45
1722.12
1688.41
1677.89
1627.71
1636.63
1582.44
1515.02
1511.50
1439.98
1183.92
1113.65
1105.88
1116.43
1527.87
1592.53
1592.75
1773.05
1922.39
2218.98
2290.41
2355.67
2362.13
2371.17
2366.83
2338.18
2303.57
2235.15
2071.70
1978.46
1963.63
1812.88
1624.91
1607.23
1160.22
1150.41
1135.88
1127.81
1522.18
1596.55
1611.35
1791.06
1935.51
2251.07
2334.67
2377.81
2383.74
2433.77
2479.66
2476.56
2514.46
2520.72
2352.59
2119.41
2025.12
1866.58
1712.52
1641.33
1307.08
1281.49
1272.40
1262.04
1599.56
1634.74
1647.23
1800.37
1975.36
2338.59
2412.90
2423.31
2372.25
2399.07
2494.41
2488.71
2376.24
2278.72
2143.16
2021.63
1978.13
1821.51
1703.21
1640.67
1284.17
1254.06
1254.38
1254.64
1605.02
1638.24
1652.14
1823.90
1945.61
2269.57
2361.39
2433.86
2455.23
2482.61
2500.67
2408.81
2334.62
2314.81
2142.85
2003.69
1985.53
1837.48
1703.19
1614.74
1105.38
1065.31
1016.91
1027.41
1424.10
1480.44
1505.31
1725.55
1893.21
2185.59
2156.49
2178.58
2163.47
2188.82
2218.87
2185.91
2196.07
2226.44
2097.49
2002.52
1941.56
1767.50
1620.87
1597.44
1095.49
1054.59
1051.38
1050.40
1287.11
1370.16
1402.18
1541.45
1605.25
1772.49
1796.97
1802.72
1841.85
1803.90
1826.84
1818.08
1805.00
1796.29
1754.74
1706.61
1655.91
1551.41
1530.54
1466.95
1212.90
1262.00
1240.56
1252.56
1458.67
1475.60
1469.60
1547.15
1600.15
1750.44
1768.50
1795.73
1827.89
1747.24
1744.13
1720.28
1707.68
1719.99
1672.54
1623.55
1605.55
1541.08
1528.26
1422.05
1195.32
1236.18
1126.90
1111.66
1505.04
1575.29
1574.15
1782.01
2112.43
2222.84
2231.75
2277.51
2289.95
2365.76
2410.72
2375.92
2409.21
2409.22
2210.82
1896.68
1983.15
1826.85
1704.18
1633.79
1186.03
1152.68
1131.40
1138.87
1521.07
1596.90
1617.31
1818.70
1949.77
2320.15
2411.60
2458.77
2466.59
2521.71
2558.32
2456.07
2364.95
2356.23
2233.40
2096.83
2047.32
1881.72
1752.99
1666.59
1329.50
1304.84
1293.61
1297.06
1598.46
1638.57
1651.70
1816.00
1964.26
2281.01
2350.58
2440.90
2442.23
2475.20
2454.58
2370.64
2388.61
2397.92
2207.94
2059.10
2012.18
1831.83
1713.33
1647.66
1278.45
1260.72
1247.61
1244.21
1606.36
1643.89
1655.34
1822.17
1957.87
2297.77
2334.43
2385.07
2398.39
2407.17
2364.25
2237.76
2325.10
2399.55
2192.10
2034.90
1980.13
1826.37
1713.02
1643.75
1202.36
1159.01
1153.99
1145.94
1543.20
1601.11
1621.12
1802.15
1955.83
2232.04
2270.18
2352.38
2335.13
2408.35
2446.07
2348.29
2309.96
2317.71
2185.69
2055.69
2003.19
1835.59
1720.76
1643.63
1191.10
1140.56
1132.31
1110.60
1349.13
1446.85
1453.01
1553.54
1626.45
1770.73
1794.80
1795.24
1802.60
1739.56
1748.35
1720.77
1692.49
1705.80
1661.06
1664.26
1647.09
1571.95
1544.51
1469.60
1164.67
1178.00
1161.16
1165.54
1386.09
1411.38
1413.08
1525.16
1602.92
1741.13
1736.51
1732.35
1753.30
1693.98
1700.43
1692.08
1691.91
1707.42
1652.21
1645.49
1606.16
1546.58
1546.02
1472.92
1279.32
1196.78
1230.05
1268.63
1607.47
1613.73
1609.77
1801.80
1952.67
2234.26
2274.42
2285.47
2281.92
2354.05
2387.08
2330.43
2329.71
2346.28
2225.64
2093.84
2048.79
1883.27
1754.25
1673.17
1359.48
1330.06
1292.80
1263.34
1603.60
1636.23
1645.12
1820.62
1946.47
2229.61
2311.95
2392.34
2410.84
2446.10
2442.07
2391.03
2393.57
2415.84
2271.29
2128.12
2040.59
1840.16
1714.55
1642.76
1268.97
1237.37
1189.98
1159.95
1520.40
1555.57
1591.10
1764.24
1923.66
2192.76
2206.35
2211.57
2163.09
2168.92
2190.25
2156.20
2158.50
2180.04
2032.53
1928.08
1904.86
1766.33
1606.85
1626.58
1136.15
1120.61
1117.84
1116.07
1488.84
1571.42
1590.96
1745.23
1904.82
2153.77
2120.34
2167.17
2031.91
2145.37
2163.54
2149.75
2156.80
2179.59
1993.22
1883.01
1837.83
1719.65
1622.83
1628.14
1136.23
1117.98
1093.90
1100.89
1460.77
1535.55
1565.93
1766.91
1920.45
2186.03
2151.95
2161.87
2155.98
2163.20
2187.87
2153.83
2170.01
2189.20
2061.95
1979.85
1951.95
1804.08
1650.01
1619.52
1143.48
1108.13
1105.99
1081.70
1339.13
1458.72
1470.96
1563.21
1624.06
1747.78
1803.01
1804.03
1824.06
1798.62
1832.49
1817.87
1818.32
1812.07
1770.18
1723.21
1657.31
1561.88
1526.74
1469.18
1402.94
1426.76
1283.56
1268.27
1447.34
1471.48
1469.32
1699.79
1592.65
1719.10
1746.21
1780.91
1798.60
1731.16
1594.25
1746.34
1747.01
1738.05
1744.65
1558.71
1653.40
1575.15
1559.39
1485.38
1339.33
1268.10
1251.34
1239.42
1598.99
1636.66
1648.75
1795.99
1954.53
2264.12
2335.24
2426.83
2435.71
2535.59
2545.58
2465.23
2441.48
2395.41
2279.44
2134.66
2048.37
1871.20
1739.38
1669.37
1356.03
1495.53
1559.99
1543.48
1596.30
1786.83
1810.65
1800.68
1978.43
2341.52
2447.23
2506.69
2464.98
2499.72
2612.53
2633.72
2636.41
2636.41
2541.38
2343.63
2169.13
1943.97
1767.74
1683.20
1356.41
1347.24
1345.20
1564.56
1626.55
1659.41
1847.19
1853.53
2028.78
2474.04
2538.88
2616.76
2636.41
2636.41
2636.41
2636.41
2636.41
2636.41
2495.22
2269.80
2189.47
1989.46
1810.80
1709.06
1368.18
1355.30
1353.49
1349.75
1627.81
1667.13
1687.02
1888.76
2073.42
2497.13
2567.79
2630.27
2632.95
2598.20
2564.32
2528.98
2540.08
2599.21
2489.58
2247.03
2147.10
1960.49
1796.71
1711.80
1375.66
1362.12
1357.89
1341.00
1600.92
1633.76
1644.65
1860.87
2042.34
2477.66
2534.84
2602.29
2619.18
2549.53
2444.69
2344.92
2378.79
2359.57
2183.23
2036.72
2014.89
1874.46
1746.39
1677.47
1330.69
1314.32
1305.89
1277.99
1463.13
1499.92
1502.30
1555.24
1679.45
1839.41
1878.67
1957.86
2031.47
1941.15
1941.85
1881.96
1829.85
1791.20
1735.34
1727.38
1701.33
1568.69
1534.12
1483.76
1270.95
1338.48
1310.27
1301.05
1474.69
1474.63
1472.92
1531.59
1646.03
1813.42
1819.67
1897.26
1969.38
1884.37
1824.38
1807.86
1824.19
1812.09
1801.10
1762.36
1707.79
1579.85
1571.52
1477.23
1352.53
1307.13
1302.35
1302.42
1609.09
1643.44
1655.93
1875.30
1957.71
2370.48
2484.04
2551.29
2585.59
2639.39
2733.48
2652.02
2626.75
2605.06
2496.64
2295.09
2208.43
1931.73
1860.24
1767.76
1416.39
1359.17
1358.92
1356.42
1632.86
1639.53
1651.63
1873.62
1927.51
2300.26
2344.16
2366.30
2395.07
2451.51
2520.67
2504.27
2549.30
2531.54
2344.14
2104.88
2046.58
1827.27
1801.13
1712.56
1382.73
1318.04
1303.67
1308.41
1615.30
1654.73
1655.40
1869.53
1889.56
2202.20
2253.57
2333.87
2361.71
2395.28
2411.45
2332.65
2319.46
2392.12
2333.94
2114.99
2009.23
1787.37
1756.89
1698.19
1312.91
1304.68
1298.12
1243.64
1604.86
1641.30
1639.87
1855.03
1903.92
2253.80
2315.77
2347.99
2355.15
2322.05
2323.42
2329.34
2411.24
2440.77
2347.57
2132.88
2067.22
1828.50
1789.31
1714.59
1397.67
1298.53
1276.96
1258.90
1612.16
1638.52
1638.23
1864.61
1909.81
2290.61
2358.36
2401.97
2461.25
2565.46
2660.40
2632.25
2629.66
2548.74
2343.36
2134.01
2083.66
1845.02
1798.61
1736.76
1396.77
1318.17
1310.11
1279.83
1470.07
1498.51
1504.60
1555.13
1685.81
1859.72
1918.77
1955.15
1936.53
1820.09
1837.81
1879.47
1966.50
1894.35
1810.32
1732.39
1676.35
1531.88
1530.32
1480.72
1255.31
1322.52
1296.49
1257.43
1455.47
1473.05
1481.13
1529.21
1646.90
1821.33
1832.34
1913.65
1983.43
1954.99
2013.89
2041.27
2017.69
1981.79
1983.54
1904.62
1808.45
1639.75
1582.76
1495.06
1349.32
1293.58
1338.18
1412.94
1608.70
1641.51
1626.55
2015.54
1903.11
2227.14
2300.28
2345.69
2388.54
2477.36
2571.77
2566.64
2598.61
2633.40
2565.35
2290.72
2160.98
1884.61
1825.43
1737.33
1473.75
1576.62
1544.32
1529.94
1783.61
1646.28
1667.89
1934.73
2022.67
2460.42
2558.94
2663.84
2714.29
2778.13
2778.13
2759.97
2778.13
2771.03
2629.29
2353.29
2240.30
1962.52
1885.67
1783.58
1425.10
1368.74
1368.00
1421.15
1650.58
1697.29
1813.15
1973.76
2092.92
2574.93
2635.79
2656.12
2675.10
2709.70
2543.38
2426.60
2466.72
2481.41
2414.31
2194.71
2132.50
1881.86
1821.12
1733.91
1417.74
1366.59
1360.58
1427.13
1636.88
1671.59
1681.14
1901.63
1963.73
2366.82
2447.66
2555.20
2662.25
2745.64
2778.13
2725.85
2624.74
2603.68
2487.61
2177.95
2067.77
1850.90
1812.13
1735.49
1416.99
1367.05
1367.94
1369.32
1653.06
1685.68
1699.02
1967.44
2055.41
2483.41
2552.07
2578.33
2537.88
2419.52
2390.87
2325.53
2391.11
2450.94
2385.14
2176.68
2125.95
1882.77
1831.33
1741.67
1419.98
1350.62
1351.39
1353.78
1501.40
1533.45
1529.03
1603.33
1759.27
1994.16
2105.10
2215.79
2272.35
2152.97
1986.87
1877.34
1868.70
1828.73
1769.84
1725.39
1690.63
1565.97
1562.79
1507.00
1385.34
1382.25
1383.19
1583.65
1634.25
1651.82
1653.54
1553.05
1697.68
1870.72
1837.19
1910.75
2044.78
2033.99
2134.98
2171.45
2190.52
2175.72
2080.30
1956.92
1846.64
1679.17
1625.91
1528.62
1399.19
1380.88
1376.75
1379.62
1658.47
1695.44
1711.26
1979.31
2102.21
2591.93
2669.03
2705.53
2756.92
2739.08
2724.73
2701.27
2672.36
2709.73
2681.36
2432.81
2276.31
1969.68
1892.64
1798.85
1429.88
1366.77
1606.38
1601.18
1644.35
1678.63
1780.53
1937.85
2040.17
2537.55
2604.79
2667.68
2728.90
2778.13
2778.13
2778.13
2778.13
2778.13
2778.13
2508.58
2334.87
2038.39
1972.31
1861.23
1483.63
1414.66
1465.60
1702.47
1873.00
1918.19
1961.83
2033.51
2135.74
2615.54
2657.22
2711.81
2778.13
2778.13
2778.13
2778.13
2778.13
2778.13
2778.13
2533.40
2357.45
2058.51
1993.69
1882.65
1500.90
1411.97
1401.28
1392.32
1669.50
1709.96
1729.41
1995.06
2125.15
2583.05
2587.60
2629.47
2626.04
2681.35
2609.01
2394.56
2405.43
2394.92
2151.40
2008.28
1998.56
1788.06
1758.08
1697.48
1358.79
1300.52
1278.68
1269.92
1613.23
1640.88
1651.62
1870.72
1916.38
2291.65
2332.63
2388.59
2452.73
2528.88
2570.23
2538.89
2572.88
2554.48
2424.44
2211.15
2139.57
1878.92
1802.21
1720.84
1383.85
1314.34
1315.02
1316.03
1469.86
1510.15
1498.50
1562.38
1701.02
1847.33
1908.70
1940.85
1982.90
1913.84
1912.54
1848.96
1809.19
1794.47
1745.25
1728.78
1691.21
1553.99
1534.49
1477.84
1516.75
1558.51
1331.54
1322.28
1627.34
1640.76
1599.92
1536.54
1642.99
1809.10
1824.87
1898.90
1960.23
1912.13
1951.40
1978.57
1986.53
1952.31
2006.40
1900.10
1782.09
1620.51
1589.90
1502.41
1381.54
1360.70
1364.33
1580.42
1643.71
1679.13
1687.41
1934.13
2012.14
2434.65
2496.78
2576.47
2645.18
2729.80
2778.13
2750.31
2662.30
2573.61
2413.48
2181.41
2115.27
1871.06
1825.29
1742.47
1420.52
1370.91
1372.17
1412.16
1657.38
1687.68
1870.52
1920.33
2008.01
2412.00
2425.21
2501.31
2479.72
2444.75
2408.97
2356.62
2372.08
2318.72
2228.28
1935.59
2046.05
1832.85
1807.79
1734.71
1414.32
1363.26
1365.32
1366.09
1646.42
1683.53
1692.76
1940.67
2004.40
2382.82
2456.75
2561.21
2633.46
2702.24
2767.07
2672.78
2625.17
2570.98
2433.28
2206.12
2142.13
1899.67
1843.78
1756.28
1421.49
1366.64
1365.77
1366.59
1651.59
1688.19
1700.20
1928.31
1992.54
2391.52
2432.63
2460.00
2399.92
2453.70
2522.25
2467.32
2475.91
2419.41
2311.43
2133.76
2081.66
1848.68
1812.39
1744.67
1423.11
1370.44
1369.62
1369.75
1653.55
1691.01
1706.30
1953.95
2023.97
2397.08
2428.33
2501.18
2526.26
2585.00
2667.42
2626.19
2645.28
2683.71
2556.15
2274.36
2164.65
1879.24
1823.76
1747.11
1412.53
1338.15
1332.18
1508.48
1456.83
1488.46
1490.16
1541.64
1660.64
1855.35
1923.81
2034.68
2130.81
2120.70
2142.47
2063.83
1993.33
1958.15
1997.28
1838.66
1760.95
1621.04
1597.12
1517.84
1336.56
1375.68
1474.52
1599.18
1474.12
1644.38
1569.30
1530.90
1674.02
1881.12
1915.14
1986.71
2037.70
2032.81
2068.17
2135.24
2067.72
1894.07
1807.53
1741.70
1712.39
1611.06
1605.21
1533.86
1404.96
1377.27
1369.60
1367.06
1647.34
1698.82
1713.90
1956.30
2039.70
2456.36
2488.29
2502.38
2529.36
2607.51
2673.80
2609.25
2570.83
2528.97
2483.21
2192.15
2076.82
1831.47
1803.23
1711.31
1771.21
1459.92
1460.07
1460.13
1630.74
1697.03
1709.96
1933.38
2009.36
2349.46
2399.56
2495.91
2524.05
2528.76
2550.61
2425.78
2387.99
2420.25
2409.06
2199.65
2135.04
1887.02
1863.04
1758.03
1540.09
1468.05
1470.87
1474.94
1647.92
1722.39
1738.34
1981.39
2071.91
2448.13
2509.59
2575.80
2588.22
2653.89
2719.42
2627.60
2648.33
2666.87
2629.07
2287.09
2184.99
1907.64
1862.97
1774.37
1568.93
1496.69
1497.01
1497.11
1650.73
1705.50
1742.24
1997.97
2068.66
2419.25
2513.05
2623.67
2686.06
2799.39
2893.31
2794.55
2805.77
2850.95
2761.95
2440.65
2280.32
1988.20
1921.41
1808.56
1582.23
1526.59
1530.77
1529.14
1694.75
1763.02
1770.16
2032.21
2096.00
2486.50
2569.24
2677.70
2761.18
2728.71
2586.68
2453.06
2501.00
2524.56
2478.21
2233.35
2163.34
1908.44
1867.38
1785.50
1589.41
1483.55
1483.62
1480.11
1619.55
1657.90
1659.04
1704.81
1804.09
1982.57
2107.34
2184.36
2235.19
2141.71
2177.69
2154.86
2055.48
2031.40
2058.10
1937.04
1894.81
1768.84
1725.57
1676.41
1488.03
1490.40
1483.50
1484.33
1622.10
1654.97
1653.59
1704.13
1822.66
2055.74
2110.27
2204.29
2373.60
2281.25
2259.22
2334.23
2353.60
2287.64
2217.08
2076.50
2007.81
1849.34
1797.24
1686.44
1541.70
1520.66
1520.91
1517.91
1684.35
1752.08
1775.61
2024.12
2066.76
2409.45
2460.26
2542.20
2577.75
2613.66
2662.37
2616.54
2632.16
2613.81
2559.24
2262.63
2200.24
1947.77
1903.45
1791.65
1555.29
1477.07
1477.78
1480.80
1651.84
1714.79
1730.86
1959.62
1999.30
2346.70
2435.22
2565.01
2589.96
2579.58
2552.14
2450.02
2488.43
2511.91
2433.60
2234.05
2186.66
1929.35
1884.20
1755.73
1555.65
1486.91
1487.36
1485.85
1655.35
1719.85
1735.10
1964.87
2041.26
2397.19
2504.53
2612.21
2670.66
2780.09
2876.95
2851.92
2887.89
2840.56
2686.92
2307.93
2204.11
1942.74
1901.44
1803.79
1594.28
1517.07
1515.24
1514.74
1685.78
1753.16
1770.53
2008.02
2050.82
2379.16
2414.70
2474.50
2542.34
2644.05
2750.12
2664.01
2638.18
2554.97
2440.94
2211.17
2150.45
1915.67
1884.48
1791.15
1589.99
1517.08
1517.13
1516.84
1675.96
1718.08
1733.36
1953.26
1999.60
2367.97
2423.78
2469.15
2466.73
2452.53
2455.45
2386.35
2407.60
2440.25
2455.01
2240.53
2168.89
1921.40
1891.55
1788.73
1595.69
1484.74
1584.25
1706.55
1648.07
1694.61
1695.95
1747.65
1829.49
2006.04
2131.15
2180.00
2245.01
2217.56
2108.79
2052.27
2023.89
2063.83
2087.83
2006.59
1940.57
1777.30
1737.68
1688.96
1491.85
1510.39
1478.47
1488.22
1621.34
1644.41
1645.90
1697.77
1793.58
1967.15
2010.70
2115.01
2231.17
2105.18
2061.88
2077.31
2113.82
2132.36
2095.61
1986.72
1919.69
1765.16
1745.69
1630.51
1498.35
1474.15
1475.99
1479.93
1655.37
1721.87
1734.08
1967.49
2008.03
2323.49
2425.54
2522.28
2595.93
2721.96
2863.22
2835.00
2848.51
2819.76
2690.27
2400.80
2275.05
1979.99
1918.86
1789.99
1587.51
1484.14
1469.06
1469.55
1655.39
1735.74
1750.40
2014.62
2080.28
2484.35
2586.94
2675.45
2697.04
2752.25
2861.14
2826.64
2841.64
2840.45
2733.60
2460.27
2338.52
2020.96
1955.53
1810.76
1596.93
1490.94
1473.93
1483.73
1668.81
1736.11
1730.62
1971.11
1995.19
2284.56
2373.91
2413.79
2431.12
2544.68
2697.79
2597.30
2555.95
2585.07
2546.17
2314.80
2215.04
1938.96
1910.80
1802.23
1597.37
1512.48
1506.91
1489.37
1654.30
1709.59
1725.50
1971.53
2062.13
2429.52
2502.97
2552.31
2584.52
2695.83
2768.30
2614.97
2548.24
2554.05
2515.55
2295.81
2213.69
1955.98
1914.33
1791.01
1591.07
1485.43
1489.29
1505.97
1650.68
1725.28
1718.54
1955.73
1988.90
2268.79
2317.65
2422.75
2483.66
2582.83
2723.09
2727.42
2806.45
2848.80
2784.89
2441.97
2312.53
2015.60
1945.85
1816.50
1601.80
1474.26
1473.60
1473.93
1639.60
1687.47
1689.26
1771.21
1873.98
2114.01
2268.28
2336.78
2398.60
2371.95
2413.57
2372.87
2276.30
2201.96
2171.58
2107.20
2052.38
1907.38
1833.17
1739.39
1509.90
1512.71
1513.76
1512.69
1646.06
1673.21
1673.44
1763.46
1897.88
2100.64
2117.72
2251.54
2417.49
2422.88
2459.40
2431.68
2411.06
2410.56
2263.45
2106.87
2043.97
1876.09
1848.80
1694.19
1541.47
1599.25
1596.88
1561.04
1733.65
1804.17
1818.03
2108.83
2252.49
2654.18
2713.85
2787.80
2823.66
2877.38
2940.07
2798.81
2744.49
2744.45
2661.25
2378.34
2268.76
2047.96
1966.98
1848.76
1637.93
1535.62
1523.40
1516.07
1736.31
1799.85
1804.50
2069.68
2199.55
2573.49
2660.73
2765.95
2745.66
2782.09
2884.05
2803.02
2803.57
2827.43
2739.70
2496.06
2396.49
2151.98
1998.04
1885.84
1647.69
1564.79
1571.72
1586.36
1758.02
1825.57
1854.98
2138.17
2264.74
2689.99
2745.46
2777.20
2855.46
2935.79
2981.91
2880.09
2827.05
2805.79
2736.17
2485.14
2367.41
2128.93
1999.61
1876.11
1634.22
1531.97
1689.55
1673.32
1899.03
1823.57
1985.40
2050.80
2200.57
2559.07
2635.52
2654.89
2709.68
2854.71
2996.96
2926.24
2851.89
2807.91
2730.61
2512.36
2387.53
2131.88
2002.00
1881.62
1673.39
1700.62
1831.14
1810.24
1761.35
1831.54
1851.69
2124.58
2289.93
2769.99
2872.26
2973.24
2996.96
2996.96
2996.96
2996.96
2996.96
2996.96
2971.26
2734.14
2580.07
2270.20
2104.39
1963.39
1717.63
1528.80
1521.29
1515.35
1649.89
1680.77
1680.89
1744.96
1839.70
1940.15
2025.16
2070.55
2090.70
2108.08
2137.97
2127.04
2098.86
2166.53
2158.07
2087.58
2040.77
1812.57
1759.73
1677.21
1457.47
1467.51
1450.40
1434.34
1630.53
1626.02
1617.39
1867.55
1820.17
1900.72
1903.35
1924.27
2002.93
2003.71
2024.67
2033.17
2041.70
2127.41
2103.80
2040.73
2003.64
1784.47
1753.59
1657.19
1532.35
1463.68
1445.43
1437.42
1922.53
1767.49
1962.25
2225.34
2226.02
2633.77
2733.88
2835.23
2898.12
2996.81
2996.96
2996.96
2996.96
2996.96
2988.94
2668.54
2478.82
2184.97
2047.31
1914.59
1688.18
1601.28
1599.84
1597.69
1763.05
1829.11
1846.66
2136.61
2298.80
2743.57
2838.93
2926.28
2899.49
2894.52
2933.00
2858.38
2860.67
2836.31
2732.51
2497.01
2392.63
2142.82
2008.57
1869.10
1641.71
1552.04
1537.16
1518.23
1739.58
1782.48
1786.90
2067.35
2183.80
2518.91
2608.09
2703.13
2707.64
2743.42
2826.63
2770.88
2859.44
2921.32
2826.37
2548.97
2418.05
2162.71
2013.71
1880.28
1671.22
1782.77
1755.33
1855.88
1902.10
1802.28
1818.33
2257.87
2214.29
2606.50
2707.76
2782.79
2852.30
2964.48
2996.96
2996.96
2996.96
2996.96
2954.16
2662.47
2492.83
2235.03
2067.31
1926.75
1699.45
1648.86
1726.40
1727.16
1791.60
1760.87
1772.97
2041.96
2312.54
2797.21
2883.31
3068.59
3201.19
3201.19
3201.19
3201.19
3201.19
3201.19
3112.98
2928.35
2699.98
2469.17
2025.06
1881.56
1601.50
1364.18
1357.72
1358.00
1506.93
1602.68
1610.91
1717.57
1888.65
2190.63
2322.27
2483.64
2579.69
2629.54
2669.11
2659.47
2583.25
2507.94
2483.42
2428.65
2248.00
1985.96
1789.72
1678.28
1398.85
1411.91
1406.53
1403.62
1523.84
1589.41
1587.63
1657.82
1775.62
1978.78
1957.36
2083.12
2213.22
2239.29
2283.67
2263.53
2193.94
2222.78
2236.35
2209.08
2101.43
1893.13
1722.95
1595.94
1408.98
1503.86
1575.95
1422.99
1631.69
1888.75
1893.64
1944.60
2204.42
2620.54
2692.52
2869.74
2892.77
2884.48
2935.51
2904.21
2930.11
2954.24
2825.21
2689.91
2544.72
2365.40
1975.27
1853.66
1594.20
1527.66
1529.79
1530.00
1675.78
1781.97
1796.97
2040.40
2362.02
2906.62
3012.72
3171.10
3201.19
3201.19
3201.19
3138.97
3107.31
3094.42
2972.04
2807.81
2633.16
2422.69
1999.19
1853.47
1592.27
1524.03
1518.54
1499.92
1628.32
1720.97
1740.29
1955.19
2237.36
2662.83
2703.64
2845.15
2952.16
3062.90
3042.87
2875.43
2858.91
2852.74
2712.70
2585.23
2437.19
2272.43
1910.44
1772.93
1512.34
1457.29
1466.92
1461.91
1629.83
1731.24
1745.14
1956.45
2234.04
2642.56
2710.66
2862.58
2952.13
3072.14
3170.80
3124.39
3136.91
3096.28
2947.44
2776.86
2583.83
2363.90
1942.54
1809.29
1543.90
1420.19
1370.84
1350.23
1604.19
1699.95
1685.63
1922.89
2198.76
2556.55
2592.01
2716.01
2814.25
2893.42
2896.40
2757.56
2720.54
2703.12
2592.59
2504.11
2381.00
2208.22
1862.51
1762.91
1395.35
1154.36
1150.06
1138.58
1402.17
1514.74
1516.00
1610.94
1758.20
1940.12
1983.99
2103.38
2166.96
2195.71
2247.11
2237.61
2203.74
2246.68
2227.23
2181.39
2064.30
1855.20
1691.22
1595.12
1300.41
1323.18
1306.88
1305.05
1474.21
1529.53
1530.69
1597.58
1731.33
1906.90
1940.45
2040.40
2135.38
2157.16
2207.94
2238.33
2225.07
2246.79
2226.19
2167.54
2043.34
1844.97
1694.67
1582.71
1370.77
1449.05
1428.65
1419.39
1630.40
1724.87
1713.80
1932.38
2201.02
2557.15
2627.52
2772.51
2833.24
2887.36
2944.55
2834.27
2818.62
2837.30
2691.35
2513.47
2378.26
2205.35
1842.66
1747.41
1554.91
1332.42
1450.30
1309.84
1547.96
1663.97
1677.21
1914.77
2363.71
2549.78
2553.02
2659.48
2743.67
2815.35
2883.71
2811.91
2832.75
2838.61
2546.50
2418.35
2384.10
2206.04
1848.58
1742.79
1372.21
1310.99
1307.95
1297.53
1535.59
1650.51
1677.77
1914.25
2195.18
2546.50
2559.66
2676.54
2777.76
2855.57
2943.86
2896.47
2917.87
2919.52
2772.93
2618.46
2440.78
2261.22
1876.22
1769.34
1485.62
1413.89
1412.31
1409.45
1635.91
1733.01
1747.11
1943.87
2207.45
2649.30
2727.48
2878.29
2950.57
3032.66
3136.70
3090.97
3125.12
3125.84
2953.71
2735.97
2520.30
2305.23
1917.61
1800.47
1533.90
1453.44
1446.21
1439.44
1620.01
1719.56
1733.71
1942.83
2207.79
2645.74
2710.34
2885.53
2984.71
3085.96
3170.01
3096.62
3064.26
2998.16
2839.14
2706.63
2528.45
2317.71
1940.98
1822.35
1575.89
1344.91
1343.30
1340.72
1459.43
1540.26
1543.34
1636.51
1787.62
1973.59
2022.42
2189.98
2288.40
2309.57
2347.96
2299.43
2228.97
2259.90
2264.05
2213.28
2082.87
1852.06
1683.81
1583.70
1353.38
1375.59
1375.54
1375.96
1492.47
1562.82
1564.15
1644.00
1764.85
1938.30
1943.28
2086.81
2213.29
2226.26
2196.30
2165.63
2173.69
2266.09
2286.34
2194.35
2055.82
1853.43
1693.40
1578.27
1383.05
1437.11
1368.38
1333.21
1597.91
1699.53
1703.67
1905.88
2193.73
2549.98
2600.84
2746.97
2823.93
2873.91
2871.80
2773.96
2816.04
2828.75
2692.62
2584.43
2434.54
2249.00
1873.38
1770.79
1441.23
1388.30
1393.98
1385.67
1620.24
1707.15
1697.40
1911.68
2196.36
2555.12
2640.86
2795.96
2873.43
2944.24
3047.67
3015.39
3007.46
2981.39
2808.83
2655.45
2493.38
2300.14
1924.27
1798.54
1517.68
1433.62
1408.76
1423.48
1620.89
1719.29
1738.35
1941.66
2223.80
2659.15
2704.56
2839.63
2923.85
3015.43
3108.58
3014.06
3031.92
3035.38
2860.87
2689.02
2508.65
2303.25
1918.20
1796.65
1508.39
1405.90
1356.72
1350.07
1592.32
1675.83
1676.71
1915.77
2199.41
2545.37
2578.38
2746.62
2812.40
2862.93
2887.09
2783.32
2785.92
2772.45
2637.88
2545.46
2385.26
2203.13
1832.94
1753.82
1350.30
1281.45
1261.45
1256.64
1494.98
1636.70
1659.56
1886.26
2189.99
2558.56
2551.07
2658.76
2716.15
2806.07
2885.82
2825.22
2841.36
2842.82
2693.60
2560.55
2389.41
2199.00
1847.18
1744.51
1378.80
1152.46
1143.62
1126.56
1382.09
1510.59
1516.94
1614.68
1755.42
1939.68
1965.83
2074.09
2116.85
2136.08
2154.72
2118.37
2080.81
2163.97
2154.53
2112.64
2016.18
1815.02
1641.88
1555.32
1273.48
1320.40
1320.03
1312.29
1471.09
1538.62
1541.91
1614.23
1731.72
1941.04
1944.63
2053.01
2169.66
2199.19
2239.60
2264.74
2253.20
2299.12
2271.05
2174.23
2046.21
1848.21
1694.13
1580.00
1394.33
1689.34
1647.83
1698.83
1783.16
1877.27
1712.76
1911.61
2189.13
2546.01
2597.31
2744.80
2815.93
2886.62
2910.70
2842.08
2864.60
2908.16
2737.49
2441.78
2433.53
2228.77
1871.12
1771.79
1422.44
1293.10
1252.68
1251.29
1501.21
1641.65
1659.40
1885.50
2183.52
2550.34
2556.80
2712.27
2854.96
2952.24
3043.00
3020.05
3009.32
2994.86
2848.22
2696.16
2531.92
2321.29
1929.40
1802.54
1569.65
1505.32
1503.75
1502.83
1632.50
1667.79
1670.40
1914.38
2190.26
2544.31
2546.32
2669.83
2700.02
2735.59
2832.30
2784.11
2776.08
2738.45
2586.93
2506.10
2386.55
2227.07
1826.72
1736.77
1351.40
1281.94
1282.03
1258.68
1514.26
1657.09
1674.17
1903.89
2175.48
2564.47
2550.36
2638.27
2699.27
2798.35
2911.27
2848.37
2827.87
2817.35
2662.97
2528.24
2393.63
2200.65
1848.44
1751.47
1376.93
1286.78
1275.45
1269.99
1507.55
1622.41
1662.76
1924.58
2207.36
2609.48
2644.97
2780.50
2851.39
2916.67
3035.29
3018.31
3022.92
3002.22
2839.92
2676.37
2505.08
2307.47
1926.20
1801.99
1528.63
1272.34
1259.37
1239.28
1451.47
1509.73
1509.79
1603.96
1736.80
1920.50
1961.54
2039.25
2067.92
2061.89
2108.71
2101.38
2081.88
2170.96
2127.05
2076.48
1984.30
1747.93
1598.46
1525.78
1137.40
1213.64
1209.07
1186.82
1382.40
1429.66
1431.73
1537.34
1717.79
1791.27
1774.13
1794.35
1790.68
1791.25
1794.29
1799.96
1799.90
1880.88
1848.69
1843.94
1810.24
1588.89
1570.54
1419.08
1208.30
1313.66
1441.32
1429.64
1806.91
1853.26
1869.18
2025.69
2255.87
2553.95
2543.07
2551.38
2545.15
2579.75
2608.24
2555.12
2571.78
2590.01
2485.84
2452.06
2355.70
2202.04
1958.77
1937.76
1394.79
1331.28
1457.70
1440.99
1837.22
1887.05
1900.20
2044.73
2279.88
2581.85
2566.08
2552.29
2554.18
2586.21
2618.48
2565.56
2577.63
2587.65
2479.69
2442.53
2383.05
2242.17
2003.03
1943.60
1412.96
1336.04
1467.85
1456.80
1821.24
1862.46
1867.24
2021.61
2364.44
2596.99
2562.75
2559.59
2560.76
2600.88
2609.18
2543.66
2612.84
2628.62
2526.44
2429.92
2369.40
2246.42
2032.05
1931.00
1464.63
1374.78
1457.90
1436.79
1832.67
1885.31
1915.14
2098.23
2313.12
2593.93
2561.69
2551.40
2555.43
2598.65
2628.62
2576.32
2591.19
2598.16
2480.23
2435.04
2385.29
2244.67
1984.83
1932.07
1386.42
1324.28
1460.80
1453.27
1839.97
1876.49
1870.27
2020.73
2278.27
2591.54
2561.51
2558.27
2561.13
2591.85
2618.37
2560.59
2573.92
2590.01
2485.60
2442.67
2356.83
2199.59
1954.24
1937.45
1388.42
1121.96
1122.00
1121.12
1353.60
1454.46
1469.09
1563.54
1711.38
1837.58
1860.06
1859.70
1859.23
1881.40
1907.53
1896.99
1875.35
1956.78
1923.43
1879.43
1850.09
1632.63
1614.24
1533.84
1210.33
1243.54
1248.07
1252.49
1466.13
1496.16
1486.42
1608.57
1731.92
1814.93
1803.05
1830.89
1853.46
1863.27
1879.21
1881.96
1876.85
1951.19
1920.20
1885.23
1823.59
1615.36
1608.77
1516.70
1531.79
1410.94
1934.45
1921.60
1875.48
1896.50
1907.60
2263.63
2318.55
2578.90
2571.40
2613.28
2628.62
2628.62
2628.62
2628.62
2628.62
2626.04
2483.47
2411.51
2316.55
2161.87
1925.23
1906.53
1378.25
1320.29
1428.44
1423.58
1775.54
1815.72
1827.59
1974.93
2201.42
2479.95
2466.76
2461.17
2458.21
2502.12
2519.33
2449.20
2455.83
2492.35
2395.97
2335.14
2266.18
2122.48
1897.29
1905.85
1394.23
1337.72
1415.42
1412.68
1733.03
1775.09
1789.14
1948.46
2210.30
2507.04
2511.67
2522.21
2532.87
2628.62
2604.22
2547.37
2628.62
2628.62
2457.84
2388.04
2298.72
2160.14
1933.32
2100.04
1371.34
1311.12
1442.25
1423.43
1787.05
1833.49
2069.43
2009.54
2628.62
2628.62
2628.62
2546.15
2546.94
2581.42
2612.70
2409.86
2570.67
2580.77
2061.66
2031.27
2379.23
2241.61
1994.29
1943.71
1388.62
1325.30
1451.07
1433.53
1811.61
1853.54
1867.73
2040.04
2481.02
2628.62
2555.58
2545.77
2561.64
2628.62
2628.62
2628.62
2628.62
2628.62
2499.36
2431.32
2384.13
2248.38
2012.08
1945.00
1425.75
1171.00
1166.28
1136.20
1370.71
1476.51
1487.68
1593.45
1725.69
1848.40
1852.84
1878.45
1894.23
1891.53
1907.23
1879.25
1845.88
1933.75
1905.89
1877.33
1854.01
1647.48
1634.05
1547.95
1203.31
1237.91
1214.83
1192.56
1370.30
1387.72
1386.97
1482.61
1686.48
1780.41
1778.68
1793.44
1816.82
1818.29
1825.70
1822.93
1822.32
1956.72
1866.00
1868.63
1824.08
1598.04
1574.12
1415.76
1210.12
1312.69
1442.93
1427.52
1798.20
2048.95
2073.96
2018.77
2628.62
2628.62
2548.15
2600.45
2609.87
2628.62
2628.62
2628.62
2628.62
2628.62
2537.19
2447.73
2365.66
2218.91
1999.80
1935.43
1464.83
1409.99
1806.14
1923.12
2032.74
1903.19
1908.70
2103.33
2309.12
2572.15
2545.62
2586.45
2628.62
2628.62
2628.62
2628.62
2628.62
2628.62
2524.68
2435.53
2368.96
2225.52
2004.71
1934.72
1463.59
1396.82
1518.26
1507.95
1860.95
1886.46
1892.40
2097.87
2314.45
2584.54
2554.37
2539.37
2540.28
2567.06
2588.90
2536.79
2561.10
2589.72
2491.34
2418.04
2334.24
2186.99
1943.35
1930.67
1370.39
1311.81
1445.80
1428.62
1799.11
1844.44
1863.66
2013.31
2262.49
2578.08
2562.77
2554.67
2549.06
2576.50
2604.38
2549.57
2560.78
2581.00
2485.32
2431.82
2340.02
2191.60
1955.34
1933.50
1387.82
1267.11
1410.53
1382.39
1611.16
1633.86
1643.45
1795.32
2029.19
2349.04
2331.79
2333.27
2333.83
2360.15
2390.44
2322.49
2342.72
2383.60
2270.24
2140.82
2076.90
1968.28
1742.17
1746.41
1341.96
1130.49
1113.37
1113.54
1335.19
1424.89
1441.37
1518.56
1646.58
1737.31
1762.96
1775.46
1783.12
1777.52
1784.68
1763.32
1741.63
1814.93
1779.52
1762.28
1733.10
1553.26
1544.63
1459.26
1123.52
1175.09
1168.32
1166.07
1343.77
1364.56
1366.78
1456.51
1657.21
1736.69
1745.00
1760.18
1774.13
1760.03
1767.73
1767.54
1768.42
1843.88
1802.81
1800.45
1776.43
1620.15
1618.37
1482.03
1252.95
1311.55
1431.35
1414.88
1662.02
1702.25
1692.86
1826.65
2049.38
2364.36
2374.25
2379.87
2378.29
2395.46
2414.48
2310.27
2315.70
2349.79
2238.15
2123.69
2064.48
1952.39
1729.75
1717.57
1335.65
1274.61
1336.43
1337.93
1552.14
1606.87
1621.21
1787.40
2022.25
2350.36
2355.83
2362.40
2360.60
2394.71
2582.12
2340.40
2340.21
2368.71
2250.97
2126.72
2062.61
1948.24
1720.85
1703.91
1336.48
1273.99
1341.61
1347.11
1560.45
1614.91
1637.92
1811.49
2419.71
2628.62
2628.62
2564.48
2390.56
2414.45
2158.88
2365.54
2229.56
2330.12
1890.96
1803.77
2111.95
2006.58
1811.00
1775.02
1385.36
1384.18
1470.10
1454.76
2071.25
1903.32
1909.03
2116.41
2492.44
2592.50
2557.50
2546.54
2556.59
2628.62
2628.62
2628.62
2628.62
2628.62
2489.54
2443.74
2329.06
2176.20
1943.74
1958.52
1374.85
1315.37
1422.21
1424.14
1777.89
1823.98
1835.07
1981.83
2210.78
2488.59
2470.10
2461.73
2449.20
2484.21
2509.27
2445.89
2449.18
2489.32
2390.83
2340.21
2271.38
2132.73
1908.30
1914.31
1400.56
1151.94
1152.73
1152.68
1340.34
1412.33
1420.88
1504.47
1643.04
1748.50
1776.82
1786.25
1797.83
1809.13
1825.59
1805.31
1780.15
1857.02
1822.91
1839.22
1802.42
1574.08
1569.40
1498.46
1195.86
1229.36
1228.34
1227.86
1368.71
1403.71
1411.20
1544.23
1729.98
1809.05
1845.22
1851.66
1873.36
1861.76
1868.64
1867.27
1864.46
1956.79
1891.99
1883.09
1855.04
1648.77
1582.13
1439.05
1294.52
1398.99
1440.39
1442.64
1714.17
1802.41
1826.63
2009.23
2222.66
2449.87
2507.11
2509.49
2480.11
2516.42
2547.63
2481.41
2479.58
2504.77
2397.06
2334.89
2270.16
2132.83
1911.64
1929.28
1409.87
1349.92
1416.25
1402.14
1753.80
1801.53
1819.80
1983.97
2220.01
2514.71
2511.17
2520.49
2524.73
2576.50
2603.94
2530.99
2537.60
2575.51
2466.04
2389.35
2311.85
2173.85
1946.47
1960.48
1373.32
1117.69
1169.04
1170.21
1307.57
1358.36
1364.60
1557.55
1782.57
2039.92
2013.23
2016.66
2015.33
2037.31
2058.93
2000.87
2014.38
2046.11
1960.17
1905.85
1863.09
1718.50
1509.20
1447.29
1214.92
1159.82
1186.22
1173.99
1310.52
1363.96
1368.48
1558.11
1775.63
2030.13
1993.66
1979.01
1972.92
1997.39
2029.10
1970.62
1982.45
2016.43
1934.38
1876.40
1829.45
1690.91
1487.22
1429.86
1184.17
1112.45
1153.91
1151.31
1285.65
1335.29
1337.99
1531.14
1753.41
2012.75
1971.11
1971.61
1970.80
1989.79
2008.31
1947.59
1958.47
1991.21
1906.75
1853.55
1812.75
1679.10
1469.39
1414.94
1177.98
889.46
888.99
888.36
1028.45
1065.54
1074.88
1151.24
1265.99
1346.14
1401.61
1402.90
1395.41
1371.67
1375.82
1353.32
1337.77
1434.32
1420.45
1431.56
1402.82
1199.66
1188.32
1117.54
921.90
918.76
922.14
924.90
1043.96
1059.46
1061.22
1144.14
1250.98
1321.12
1339.48
1333.37
1329.59
1311.35
1316.59
1313.31
1313.12
1413.10
1387.32
1384.95
1361.50
1177.65
1172.31
1085.60
930.91
1105.82
1144.80
1141.48
1280.37
1327.01
1332.12
1527.47
1749.86
2005.29
1959.41
1963.20
1968.68
2002.58
2040.36
1990.77
2010.38
2044.61
1959.68
1904.21
1860.31
1714.77
1504.49
1442.49
1200.57
1132.93
1174.53
1169.07
1304.11
1356.60
1362.85
1554.66
1780.31
2039.75
2009.47
2009.54
2003.52
2017.94
2031.28
1963.71
1974.15
2007.27
1930.12
1875.66
1836.51
1696.41
1486.58
1425.91
1184.54
1120.01
1163.28
1157.06
1285.18
1322.83
1331.66
1524.92
1744.28
2008.63
1963.92
1961.83
1963.18
1998.39
2044.13
1981.00
1962.40
1987.94
1895.29
1844.88
1799.71
1655.11
1432.02
1377.55
1146.33
1072.55
1113.92
1112.03
1244.04
1286.13
1293.32
1503.44
1724.23
1990.06
1954.51
1989.61
1998.88
2029.45
2055.08
1991.62
2000.56
2019.68
1913.61
1822.92
1780.17
1631.24
1418.49
1365.68
1143.92
1074.19
1111.29
1111.45
1248.44
1292.40
1315.43
1514.31
1741.29
2001.92
1958.92
1970.08
1977.14
2006.16
2062.07
1992.16
1965.75
1991.66
1899.08
1843.98
1809.50
1689.61
1488.36
1434.07
1203.47
933.46
940.38
947.75
1089.58
1126.61
1129.93
1204.63
1313.05
1395.30
1514.74
1487.42
1448.78
1431.55
1437.96
1414.77
1389.07
1477.63
1462.35
1490.40
1457.63
1255.23
1237.70
1164.41
969.93
964.08
946.82
939.47
1058.86
1077.63
1078.40
1167.27
1278.57
1338.87
1350.97
1332.91
1330.46
1308.90
1312.56
1309.38
1308.05
1408.17
1386.71
1380.87
1351.59
1161.35
1159.50
1072.82
918.04
1082.04
1127.22
1137.37
1267.15
1314.92
1317.56
1517.93
1737.29
2009.30
1984.41
1990.35
1988.07
2000.55
2011.78
1949.89
1959.87
1998.95
1927.29
1874.03
1828.86
1691.23
1486.56
1427.64
1184.28
1122.06
1159.84
1157.82
1296.50
1346.29
1354.77
1548.40
1770.70
2030.63
1996.21
1995.96
1988.95
2000.43
2017.75
1952.42
1962.87
1996.23
1914.51
1865.94
1829.84
1688.01
1477.31
1417.94
1172.24
1105.95
1147.64
1146.53
1278.27
1318.75
1325.29
1518.93
1747.26
2016.59
1977.94
1962.91
1957.58
1980.76
2040.49
1984.58
1979.63
1984.15
1896.83
1848.20
1806.23
1662.15
1442.22
1384.61
1156.46
1096.00
1135.20
1116.32
1247.62
1289.38
1299.38
1512.13
1747.13
2019.68
1982.17
1971.74
1963.11
1983.90
2004.77
1944.50
1965.70
2004.37
1923.19
1876.62
1838.50
1697.99
1487.39
1425.77
1183.62
1118.01
1159.79
1157.97
1296.09
1345.77
1352.54
1545.08
1767.56
2030.57
1996.75
1994.99
1978.89
1991.83
2012.44
1949.82
1958.91
1993.88
1908.81
1851.89
1803.34
1659.34
1434.96
1383.02
1147.01
848.69
846.17
849.23
989.15
1023.23
1026.19
1121.53
1234.23
1312.74
1359.25
1356.78
1352.32
1333.22
1344.38
1330.92
1304.71
1394.14
1372.78
1377.20
1351.05
1149.92
1147.48
1083.99
900.91
899.76
900.65
902.57
1017.44
1034.63
1037.53
1119.23
1231.40
1298.65
1315.28
1311.15
1313.17
1293.42
1301.18
1302.06
1304.76
1404.57
1382.49
1376.07
1352.93
1157.78
1157.79
1076.10
920.09
1092.47
1134.30
1122.56
1259.51
1310.07
1315.13
1514.56
1740.28
2013.92
1980.79
1980.44
1977.30
2002.16
2032.70
1979.07
1999.82
2039.55
1957.12
1899.18
1855.85
1710.41
1500.26
1439.53
1199.60
1132.94
1173.67
1171.76
1306.96
1362.75
1384.56
1560.09
1787.49
2050.52
2026.67
2030.38
2028.14
2046.42
2065.73
2006.82
2016.35
2046.95
1963.28
1910.28
1864.79
1718.34
1508.63
1446.37
1205.52
1139.22
1178.73
1179.01
1316.89
1371.46
1379.84
1563.49
1790.25
2048.70
2017.99
2018.17
2014.28
2032.13
2050.55
1989.54
2002.41
2038.31
1957.38
1901.96
1855.37
1707.43
1496.23
1433.35
1192.05
1125.09
1164.98
1160.76
1298.87
1352.29
1357.37
1547.04
1772.10
2033.57
1997.45
1987.63
1974.56
1995.69
2018.44
1953.32
1966.76
2001.85
1913.94
1861.86
1818.63
1678.11
1466.42
1411.71
1169.12
1101.48
1139.31
1135.36
1266.64
1313.34
1317.50
1518.99
1746.20
2016.13
1977.65
1970.14
1963.71
1982.30
2004.16
1949.58
1964.08
1998.34
1914.09
1858.11
1815.15
1672.02
1457.28
1396.88
1159.90
875.17
876.34
879.29
1017.33
1058.82
1064.43
1141.22
1263.50
1348.25
1412.66
1415.02
1414.23
1397.81
1408.23
1390.91
1371.89
1466.90
1450.53
1454.71
1426.19
1234.82
1229.30
1160.96
972.26
969.62
968.99
970.98
1086.98
1096.93
1100.09
1199.93
1325.45
1412.58
1477.36
1474.44
1486.18
1463.81
1471.66
1469.46
1466.56
1555.87
1503.64
1494.01
1464.82
1303.50
1283.15
1177.29
1006.56
1192.65
1230.96
1237.77
1380.72
1438.50
1437.25
1631.51
1841.45
2081.64
2065.95
2042.33
2040.82
2056.87
2073.95
2019.75
2052.50
2111.18
1991.39
1935.08
1892.34
1747.35
1538.35
1496.97
1257.79
1191.35
1226.97
1229.69
1359.29
1416.69
1426.15
1616.64
1827.63
2073.33
2058.05
2049.93
2038.73
2052.39
2069.30
2010.36
2021.32
2057.05
1978.99
1923.38
1878.54
1732.40
1516.09
1442.64
1193.97
1128.78
1174.14
1179.41
1307.92
1378.26
1410.87
1591.44
1818.00
2073.00
2070.95
2046.21
2033.73
2049.29
2071.80
2014.66
2023.61
2057.01
1977.03
1921.68
1873.77
1724.76
1515.29
1469.84
1202.63
1136.00
1185.27
1198.44
1323.86
1365.90
1387.67
1571.53
1795.41
2052.29
2021.90
2027.29
2025.31
2040.04
2060.64
2002.87
2016.09
2051.73
1974.60
1912.23
1862.52
1716.10
1507.95
1444.99
1202.99
1137.00
1176.16
1174.21
1309.28
1358.93
1381.93
1573.57
1772.25
1995.22
1976.21
1982.41
1982.09
2000.85
2021.44
1962.64
1978.05
2011.75
1929.96
1880.30
1833.37
1701.53
1490.53
1453.38
1189.07
905.63
900.26
902.69
1035.87
1074.06
1074.74
1152.81
1273.68
1356.52
1422.78
1413.20
1402.25
1385.74
1388.56
1370.50
1347.38
1427.78
1413.55
1415.80
1390.62
1192.92
1173.44
1110.30
923.10
916.98
918.32
916.94
1034.46
1051.54
1057.73
1145.04
1251.79
1334.87
1354.55
1347.10
1364.98
1351.35
1343.42
1340.53
1338.55
1426.38
1409.15
1407.65
1379.24
1198.78
1194.04
1098.44
940.72
1103.40
1138.04
1132.96
1271.99
1313.80
1340.15
1533.29
1733.00
1961.86
1941.49
1942.27
1935.95
1948.30
1961.17
1893.49
1903.79
1932.99
1862.03
1816.72
1770.35
1639.56
1456.61
1421.94
1156.27
1097.34
1142.62
1138.79
1272.13
1315.62
1341.72
1539.15
1741.09
1966.67
1950.40
1957.13
1957.41
1977.14
1997.96
1936.33
1956.05
1980.54
1894.92
1842.87
1792.93
1659.24
1470.22
1436.13
1177.50
1119.22
1159.90
1159.39
1295.60
1345.97
1369.58
1560.44
1756.05
1975.58
1955.49
1956.58
1952.31
1969.20
1982.29
1909.23
1917.66
1943.82
1870.13
1824.63
1777.03
1646.22
1459.92
1426.95
1162.60
1098.82
1139.77
1137.72
1271.54
1314.86
1344.20
1526.22
1725.24
1952.55
1923.89
1914.14
1905.92
1922.14
1942.65
1877.43
1892.65
1923.11
1841.44
1790.59
1742.66
1619.04
1431.87
1403.43
1144.05
1086.50
1127.10
1130.18
1264.82
1308.35
1336.50
1525.42
1724.16
1955.96
1931.72
1926.61
1919.53
1929.21
1950.66
1889.58
1906.61
1933.37
1852.02
1800.64
1757.21
1641.47
1451.46
1418.44
1154.82
894.51
896.21
907.30
1051.54
1089.54
1094.90
1168.28
1289.22
1370.24
1430.14
1426.37
1423.37
1405.66
1405.87
1387.58
1366.50
1449.77
1444.61
1450.37
1418.80
1217.92
1201.02
1134.67
940.45
935.43
934.63
935.16
1060.05
1080.69
1083.17
1197.57
1322.71
1394.93
1416.85
1414.18
1421.60
1398.13
1384.37
1372.08
1373.71
1478.94
1442.45
1430.89
1395.05
1207.01
1204.96
1111.37
950.12
1107.03
1147.97
1148.36
1282.71
1327.26
1356.42
1543.45
1744.11
1960.35
1936.43
1927.95
1924.04
1941.06
1955.01
1890.68
1902.57
1935.04
1862.25
1816.56
1769.52
1644.04
1451.32
1416.69
1152.29
1094.45
1139.88
1138.80
1272.91
1320.22
1353.95
1537.44
1736.12
1958.45
1942.16
1937.03
1921.36
1928.86
1949.24
1890.15
1905.43
1934.08
1857.89
1806.53
1760.60
1641.20
1446.79
1414.43
1152.82
1042.85
1086.14
1085.65
1216.73
1264.85
1297.46
1484.34
1683.74
1896.71
1884.34
1883.63
1882.75
1901.85
1925.29
1858.57
1870.08
1898.33
1814.26
1753.12
1705.21
1595.20
1410.02
1375.95
1114.01
1056.70
1101.02
1097.83
1236.36
1286.23
1317.36
1504.76
1701.74
1909.32
1892.13
1888.10
1885.12
1903.23
1924.76
1864.18
1880.82
1907.54
1824.76
1771.88
1721.27
1607.95
1424.78
1414.24
1155.26
1081.67
1119.62
1117.97
1252.61
1302.17
1335.75
1460.36
1661.30
1854.57
1848.39
1844.18
1852.72
1867.49
1888.63
1824.75
1829.51
1835.57
1758.95
1701.11
1650.92
1543.40
1354.71
1372.39
1126.18
944.73
946.32
948.92
1083.88
1121.65
1129.73
1151.98
1267.26
1357.40
1431.89
1425.41
1416.36
1395.34
1392.55
1371.90
1356.25
1434.67
1421.37
1441.62
1411.22
1223.66
1195.95
1171.18
981.51
993.87
999.16
998.00
1111.17
1120.39
1117.05
1166.90
1269.65
1343.41
1377.53
1360.10
1361.79
1344.96
1336.64
1334.20
1331.53
1413.59
1395.91
1381.29
1350.45
1174.15
1168.63
1110.68
949.40
1050.78
1079.51
1077.48
1211.10
1245.39
1277.09
1432.93
1627.81
1827.69
1801.00
1789.33
1796.68
1813.66
1830.93
1765.57
1775.57
1792.62
1722.18
1664.52
1617.12
1516.35
1330.22
1327.99
1078.90
1031.58
1072.52
1071.35
1208.55
1249.79
1279.77
1430.15
1617.38
1826.44
1817.29
1813.41
1820.85
1832.97
1851.22
1791.39
1804.37
1812.08
1729.30
1666.67
1622.71
1518.89
1329.38
1327.96
1080.68
1034.92
1078.88
1079.48
1213.38
1254.29
1284.96
1430.21
1615.70
1798.43
1786.70
1775.04
1782.80
1793.91
1807.17
1737.94
1745.07
1755.22
1677.13
1620.25
1583.08
1505.29
1317.61
1314.82
1062.78
1019.11
1060.85
1057.37
1195.56
1230.93
1263.16
1411.20
1597.44
1782.20
1751.42
1742.02
1755.57
1774.35
1797.60
1731.50
1735.65
1736.77
1660.93
1610.70
1571.16
1490.03
1301.23
1303.22
1053.76
1002.44
1038.51
1033.00
1168.48
1203.94
1225.45
1351.42
1539.38
1731.15
1702.49
1688.80
1685.88
1721.75
1746.97
1678.90
1686.01
1691.71
1594.66
1539.44
1496.66
1430.14
1243.60
1246.04
1000.63
871.85
874.99
866.00
996.92
1032.70
1045.54
1109.80
1159.02
1235.60
1289.31
1271.59
1278.19
1264.27
1259.25
1224.28
1210.81
1244.36
1246.73
1251.91
1234.30
1122.33
1105.27
1083.97
891.14
914.13
910.78
914.86
1035.81
1053.57
1053.40
1096.49
1197.19
1282.22
1303.91
1306.64
1306.19
1285.25
1279.42
1275.35
1278.58
1356.66
1343.89
1337.35
1311.46
1138.01
1132.28
1085.97
925.66
1032.76
1080.26
1081.68
1216.57
1250.90
1283.46
1435.35
1628.23
1830.35
1811.22
1795.36
1800.01
1815.66
1845.02
1800.39
1817.45
1823.04
1737.67
1674.11
1626.20
1525.28
1339.00
1338.37
1087.69
1041.11
1084.93
1084.63
1223.19
1270.26
1300.51
1447.61
1633.83
1834.28
1827.69
1822.41
1832.08
1847.92
1869.17
1805.19
1814.31
1823.64
1744.57
1685.34
1639.00
1532.02
1344.53
1344.70
1100.36
1057.85
1104.88
1114.59
1253.59
1298.16
1329.73
1451.03
1645.38
1814.56
1803.29
1798.50
1807.68
1821.04
1838.71
1773.88
1785.04
1794.56
1717.80
1659.12
1619.23
1533.00
1345.65
1346.17
1103.98
1060.00
1099.35
1096.30
1233.56
1277.15
1314.12
1448.49
1645.86
1825.01
1820.68
1813.91
1825.11
1842.46
1865.21
1805.58
1804.90
1817.36
1734.57
1670.94
1633.39
1547.86
1361.51
1381.73
1136.55
1090.62
1129.41
1128.42
1265.30
1310.11
1339.74
1416.98
1618.86
1793.46
1779.56
1765.55
1754.72
1769.48
1783.70
1731.06
1741.00
1756.94
1667.93
1608.68
1568.99
1498.88
1312.18
1329.57
1084.60
950.22
950.33
950.04
1085.57
1127.77
1126.32
1165.18
1231.11
1299.00
1363.12
1336.11
1348.85
1344.20
1343.08
1306.69
1287.37
1324.87
1327.12
1345.37
1332.36
1217.82
1181.92
1153.74
961.95
975.56
975.91
977.38
1086.31
1089.77
1089.20
1159.05
1211.39
1269.32
1290.99
1256.94
1289.60
1276.86
1275.19
1258.69
1255.68
1303.00
1297.11
1283.92
1261.37
1160.39
1145.65
1090.70
966.21
