0.00 0.00
0.00 0.00
0.00 0.00
0.00 0.00
0.00 0.00
0.00 0.00
0.00 0.00
0.00 0.00
0.00 0.00
0.00 0.00
0.00 0.00
0.00 0.00
0.00 0.00
0.00 0.00
0.00 0.00
0.00 0.00
0.00 0.00
0.00 0.00
0.00 0.00
0.00 0.00
0.00 0.00
0.00 0.00
0.00 0.00
0.00 0.00
0.00 0.00
0.00 0.00
0.00 0.00
0.00 0.00
0.00 0.00
0.00 0.00
0.00 0.00
0.00 0.00
0.00 0.00
0.00 0.00
0.00 0.00
0.00 0.00
0.00 0.00
0.00 0.00
0.00 0.00
0.00 0.00
0.00 0.00
0.00 0.00
0.00 0.00
0.00 0.00
0.00 0.00
0.00 0.00
0.00 0.00
0.00 0.00
0.00 0.00
0.00 0.00
0.00 0.00
0.00 0.00
0.00 0.00
0.00 0.00
0.00 0.00
0.00 0.00
0.00 0.00
0.00 0.00
0.00 0.00
0.00 0.00
0.00 0.00
0.00 0.00
0.00 0.00
0.00 0.00
0.00 0.00
0.00 0.00
0.00 0.00
0.00 0.00
0.00 0.00
0.00 0.00
0.00 0.00
0.00 0.00
0.00 0.00
0.00 0.00
0.00 0.00
0.00 0.00
0.00 0.00
0.00 0.00
0.00 0.00
0.00 0.00
0.00 0.00
0.00 0.00
0.00 0.00
0.00 0.00
0.00 0.00
0.00 0.00
0.00 0.00
0.00 0.00
0.00 0.00
0.00 0.00
0.00 0.00
0.00 0.00
0.00 0.00
0.00 0.00
0.00 0.00
0.00 0.00
0.00 0.00
0.00 0.00
0.00 0.00
0.00 0.00
0.00 0.00
0.00 0.00
0.00 0.00
0.00 0.00
0.00 0.00
0.00 0.00
0.00 0.00
0.00 0.00
0.00 0.00
0.00 0.00
0.00 0.00
0.00 0.00
0.00 0.00
0.00 0.00
0.00 0.00
0.00 0.00
0.00 0.00
0.00 0.00
0.00 0.00
0.00 0.00
0.00 0.00
0.00 0.00
0.00 0.00
0.00 0.00
0.00 0.00
0.00 0.00
0.00 0.00
0.00 0.00
0.00 0.00
0.00 0.00
0.00 0.00
0.00 0.00
0.00 0.00
0.00 0.00
0.00 0.00
0.00 0.00
0.00 0.00
0.00 0.00
0.00 0.00
0.00 0.00
0.00 0.00
0.00 0.00
0.00 0.00
0.00 0.00
0.00 0.00
0.00 0.00
0.00 0.00
0.00 0.00
0.00 0.00
0.00 0.00
0.00 0.00
0.00 0.00
0.00 0.00
0.00 0.00
0.00 0.00
0.00 0.00
0.00 0.00
0.00 0.00
0.00 0.00
0.00 0.00
0.00 0.00
0.00 0.00
0.00 0.00
0.00 0.00
0.00 0.00
0.00 0.00
0.00 0.00
0.00 0.00
0.00 0.00
0.00 0.00
0.00 0.00
0.00 0.00
0.00 0.00
0.00 0.00
0.00 0.00
0.00 0.00
0.00 0.00
0.00 0.00
0.00 0.00
0.00 0.00
0.00 0.00
0.00 0.00
0.00 0.00
0.00 0.00
0.00 0.00
0.00 0.00
0.00 0.00
0.00 0.00
0.00 0.00
0.00 0.00
0.00 0.00
0.00 0.00
0.00 0.00
0.00 0.00
0.00 0.00
0.00 0.00
0.00 0.00
0.00 0.00
0.00 0.00
0.00 0.00
0.00 0.00
0.00 0.00
0.00 0.00
0.00 0.00
0.00 0.00
0.00 0.00
0.00 0.00
0.00 0.00
0.00 0.00
0.00 0.00
0.00 0.00
0.00 0.00
0.00 0.00
0.00 0.00
0.00 0.00
0.00 0.00
0.00 0.00
0.00 0.00
0.00 0.00
0.00 0.00
0.00 0.00
0.00 0.00
0.00 0.00
0.00 0.00
0.00 0.00
0.00 0.00
0.00 0.00
0.00 0.00
0.00 0.00
0.00 0.00
0.00 0.00
0.00 0.00
0.00 0.00
0.00 0.00
0.00 0.00
0.00 0.00
0.00 0.00
0.00 0.00
0.00 0.00
0.00 0.00
0.00 0.00
0.00 0.00
0.00 0.00
0.00 0.00
0.00 0.00
0.00 0.00
0.00 0.00
0.00 0.00
0.00 0.00
0.00 0.00
0.00 0.00
0.00 0.00
0.00 0.00
0.00 0.00
0.00 0.00
0.00 0.00
0.00 0.00
0.00 0.00
0.00 0.00
0.00 0.00
0.00 0.00
0.00 0.00
0.00 0.00
0.00 0.00
0.00 0.00
0.00 0.00
0.00 0.00
0.00 0.00
0.00 0.00
0.00 0.00
0.00 0.00
0.00 0.00
0.00 0.00
0.00 0.00
0.00 0.00
0.00 0.00
0.00 0.00
0.00 0.00
0.00 0.00
0.00 0.00
0.00 0.00
0.00 0.00
0.00 0.00
0.00 0.00
0.00 0.00
0.00 0.00
0.00 0.00
0.00 0.00
0.00 0.00
0.00 0.00
0.00 0.00
0.00 0.00
0.00 0.00
0.00 0.00
0.00 0.00
0.00 0.00
0.00 0.00
0.00 0.00
0.00 0.00
0.00 0.00
0.00 0.00
0.00 0.00
0.00 0.00
0.00 0.00
0.00 0.00
0.00 0.00
0.00 0.00
0.00 0.00
0.00 0.00
0.00 0.00
0.00 0.00
0.00 0.00
0.00 0.00
0.00 0.00
0.00 0.00
0.00 0.00
0.00 0.00
0.00 0.00
0.00 0.00
0.00 0.00
0.00 0.00
0.00 0.00
0.00 0.00
0.00 0.00
0.00 0.00
0.00 0.00
0.00 0.00
0.00 0.00
0.00 0.00
0.00 0.00
0.00 0.00
0.00 0.00
0.00 0.00
0.00 0.00
0.00 0.00
0.00 0.00
0.00 0.00
0.00 0.00
0.00 0.00
0.00 0.00
0.00 0.00
0.00 0.00
0.00 0.00
0.00 0.00
0.00 0.00
0.00 0.00
0.00 0.00
0.00 0.00
0.00 0.00
0.00 0.00
0.00 0.00
0.00 0.00
0.00 0.00
0.00 0.00
0.00 0.00
0.00 0.00
0.00 0.00
0.00 0.00
0.00 0.00
0.00 0.00
0.00 0.00
0.00 0.00
0.00 0.00
0.00 0.00
0.00 0.00
0.00 0.00
0.00 0.00
0.00 0.00
0.00 0.00
0.00 0.00
0.00 0.00
0.00 0.00
0.00 0.00
0.00 0.00
0.00 0.00
0.00 0.00
0.00 0.00
0.00 0.00
0.00 0.00
0.00 0.00
0.00 0.00
0.00 0.00
0.00 0.00
0.00 0.00
0.00 0.00
0.00 0.00
0.00 0.00
0.00 0.00
0.00 0.00
0.00 0.00
0.00 0.00
0.00 0.00
0.00 0.00
0.00 0.00
0.00 0.00
0.00 0.00
0.00 0.00
0.00 0.00
0.00 0.00
0.00 0.00
0.00 0.00
0.00 0.00
0.00 0.00
0.00 0.00
0.00 0.00
0.00 0.00
0.00 0.00
0.00 0.00
0.00 0.00
0.00 0.00
0.00 0.00
0.00 0.00
0.00 0.00
0.00 0.00
0.00 0.00
0.00 0.00
0.00 0.00
0.00 0.00
0.00 0.00
0.00 0.00
0.00 0.00
0.00 0.00
0.00 0.00
0.00 0.00
0.00 0.00
0.00 0.00
0.00 0.00
0.00 0.00
0.00 0.00
0.00 0.00
0.00 0.00
0.00 0.00
0.00 0.00
0.00 0.00
0.00 0.00
0.00 0.00
0.00 0.00
0.00 0.00
0.00 0.00
0.00 0.00
0.00 0.00
0.00 0.00
0.00 0.00
0.00 0.00
0.00 0.00
0.00 0.00
0.00 0.00
0.00 0.00
0.00 0.00
0.00 0.00
0.00 0.00
0.00 0.00
0.00 0.00
0.00 0.00
0.00 0.00
0.00 0.00
0.00 0.00
0.00 0.00
0.00 0.00
0.00 0.00
0.00 0.00
0.00 0.00
0.00 0.00
0.00 0.00
0.00 0.00
0.00 0.00
0.00 0.00
0.00 0.00
0.00 0.00
0.00 0.00
0.00 0.00
0.00 0.00
0.00 0.00
0.00 0.00
0.00 0.00
0.00 0.00
0.00 0.00
0.00 0.00
0.00 0.00
0.00 0.00
0.00 0.00
0.00 0.00
0.00 0.00
0.00 0.00
0.00 0.00
0.00 0.00
0.00 0.00
0.00 0.00
0.00 0.00
0.00 0.00
0.00 0.00
0.00 0.00
0.00 0.00
0.00 0.00
0.00 0.00
0.00 0.00
0.00 0.00
0.00 0.00
0.00 0.00
0.00 0.00
0.00 0.00
0.00 0.00
0.00 0.00
0.00 0.00
0.00 0.00
0.00 0.00
0.00 0.00
0.00 0.00
0.00 0.00
0.00 0.00
0.00 0.00
0.00 0.00
0.00 0.00
0.00 0.00
0.00 0.00
0.00 0.00
0.00 0.00
0.00 0.00
0.00 0.00
0.00 0.00
0.00 0.00
0.00 0.00
0.00 0.00
0.00 0.00
0.00 0.00
0.00 0.00
0.00 0.00
0.00 0.00
0.00 0.00
0.00 0.00
0.00 0.00
0.00 0.00
0.00 0.00
0.00 0.00
0.00 0.00
0.00 0.00
0.00 0.00
0.00 0.00
0.00 0.00
0.00 0.00
0.00 0.00
0.00 0.00
0.00 0.00
0.00 0.00
0.00 0.00
0.00 0.00
0.00 0.00
0.00 0.00
0.00 0.00
0.00 0.00
0.00 0.00
0.00 0.00
0.00 0.00
0.00 0.00
0.00 0.00
0.00 0.00
0.00 0.00
0.00 0.00
0.00 0.00
0.00 0.00
0.00 0.00
0.00 0.00
0.00 0.00
0.00 0.00
0.00 0.00
0.00 0.00
0.00 0.00
0.00 0.00
0.00 0.00
0.00 0.00
0.00 0.00
0.00 0.00
0.00 0.00
0.00 0.00
0.00 0.00
0.00 0.00
0.00 0.00
0.00 0.00
0.00 0.00
0.00 0.00
0.00 0.00
0.00 0.00
0.00 0.00
0.00 0.00
0.00 0.00
0.00 0.00
0.00 0.00
0.00 0.00
0.00 0.00
0.00 0.00
0.00 0.00
0.00 0.00
0.00 0.00
0.00 0.00
0.00 0.00
0.00 0.00
0.00 0.00
0.00 0.00
0.00 0.00
0.00 0.00
0.00 0.00
0.00 0.00
0.00 0.00
0.00 0.00
0.00 0.00
0.00 0.00
0.00 0.00
0.00 0.00
0.00 0.00
0.00 0.00
0.00 0.00
0.00 0.00
0.00 0.00
0.00 0.00
0.00 0.00
0.00 0.00
0.00 0.00
0.00 0.00
0.00 0.00
0.00 0.00
0.00 0.00
0.00 0.00
0.00 0.00
0.00 0.00
0.00 0.00
0.00 0.00
0.00 0.00
0.00 0.00
0.00 0.00
0.00 0.00
0.00 0.00
0.00 0.00
0.00 0.00
0.00 0.00
0.00 0.00
0.00 0.00
0.00 0.00
0.00 0.00
0.00 0.00
0.00 0.00
0.00 0.00
0.00 0.00
0.00 0.00
0.00 0.00
0.00 0.00
0.00 0.00
0.00 0.00
0.00 0.00
0.00 0.00
0.00 0.00
0.00 0.00
0.00 0.00
0.00 0.00
0.00 0.00
0.00 0.00
0.00 0.00
0.00 0.00
0.00 0.00
0.00 0.00
0.00 0.00
0.00 0.00
0.00 0.00
0.00 0.00
0.00 0.00
0.00 0.00
0.00 0.00
0.00 0.00
0.00 0.00
0.00 0.00
0.00 0.00
0.00 0.00
0.00 0.00
0.00 0.00
0.00 0.00
0.00 0.00
0.00 0.00
0.00 0.00
0.00 0.00
0.00 0.00
0.00 0.00
0.00 0.00
0.00 0.00
0.00 0.00
0.00 0.00
0.00 0.00
0.00 0.00
0.00 0.00
0.00 0.00
0.00 0.00
0.00 0.00
0.00 0.00
0.00 0.00
0.00 0.00
0.00 0.00
0.00 0.00
0.00 0.00
0.00 0.00
0.00 0.00
0.00 0.00
0.00 0.00
0.00 0.00
0.00 0.00
0.00 0.00
0.00 0.00
0.00 0.00
0.00 0.00
0.00 0.00
0.00 0.00
0.00 0.00
0.00 0.00
0.00 0.00
0.00 0.00
0.00 0.00
0.00 0.00
0.00 0.00
0.00 0.00
0.00 0.00
0.00 0.00
0.00 0.00
0.00 0.00
0.00 0.00
0.00 0.00
0.00 0.00
0.00 0.00
0.00 0.00
0.00 0.00
0.00 0.00
0.00 0.00
0.00 0.00
0.00 0.00
0.00 0.00
0.00 0.00
0.00 0.00
0.00 0.00
0.00 0.00
0.00 0.00
0.00 0.00
0.00 0.00
0.00 0.00
0.00 0.00
0.00 0.00
0.00 0.00
0.00 0.00
0.00 0.00
0.00 0.00
0.00 0.00
0.00 0.00
0.00 0.00
0.00 0.00
0.00 0.00
0.00 0.00
0.00 0.00
0.00 0.00
0.00 0.00
0.00 0.00
0.00 0.00
0.00 0.00
0.00 0.00
0.00 0.00
0.00 0.00
0.00 0.00
0.00 0.00
0.00 0.00
0.00 0.00
0.00 0.00
0.00 0.00
0.00 0.00
0.00 0.00
0.00 0.00
0.00 0.00
0.00 0.00
0.00 0.00
0.00 0.00
0.00 0.00
0.00 0.00
0.00 0.00
0.00 0.00
0.00 0.00
0.00 0.00
0.00 0.00
0.00 0.00
0.00 0.00
0.00 0.00
0.00 0.00
0.00 0.00
0.00 0.00
0.00 0.00
0.00 0.00
0.00 0.00
0.00 0.00
0.00 0.00
0.00 0.00
0.00 0.00
0.00 0.00
0.00 0.00
0.00 0.00
0.00 0.00
0.00 0.00
0.00 0.00
0.00 0.00
0.00 0.00
0.00 0.00
0.00 0.00
0.00 0.00
0.00 0.00
0.00 0.00
0.00 0.00
0.00 0.00
0.00 0.00
0.00 0.00
0.00 0.00
0.00 0.00
0.00 0.00
0.00 0.00
0.00 0.00
0.00 0.00
0.00 0.00
0.00 0.00
0.00 0.00
0.00 0.00
0.00 0.00
0.00 0.00
0.00 0.00
0.00 0.00
0.00 0.00
0.00 0.00
0.00 0.00
0.00 0.00
0.00 0.00
0.00 0.00
0.00 0.00
0.00 0.00
0.00 0.00
0.00 0.00
0.00 0.00
0.00 0.00
0.00 0.00
0.00 0.00
0.00 0.00
0.00 0.00
0.00 0.00
0.00 0.00
0.00 0.00
0.00 0.00
0.00 0.00
0.00 0.00
0.00 0.00
0.00 0.00
0.00 0.00
0.00 0.00
0.00 0.00
0.00 0.00
0.00 0.00
0.00 0.00
0.00 0.00
0.00 0.00
0.00 0.00
0.00 0.00
0.00 0.00
0.00 0.00
0.00 0.00
0.00 0.00
0.00 0.00
0.00 0.00
0.00 0.00
0.00 0.00
0.00 0.00
0.00 0.00
0.00 0.00
0.00 0.00
0.00 0.00
0.00 0.00
0.00 0.00
0.00 0.00
0.00 0.00
0.00 0.00
0.00 0.00
0.00 0.00
0.00 0.00
0.00 0.00
0.00 0.00
0.00 0.00
0.00 0.00
0.00 0.00
0.00 0.00
0.00 0.00
0.00 0.00
0.00 0.00
0.00 0.00
0.00 0.00
0.00 0.00
0.00 0.00
0.00 0.00
0.00 0.00
0.00 0.00
0.00 0.00
0.00 0.00
0.00 0.00
0.00 0.00
0.00 0.00
0.00 0.00
0.00 0.00
0.00 0.00
0.00 0.00
0.00 0.00
0.00 0.00
0.00 0.00
0.00 0.00
0.00 0.00
0.00 0.00
0.00 0.00
0.00 0.00
0.00 0.00
0.00 0.00
0.00 0.00
0.00 0.00
0.00 0.00
0.00 0.00
0.00 0.00
0.00 0.00
0.00 0.00
0.00 0.00
0.00 0.00
0.00 0.00
0.00 0.00
0.00 0.00
0.00 0.00
0.00 0.00
0.00 0.00
0.00 0.00
0.00 0.00
0.00 0.00
0.00 0.00
0.00 0.00
0.00 0.00
0.00 0.00
0.00 0.00
0.00 0.00
0.00 0.00
0.00 0.00
0.00 0.00
0.00 0.00
0.00 0.00
0.00 0.00
0.00 0.00
0.00 0.00
0.00 0.00
0.00 0.00
0.00 0.00
0.00 0.00
0.00 0.00
0.00 0.00
0.00 0.00
0.00 0.00
0.00 0.00
0.00 0.00
0.00 0.00
0.00 0.00
0.00 0.00
0.00 0.00
0.00 0.00
0.00 0.00
0.00 0.00
0.00 0.00
0.00 0.00
0.00 0.00
0.00 0.00
0.00 0.00
0.00 0.00
0.00 0.00
0.00 0.00
0.00 0.00
0.00 0.00
0.00 0.00
0.00 0.00
0.00 0.00
0.00 0.00
0.00 0.00
0.00 0.00
0.00 0.00
0.00 0.00
0.00 0.00
0.00 0.00
0.00 0.00
0.00 0.00
0.00 0.00
0.00 0.00
0.00 0.00
0.00 0.00
0.00 0.00
0.00 0.00
0.00 0.00
0.00 0.00
0.00 0.00
0.00 0.00
0.00 0.00
0.00 0.00
0.00 0.00
0.00 0.00
0.00 0.00
0.00 0.00
0.00 0.00
0.00 0.00
0.00 0.00
0.00 0.00
0.00 0.00
0.00 0.00
0.00 0.00
0.00 0.00
0.00 0.00
0.00 0.00
0.00 0.00
0.00 0.00
0.00 0.00
0.00 0.00
0.00 0.00
0.00 0.00
0.00 0.00
0.00 0.00
0.00 0.00
0.00 0.00
0.00 0.00
0.00 0.00
0.00 0.00
0.00 0.00
0.00 0.00
0.00 0.00
0.00 0.00
0.00 0.00
0.00 0.00
0.00 0.00
0.00 0.00
0.00 0.00
0.00 0.00
0.00 0.00
0.00 0.00
0.00 0.00
0.00 0.00
0.00 0.00
0.00 0.00
0.00 0.00
0.00 0.00
0.00 0.00
0.00 0.00
0.00 0.00
0.00 0.00
0.00 0.00
0.00 0.00
0.00 0.00
0.00 0.00
0.00 0.00
0.00 0.00
0.00 0.00
0.00 0.00
0.00 0.00
0.00 0.00
0.00 0.00
0.00 0.00
0.00 0.00
0.00 0.00
0.00 0.00
0.00 0.00
0.00 0.00
0.00 0.00
0.00 0.00
0.00 0.00
0.00 0.00
0.00 0.00
0.00 0.00
0.00 0.00
0.00 0.00
0.00 0.00
0.00 0.00
0.00 0.00
0.00 0.00
0.00 0.00
0.00 0.00
0.00 0.00
0.00 0.00
0.00 0.00
0.00 0.00
0.00 0.00
0.00 0.00
0.00 0.00
0.00 0.00
0.00 0.00
0.00 0.00
0.00 0.00
0.00 0.00
0.00 0.00
0.00 0.00
0.00 0.00
0.00 0.00
0.00 0.00
0.00 0.00
0.00 0.00
0.00 0.00
0.00 0.00
0.00 0.00
0.00 0.00
0.00 0.00
0.00 0.00
0.00 0.00
0.00 0.00
0.00 0.00
0.00 0.00
0.00 0.00
0.00 0.00
0.00 0.00
0.00 0.00
0.00 0.00
0.00 0.00
0.00 0.00
0.00 0.00
0.00 0.00
0.00 0.00
0.00 0.00
0.00 0.00
0.00 0.00
0.00 0.00
0.00 0.00
0.00 0.00
0.00 0.00
0.00 0.00
0.00 0.00
0.00 0.00
0.00 0.00
0.00 0.00
0.00 0.00
0.00 0.00
0.00 0.00
0.00 0.00
0.00 0.00
0.00 0.00
0.00 0.00
0.00 0.00
0.00 0.00
0.00 0.00
0.00 0.00
0.00 0.00
0.00 0.00
0.00 0.00
0.00 0.00
0.00 0.00
0.00 0.00
0.00 0.00
0.00 0.00
0.00 0.00
0.00 0.00
0.00 0.00
0.00 0.00
0.00 0.00
0.00 0.00
0.00 0.00
0.00 0.00
0.00 0.00
0.00 0.00
0.00 0.00
0.00 0.00
0.00 0.00
0.00 0.00
0.00 0.00
0.00 0.00
0.00 0.00
0.00 0.00
0.00 0.00
0.00 0.00
0.00 0.00
0.00 0.00
0.00 0.00
0.00 0.00
0.00 0.00
0.00 0.00
0.00 0.00
0.00 0.00
0.00 0.00
0.00 0.00
0.00 0.00
0.00 0.00
0.00 0.00
0.00 0.00
0.00 0.00
0.00 0.00
0.00 0.00
0.00 0.00
0.00 0.00
0.00 0.00
0.00 0.00
0.00 0.00
0.00 0.00
0.00 0.00
0.00 0.00
0.00 0.00
0.00 0.00
0.00 0.00
0.00 0.00
0.00 0.00
0.00 0.00
0.00 0.00
0.00 0.00
0.00 0.00
0.00 0.00
0.00 0.00
0.00 0.00
0.00 0.00
0.00 0.00
0.00 0.00
0.00 0.00
0.00 0.00
0.00 0.00
0.00 0.00
0.00 0.00
0.00 0.00
0.00 0.00
0.00 0.00
0.00 0.00
0.00 0.00
0.00 0.00
0.00 0.00
0.00 0.00
0.00 0.00
0.00 0.00
0.00 0.00
0.00 0.00
0.00 0.00
0.00 0.00
0.00 0.00
0.00 0.00
0.00 0.00
0.00 0.00
0.00 0.00
0.00 0.00
0.00 0.00
0.00 0.00
0.00 0.00
0.00 0.00
0.00 0.00
0.00 0.00
0.00 0.00
0.00 0.00
0.00 0.00
0.00 0.00
0.00 0.00
0.00 0.00
0.00 0.00
0.00 0.00
0.00 0.00
0.00 0.00
0.00 0.00
0.00 0.00
0.00 0.00
0.00 0.00
0.00 0.00
0.00 0.00
0.00 0.00
0.00 0.00
0.00 0.00
0.00 0.00
0.00 0.00
0.00 0.00
0.00 0.00
0.00 0.00
0.00 0.00
0.00 0.00
0.00 0.00
0.00 0.00
0.00 0.00
0.00 0.00
0.00 0.00
0.00 0.00
0.00 0.00
0.00 0.00
0.00 0.00
0.00 0.00
0.00 0.00
0.00 0.00
0.00 0.00
0.00 0.00
0.00 0.00
0.00 0.00
0.00 0.00
0.00 0.00
0.00 0.00
0.00 0.00
0.00 0.00
0.00 0.00
0.00 0.00
0.00 0.00
0.00 0.00
0.00 0.00
0.00 0.00
0.00 0.00
0.00 0.00
0.00 0.00
0.00 0.00
0.00 0.00
0.00 0.00
0.00 0.00
0.00 0.00
0.00 0.00
0.00 0.00
0.00 0.00
0.00 0.00
0.00 0.00
0.00 0.00
0.00 0.00
0.00 0.00
0.00 0.00
0.00 0.00
0.00 0.00
0.00 0.00
0.00 0.00
0.00 0.00
0.00 0.00
0.00 0.00
0.00 0.00
0.00 0.00
0.00 0.00
0.00 0.00
0.00 0.00
0.00 0.00
0.00 0.00
0.00 0.00
0.00 0.00
0.00 0.00
0.00 0.00
0.00 0.00
0.00 0.00
0.00 0.00
0.00 0.00
0.00 0.00
0.00 0.00
0.00 0.00
0.00 0.00
0.00 0.00
0.00 0.00
0.00 0.00
0.00 0.00
0.00 0.00
0.00 0.00
0.00 0.00
0.00 0.00
0.00 0.00
0.00 0.00
0.00 0.00
0.00 0.00
0.00 0.00
0.00 0.00
0.00 0.00
0.00 0.00
0.00 0.00
0.00 0.00
0.00 0.00
0.00 0.00
0.00 0.00
0.00 0.00
0.00 0.00
0.00 0.00
0.00 0.00
0.00 0.00
0.00 0.00
0.00 0.00
0.00 0.00
0.00 0.00
0.00 0.00
0.00 0.00
0.00 0.00
0.00 0.00
0.00 0.00
0.00 0.00
0.00 0.00
0.00 0.00
0.00 0.00
0.00 0.00
0.00 0.00
0.00 0.00
0.00 0.00
0.00 0.00
0.00 0.00
0.00 0.00
0.00 0.00
0.00 0.00
0.00 0.00
0.00 0.00
0.00 0.00
0.00 0.00
0.00 0.00
0.00 0.00
0.00 0.00
0.00 0.00
0.00 0.00
0.00 0.00
0.00 0.00
0.00 0.00
0.00 0.00
0.00 0.00
0.00 0.00
0.00 0.00
0.00 0.00
0.00 0.00
0.00 0.00
0.00 0.00
0.00 0.00
0.00 0.00
0.00 0.00
0.00 0.00
0.00 0.00
0.00 0.00
0.00 0.00
0.00 0.00
0.00 0.00
0.00 0.00
0.00 0.00
0.00 0.00
0.00 0.00
0.00 0.00
0.00 0.00
0.00 0.00
0.00 0.00
0.00 0.00
0.00 0.00
0.00 0.00
0.00 0.00
0.00 0.00
0.00 0.00
0.00 0.00
0.00 0.00
0.00 0.00
0.00 0.00
0.00 0.00
0.00 0.00
0.00 0.00
0.00 0.00
0.00 0.00
0.00 0.00
0.00 0.00
0.00 0.00
0.00 0.00
0.00 0.00
0.00 0.00
0.00 0.00
0.00 0.00
0.00 0.00
0.00 0.00
0.00 0.00
0.00 0.00
0.00 0.00
0.00 0.00
0.00 0.00
0.00 0.00
0.00 0.00
0.00 0.00
0.00 0.00
0.00 0.00
0.00 0.00
0.00 0.00
0.00 0.00
0.00 0.00
0.00 0.00
0.00 0.00
0.00 0.00
0.00 0.00
0.00 0.00
0.00 0.00
0.00 0.00
0.00 0.00
0.00 0.00
0.00 0.00
0.00 0.00
0.00 0.00
0.00 0.00
0.00 0.00
0.00 0.00
0.00 0.00
0.00 0.00
0.00 0.00
0.00 0.00
0.00 0.00
0.00 0.00
0.00 0.00
0.00 0.00
0.00 0.00
0.00 0.00
0.00 0.00
0.00 0.00
0.00 0.00
0.00 0.00
0.00 0.00
0.00 0.00
0.00 0.00
0.00 0.00
0.00 0.00
0.00 0.00
0.00 0.00
0.00 0.00
0.00 0.00
0.00 0.00
0.00 0.00
0.00 0.00
0.00 0.00
0.00 0.00
0.00 0.00
0.00 0.00
0.00 0.00
0.00 0.00
0.00 0.00
0.00 0.00
0.00 0.00
0.00 0.00
0.00 0.00
0.00 0.00
0.00 0.00
0.00 0.00
0.00 0.00
0.00 0.00
0.00 0.00
0.00 0.00
0.00 0.00
0.00 0.00
0.00 0.00
0.00 0.00
0.00 0.00
0.00 0.00
0.00 0.00
0.00 0.00
0.00 0.00
0.00 0.00
0.00 0.00
0.00 0.00
0.00 0.00
0.00 0.00
0.00 0.00
0.00 0.00
0.00 0.00
0.00 0.00
0.00 0.00
0.00 0.00
0.00 0.00
0.00 0.00
0.00 0.00
0.00 0.00
0.00 0.00
0.00 0.00
0.00 0.00
0.00 0.00
0.00 0.00
0.00 0.00
0.00 0.00
0.00 0.00
0.00 0.00
0.00 0.00
0.00 0.00
0.00 0.00
0.00 0.00
0.00 0.00
0.00 0.00
0.00 0.00
0.00 0.00
0.00 0.00
0.00 0.00
0.00 0.00
0.00 0.00
0.00 0.00
0.00 0.00
0.00 0.00
0.00 0.00
0.00 0.00
0.00 0.00
0.00 0.00
0.00 0.00
0.00 0.00
0.00 0.00
0.00 0.00
0.00 0.00
0.00 0.00
0.00 0.00
0.00 0.00
0.00 0.00
0.00 0.00
0.00 0.00
0.00 0.00
0.00 0.00
0.00 0.00
0.00 0.00
0.00 0.00
0.00 0.00
0.00 0.00
0.00 0.00
0.00 0.00
0.00 0.00
0.00 0.00
0.00 0.00
0.00 0.00
0.00 0.00
0.00 0.00
0.00 0.00
0.00 0.00
0.00 0.00
0.00 0.00
0.00 0.00
0.00 0.00
0.00 0.00
0.00 0.00
0.00 0.00
0.00 0.00
0.00 0.00
0.00 0.00
0.00 0.00
0.00 0.00
0.00 0.00
0.00 0.00
0.00 0.00
0.00 0.00
0.00 0.00
0.00 0.00
0.00 0.00
0.00 0.00
0.00 0.00
0.00 0.00
0.00 0.00
0.00 0.00
0.00 0.00
0.00 0.00
0.00 0.00
0.00 0.00
0.00 0.00
0.00 0.00
0.00 0.00
0.00 0.00
0.00 0.00
0.00 0.00
0.00 0.00
0.00 0.00
0.00 0.00
0.00 0.00
0.00 0.00
0.00 0.00
0.00 0.00
0.00 0.00
0.00 0.00
0.00 0.00
0.00 0.00
0.00 0.00
0.00 0.00
0.00 0.00
0.00 0.00
0.00 0.00
0.00 0.00
0.00 0.00
0.00 0.00
0.00 0.00
0.00 0.00
0.00 0.00
0.00 0.00
0.00 0.00
0.00 0.00
0.00 0.00
0.00 0.00
0.00 0.00
0.00 0.00
0.00 0.00
0.00 0.00
0.00 0.00
0.00 0.00
0.00 0.00
0.00 0.00
0.00 0.00
0.00 0.00
0.00 0.00
0.00 0.00
0.00 0.00
0.00 0.00
0.00 0.00
0.00 0.00
0.00 0.00
0.00 0.00
0.00 0.00
0.00 0.00
0.00 0.00
0.00 0.00
0.00 0.00
0.00 0.00
0.00 0.00
0.00 0.00
0.00 0.00
0.00 0.00
0.00 0.00
0.00 0.00
0.00 0.00
0.00 0.00
0.00 0.00
0.00 0.00
0.00 0.00
0.00 0.00
0.00 0.00
0.00 0.00
0.00 0.00
0.00 0.00
0.00 0.00
0.00 0.00
0.00 0.00
0.00 0.00
0.00 0.00
0.00 0.00
0.00 0.00
0.00 0.00
0.00 0.00
0.00 0.00
0.00 0.00
0.00 0.00
0.00 0.00
0.00 0.00
0.00 0.00
0.00 0.00
0.00 0.00
0.00 0.00
0.00 0.00
0.00 0.00
0.00 0.00
0.00 0.00
0.00 0.00
0.00 0.00
0.00 0.00
0.00 0.00
0.00 0.00
0.00 0.00
0.00 0.00
0.00 0.00
0.00 0.00
0.00 0.00
0.00 0.00
0.00 0.00
0.00 0.00
0.00 0.00
0.00 0.00
0.00 0.00
0.00 0.00
0.00 0.00
0.00 0.00
0.00 0.00
0.00 0.00
0.00 0.00
0.00 0.00
0.00 0.00
0.00 0.00
0.00 0.00
0.00 0.00
0.00 0.00
0.00 0.00
0.00 0.00
0.00 0.00
0.00 0.00
0.00 0.00
0.00 0.00
0.00 0.00
0.00 0.00
0.00 0.00
0.00 0.00
0.00 0.00
0.00 0.00
0.00 0.00
0.00 0.00
0.00 0.00
0.00 0.00
0.00 0.00
0.00 0.00
0.00 0.00
0.00 0.00
0.00 0.00
0.00 0.00
0.00 0.00
0.00 0.00
0.00 0.00
0.00 0.00
0.00 0.00
0.00 0.00
0.00 0.00
0.00 0.00
0.00 0.00
0.00 0.00
0.00 0.00
0.00 0.00
0.00 0.00
0.00 0.00
0.00 0.00
0.00 0.00
0.00 0.00
0.00 0.00
0.00 0.00
0.00 0.00
0.00 0.00
0.00 0.00
0.00 0.00
0.00 0.00
0.00 0.00
0.00 0.00
0.00 0.00
0.00 0.00
0.00 0.00
0.00 0.00
0.00 0.00
0.00 0.00
0.00 0.00
0.00 0.00
0.00 0.00
0.00 0.00
0.00 0.00
0.00 0.00
0.00 0.00
0.00 0.00
0.00 0.00
0.00 0.00
0.00 0.00
0.00 0.00
0.00 0.00
0.00 0.00
0.00 0.00
0.00 0.00
0.00 0.00
0.00 0.00
0.00 0.00
0.00 0.00
0.00 0.00
0.00 0.00
0.00 0.00
0.00 0.00
0.00 0.00
0.00 0.00
0.00 0.00
0.00 0.00
0.00 0.00
0.00 0.00
0.00 0.00
0.00 0.00
0.00 0.00
0.00 0.00
0.00 0.00
0.00 0.00
0.00 0.00
0.00 0.00
0.00 0.00
0.00 0.00
0.00 0.00
0.00 0.00
0.00 0.00
0.00 0.00
0.00 0.00
0.00 0.00
0.00 0.00
0.00 0.00
0.00 0.00
0.00 0.00
0.00 0.00
0.00 0.00
0.00 0.00
0.00 0.00
0.00 0.00
0.00 0.00
0.00 0.00
0.00 0.00
0.00 0.00
0.00 0.00
0.00 0.00
0.00 0.00
0.00 0.00
0.00 0.00
0.00 0.00
0.00 0.00
0.00 0.00
0.00 0.00
0.00 0.00
0.00 0.00
0.00 0.00
0.00 0.00
0.00 0.00
0.00 0.00
0.00 0.00
0.00 0.00
0.00 0.00
0.00 0.00
0.00 0.00
0.00 0.00
0.00 0.00
0.00 0.00
0.00 0.00
0.00 0.00
0.00 0.00
0.00 0.00
0.00 0.00
0.00 0.00
0.00 0.00
0.00 0.00
0.00 0.00
0.00 0.00
0.00 0.00
0.00 0.00
0.00 0.00
0.00 0.00
0.00 0.00
0.00 0.00
0.00 0.00
0.00 0.00
0.00 0.00
0.00 0.00
0.00 0.00
0.00 0.00
0.00 0.00
0.00 0.00
0.00 0.00
0.00 0.00
0.00 0.00
0.00 0.00
0.00 0.00
0.00 0.00
0.00 0.00
0.00 0.00
0.00 0.00
0.00 0.00
0.00 0.00
0.00 0.00
0.00 0.00
0.00 0.00
0.00 0.00
0.00 0.00
0.00 0.00
0.00 0.00
0.00 0.00
0.00 0.00
0.00 0.00
0.00 0.00
0.00 0.00
0.00 0.00
0.00 0.00
0.00 0.00
0.00 0.00
0.00 0.00
0.00 0.00
0.00 0.00
0.00 0.00
0.00 0.00
0.00 0.00
0.00 0.00
0.00 0.00
0.00 0.00
0.00 0.00
0.00 0.00
0.00 0.00
0.00 0.00
0.00 0.00
0.00 0.00
0.00 0.00
0.00 0.00
0.00 0.00
0.00 0.00
0.00 0.00
0.00 0.00
0.00 0.00
0.00 0.00
0.00 0.00
0.00 0.00
0.00 0.00
0.00 0.00
0.00 0.00
0.00 0.00
0.00 0.00
0.00 0.00
0.00 0.00
0.00 0.00
0.00 0.00
0.00 0.00
0.00 0.00
0.00 0.00
0.00 0.00
0.00 0.00
0.00 0.00
0.00 0.00
0.00 0.00
0.00 0.00
0.00 0.00
0.00 0.00
0.00 0.00
0.00 0.00
0.00 0.00
0.00 0.00
0.00 0.00
0.00 0.00
0.00 0.00
0.00 0.00
0.00 0.00
0.00 0.00
0.00 0.00
0.00 0.00
0.00 0.00
0.00 0.00
0.00 0.00
0.00 0.00
0.00 0.00
0.00 0.00
0.00 0.00
0.00 0.00
0.00 0.00
0.00 0.00
0.00 0.00
0.00 0.00
0.00 0.00
0.00 0.00
0.00 0.00
0.00 0.00
0.00 0.00
0.00 0.00
0.00 0.00
0.00 0.00
0.00 0.00
0.00 0.00
0.00 0.00
0.00 0.00
0.00 0.00
0.00 0.00
0.00 0.00
0.00 0.00
0.00 0.00
0.00 0.00
0.00 0.00
0.00 0.00
0.00 0.00
0.00 0.00
0.00 462.01
0.00 460.99
0.00 459.98
0.00 458.97
0.00 457.96
0.00 456.95
0.00 455.95
0.00 454.94
0.00 453.94
0.00 452.94
0.00 451.95
0.00 450.95
0.00 449.96
0.00 448.97
0.00 973.76
0.00 971.62
0.00 969.48
0.00 967.35
91.35 965.22
441.67 963.10
791.22 960.98
1140.00 1484.64
1140.00 1629.70
1140.00 1626.12
1140.00 1622.54
1140.00 1618.97
1052.94 1117.74
525.31 557.64
281.08 537.82
201.84 536.63
196.35 535.45
195.92 534.27
195.49 533.10
195.06 531.93
194.63 530.76
194.20 529.59
193.77 528.42
193.35 527.26
192.92 526.10
192.50 524.94
192.07 523.79
191.65 522.64
191.23 521.49
190.81 520.34
190.39 519.19
189.97 518.05
189.55 516.91
189.14 515.78
188.72 514.64
188.30 513.51
187.89 512.38
187.48 511.25
187.06 510.13
186.65 509.00
186.24 507.88
185.83 506.77
185.42 505.65
185.02 504.54
184.61 503.43
184.20 502.32
183.80 501.22
183.39 500.11
182.99 499.01
182.59 497.92
182.18 496.82
181.78 495.73
181.38 494.64
180.99 493.55
180.59 492.46
180.19 491.38
179.79 490.30
179.40 489.22
179.00 488.14
178.61 487.07
178.22 486.00
177.82 484.93
177.43 483.86
177.04 482.80
176.65 481.74
176.26 480.68
175.88 479.62
175.49 478.56
175.10 477.51
174.72 476.46
174.33 475.41
173.95 474.37
173.57 473.32
173.19 472.28
172.81 471.24
172.42 470.21
172.05 469.17
171.67 468.14
171.29 467.11
170.91 466.08
170.54 465.06
170.16 464.03
169.79 463.01
169.41 461.99
169.04 460.98
168.67 459.96
168.30 458.95
167.93 457.94
167.56 456.93
167.19 455.93
166.82 454.93
166.45 453.92
166.09 452.93
165.72 451.93
165.36 450.94
164.99 449.94
164.63 448.95
164.27 447.97
163.91 446.98
163.55 446.00
163.19 445.02
162.83 444.04
162.47 443.06
162.11 442.08
161.76 441.11
161.40 440.14
161.05 439.17
160.69 438.21
160.34 437.24
159.98 436.28
159.63 435.32
159.28 434.36
158.93 433.41
158.58 432.45
158.23 431.50
157.88 430.55
157.54 429.61
157.19 428.66
156.84 427.72
156.50 426.78
156.16 425.84
155.81 424.90
155.47 423.97
155.13 423.03
154.79 422.10
154.45 421.17
154.11 420.25
153.77 419.32
153.43 418.40
153.09 417.48
152.75 416.56
152.42 415.65
152.08 414.73
151.75 413.82
151.41 412.91
151.08 412.00
150.75 411.09
150.42 410.19
150.09 409.29
149.76 408.39
149.43 407.49
149.10 406.59
148.77 405.70
148.44 404.80
148.12 403.91
147.79 403.03
147.46 402.14
147.14 401.25
146.82 400.37
146.49 399.49
146.17 398.61
145.85 397.73
145.53 396.86
145.21 395.99
144.89 395.12
144.57 394.25
144.25 393.38
143.94 392.51
143.62 391.65
143.30 390.79
142.99 389.93
142.67 389.07
142.36 388.21
142.05 387.36
141.73 386.51
141.42 385.66
141.11 384.81
140.80 383.96
140.49 383.12
140.18 382.28
139.87 381.43
139.56 380.60
139.26 379.76
138.95 378.92
138.65 378.09
138.34 377.26
138.04 376.43
137.73 375.60
137.43 374.77
137.13 373.95
136.83 373.13
136.52 372.30
136.22 371.49
135.92 370.67
135.63 369.85
135.33 369.04
135.03 368.23
134.73 367.42
134.44 366.61
134.14 365.80
133.85 365.00
133.55 364.19
133.26 363.39
132.96 362.59
132.67 361.80
132.38 361.00
132.09 360.21
131.80 359.41
131.51 358.62
131.22 357.83
130.93 357.05
130.64 356.26
130.35 355.48
130.07 354.70
129.78 353.91
129.50 353.14
129.21 352.36
128.93 351.58
128.64 350.81
128.36 350.04
128.08 349.27
127.80 348.50
127.51 347.73
127.23 346.97
126.95 346.21
126.67 345.44
126.40 344.68
126.12 343.93
125.84 343.17
125.56 342.41
125.29 341.66
125.01 340.91
124.74 340.16
124.46 339.41
124.19 338.66
123.92 337.92
123.64 337.18
123.37 336.43
123.10 335.69
122.83 334.95
122.56 334.22
122.29 333.48
122.02 332.75
121.75 332.02
121.48 331.29
121.22 330.56
120.95 329.83
120.68 329.10
120.42 328.38
120.15 327.66
119.89 326.94
119.62 326.22
119.36 325.50
119.10 324.78
118.84 324.07
118.58 323.36
118.31 322.65
118.05 321.94
117.79 321.23
117.54 320.52
117.28 319.82
117.02 319.11
116.76 318.41
116.50 317.71
116.25 317.01
115.99 316.31
115.74 315.62
115.48 314.92
115.23 314.23
114.98 313.54
114.72 312.85
114.47 312.16
114.22 311.47
113.97 310.79
113.72 310.11
113.47 309.42
113.22 308.74
112.97 308.06
112.72 307.39
112.47 306.71
112.22 306.03
111.98 351.11
111.73 350.34
111.48 349.57
111.24 348.80
110.99 348.03
110.75 347.26
55.25 173.25
55.13 172.87
55.01 172.49
54.89 172.11
54.77 171.73
54.65 171.35
54.53 170.98
54.41 170.60
54.29 170.22
54.17 169.85
54.05 169.48
53.93 169.10
53.81 168.73
53.69 168.36
53.58 167.99
53.46 167.62
53.34 167.25
53.22 166.88
53.11 166.52
52.99 166.15
52.87 165.78
52.76 165.42
52.64 165.06
52.52 164.69
52.41 164.33
52.29 163.97
52.18 163.61
52.06 163.25
51.95 162.89
51.83 162.53
51.72 162.17
51.61 161.82
51.49 161.46
51.38 161.10
51.27 160.75
51.15 160.40
51.04 160.04
50.93 159.69
50.82 159.34
50.71 158.99
50.59 158.64
50.48 158.29
50.37 157.94
50.26 157.60
50.15 157.25
50.04 156.90
49.93 156.56
49.82 156.21
49.71 155.87
49.60 155.53
49.49 155.18
49.38 154.84
49.27 154.50
49.17 154.16
49.06 153.82
48.95 153.48
48.84 153.15
48.73 152.81
48.63 152.47
48.52 152.14
48.41 151.80
48.31 151.47
48.20 151.14
48.09 150.80
47.99 150.47
47.88 150.14
47.78 149.81
47.67 149.48
47.57 149.15
47.46 148.82
47.36 148.50
47.25 148.17
47.15 147.84
47.05 147.52
46.94 147.19
46.84 146.87
46.74 146.55
46.63 146.23
46.53 145.90
46.43 145.58
46.33 145.26
46.23 144.94
46.12 144.62
46.02 144.31
45.92 143.99
45.82 143.67
45.72 143.36
45.62 143.04
45.52 142.73
45.42 142.41
45.32 142.10
45.22 141.79
45.12 141.47
45.02 141.16
44.92 140.85
44.82 140.54
44.72 140.23
44.62 139.92
44.53 139.62
44.43 139.31
44.33 139.00
44.23 138.70
44.14 138.39
44.04 138.09
43.94 137.78
43.85 137.48
43.75 137.18
43.65 136.88
43.56 136.57
43.46 136.27
43.37 135.97
43.27 135.68
43.17 135.38
43.08 135.08
42.98 134.78
42.89 134.49
42.80 134.19
42.70 133.89
42.61 133.60
42.51 133.31
42.42 133.01
42.33 132.72
42.23 132.43
42.14 132.14
42.05 131.85
41.96 131.56
41.86 131.27
41.77 130.98
41.68 130.69
41.59 130.40
41.50 130.12
41.41 129.83
41.31 129.54
41.22 129.26
41.13 128.97
41.04 128.69
40.95 128.41
40.86 128.12
40.77 127.84
40.68 127.56
40.59 127.28
40.50 127.00
40.41 126.72
40.33 126.44
40.24 126.16
40.15 125.89
40.06 125.61
39.97 125.33
39.88 125.06
39.80 124.78
39.71 124.51
39.62 124.23
39.53 123.96
39.45 123.69
39.36 123.42
39.27 123.14
39.19 122.87
39.10 122.60
39.01 122.33
38.93 122.06
38.84 121.80
38.76 121.53
38.67 121.26
38.59 120.99
38.50 120.73
38.42 120.46
38.33 120.20
38.25 119.93
38.16 119.67
38.08 119.41
38.00 119.14
37.91 118.88
37.83 118.62
37.75 118.36
37.66 118.10
37.58 117.84
37.50 117.58
37.42 117.32
37.33 117.06
37.25 116.80
37.17 116.55
37.09 116.29
37.01 116.04
36.92 115.78
36.84 115.53
36.76 115.27
36.68 115.02
36.60 114.76
36.52 114.51
36.44 114.26
36.36 114.01
36.28 113.76
36.20 113.51
36.12 113.26
36.04 113.01
35.96 112.76
35.88 112.51
35.80 112.26
35.72 112.02
35.65 111.77
35.57 111.53
35.49 111.28
35.41 111.04
35.33 110.79
35.26 110.55
35.18 110.30
35.10 110.06
35.02 109.82
34.95 109.58
34.87 109.34
34.79 109.10
34.72 108.86
34.64 108.62
34.56 108.38
34.49 108.14
34.41 107.90
34.34 107.66
34.26 107.43
34.19 107.19
34.11 106.95
34.04 106.72
33.96 106.48
33.89 106.25
33.81 106.02
33.74 105.78
33.66 105.55
33.59 105.32
33.51 105.09
33.44 104.86
33.37 104.62
33.29 104.39
33.22 104.16
33.15 103.94
33.07 103.71
33.00 103.48
32.93 103.25
32.86 103.02
32.78 102.80
32.71 102.57
32.64 102.35
32.57 102.12
32.50 101.90
32.43 101.67
32.35 101.45
32.28 101.22
32.21 101.00
32.14 100.78
32.07 100.56
32.00 100.34
31.93 100.12
31.86 99.90
31.79 99.68
31.72 99.46
31.65 99.24
31.58 99.02
31.51 98.80
31.44 98.58
31.37 98.37
31.30 98.15
31.23 97.94
31.16 97.72
31.10 97.50
31.03 97.29
30.96 97.08
30.89 96.86
30.82 96.65
30.76 96.44
30.69 96.22
30.62 96.01
30.55 95.80
30.49 95.59
30.42 95.38
30.35 95.17
30.29 94.96
30.22 94.75
30.15 94.54
30.09 94.34
30.02 94.13
29.95 93.92
29.89 93.72
29.82 93.51
164.25 93.30
514.41 618.88
513.28 685.20
512.15 683.70
511.03 682.19
509.90 680.69
508.78 679.19
253.83 338.85
253.27 248.78
217.10 124.12
115.10 61.92
114.84 61.79
114.59 61.65
114.34 61.51
114.09 61.38
113.83 61.24
113.58 61.11
113.33 138.24
113.08 137.94
112.84 137.63
112.59 137.33
462.86 137.03
812.36 662.51
1140.00 1186.83
1140.00 1710.00
1140.00 1710.00
1140.00 1710.00
1140.00 1710.00
1140.00 1710.00
1137.49 1700.87
947.90 1282.20
472.91 639.69
471.87 497.58
470.83 496.49
469.79 495.39
468.76 494.30
467.73 493.22
466.70 492.13
465.67 491.05
464.65 489.97
463.63 488.89
462.61 487.82
461.59 486.74
460.57 485.67
459.56 484.60
458.55 483.54
457.54 482.47
456.53 481.41
455.53 480.35
454.53 479.30
453.53 478.24
452.53 477.19
451.53 476.14
450.54 475.09
449.55 474.05
448.56 473.00
447.57 471.96
446.59 470.92
445.61 469.89
444.63 468.86
443.65 467.82
442.67 466.79
441.70 465.77
440.73 464.74
439.76 463.72
438.79 462.70
437.82 461.68
436.86 460.67
435.90 459.65
434.94 458.64
433.98 457.63
433.03 456.63
432.08 455.62
431.13 454.62
430.18 453.62
429.23 452.62
428.29 451.63
427.35 450.63
426.41 449.64
425.47 448.65
424.53 447.66
423.60 446.68
422.67 445.70
421.74 444.72
420.81 443.74
419.88 442.76
418.96 441.79
418.04 440.82
417.12 439.85
416.20 438.88
415.28 437.91
414.37 436.95
413.46 435.99
412.55 435.03
411.64 434.07
410.74 433.12
409.83 432.16
408.93 431.21
408.03 430.26
407.13 429.32
406.24 428.37
405.34 427.43
404.45 426.49
403.56 425.55
402.67 424.62
401.79 423.68
400.90 422.75
400.02 421.82
399.14 420.89
398.26 419.97
397.39 419.04
396.51 418.12
395.64 417.20
394.77 416.28
393.90 415.37
393.04 414.45
392.17 413.54
391.31 412.63
390.45 411.72
389.59 410.82
515.66 409.91
514.53 409.01
513.40 408.11
512.27 407.21
511.14 406.32
510.01 405.42
508.89 404.53
253.89 201.82
253.33 201.38
252.77 200.93
252.21 200.49
251.66 200.05
251.11 199.61
250.55 199.17
250.00 198.73
249.45 198.30
248.90 197.86
248.36 197.42
247.81 196.99
247.26 196.56
246.72 196.12
246.18 195.69
245.64 195.26
245.10 194.83
244.56 194.40
244.02 193.98
243.48 193.55
242.95 193.12
242.41 192.70
241.88 192.28
241.35 191.85
240.81 191.43
240.29 191.01
239.76 190.59
239.23 190.17
238.70 189.75
238.18 189.33
237.65 188.92
450.51 188.50
449.52 188.09
448.53 187.67
447.55 187.26
446.56 186.85
445.58 186.44
444.60 186.03
443.62 185.62
442.65 185.21
441.67 184.80
791.22 221.93
1140.00 747.22
1137.49 745.58
1134.99 743.94
1132.49 742.30
1130.00 740.67
1071.61 559.49
534.63 279.13
533.45 175.01
532.28 174.63
531.11 174.24
529.94 173.86
528.77 173.48
527.61 173.09
526.45 172.71
525.29 172.33
524.14 171.95
522.98 171.58
521.83 171.20
520.68 170.82
519.54 170.45
518.40 170.07
517.25 169.70
516.12 169.32
514.98 168.95
513.85 168.58
512.72 168.21
511.59 167.84
510.46 167.47
509.34 167.10
508.22 166.73
507.10 166.37
505.99 166.00
504.87 165.64
503.76 165.27
502.65 164.91
501.55 164.54
500.45 164.18
499.34 163.82
498.25 163.46
497.15 163.10
496.06 162.74
494.96 162.38
493.88 162.03
492.79 161.67
491.71 161.32
490.62 160.96
489.54 160.61
488.47 160.25
487.39 159.90
486.32 159.55
485.25 159.20
484.18 158.85
483.12 158.50
482.05 158.15
259.36 157.80
258.79 157.45
258.22 157.11
257.65 156.76
257.08 156.42
256.52 156.07
255.95 155.73
255.39 155.39
254.83 155.05
254.27 154.70
253.71 154.36
253.15 154.02
252.59 153.69
252.04 153.35
251.48 153.01
250.93 152.67
250.38 152.34
249.83 152.00
249.28 151.67
248.73 151.33
248.18 151.00
247.64 150.67
247.09 150.34
246.55 150.01
246.00 149.68
245.46 149.35
244.92 149.02
244.38 148.69
243.85 148.36
243.31 148.04
242.78 147.71
242.24 147.39
241.71 147.06
241.18 146.74
240.65 146.42
240.12 146.09
239.59 145.77
239.06 145.45
238.53 145.13
238.01 144.81
237.49 144.49
236.96 144.18
236.44 143.86
235.92 143.54
235.40 143.23
234.89 142.91
234.37 142.60
233.85 142.28
233.34 141.97
232.83 141.66
232.31 141.35
231.80 141.04
231.29 140.73
230.78 140.42
230.28 140.11
229.77 139.80
229.26 139.49
228.76 139.18
228.26 138.88
227.75 138.57
227.25 138.27
226.75 137.96
226.25 137.66
225.76 137.36
225.26 137.05
224.76 136.75
224.27 136.45
223.78 136.15
223.28 135.85
222.79 135.55
222.30 135.26
221.81 134.96
221.33 134.66
220.84 134.36
220.35 134.07
219.87 133.77
219.38 133.48
218.90 133.19
218.42 132.89
217.94 132.60
217.46 132.31
216.98 132.02
216.50 131.73
216.03 131.44
215.55 131.15
215.08 130.86
214.61 130.57
214.13 130.29
213.66 130.00
213.19 129.71
212.72 129.43
212.25 129.14
211.79 128.86
211.32 128.57
210.86 128.29
210.39 128.01
209.93 127.73
209.47 127.45
209.01 127.17
208.55 126.89
208.09 126.61
207.63 126.33
207.17 126.05
206.72 125.77
206.26 125.50
205.81 125.22
205.36 124.95
204.91 124.67
204.45 124.40
204.00 124.12
203.56 123.85
203.11 123.58
202.66 123.31
202.22 123.03
377.14 154.43
376.31 335.58
375.48 334.84
374.66 334.10
373.83 333.37
373.01 293.33
186.09 146.34
185.69 146.02
185.28 145.70
184.87 145.38
184.46 145.06
184.06 144.74
183.65 144.42
183.25 144.10
182.84 143.78
182.44 143.47
182.04 143.15
181.64 142.84
181.24 142.52
180.84 142.21
180.44 141.90
180.05 141.58
179.65 141.27
183.19 140.96
533.31 502.84
532.14 501.73
530.97 500.63
529.80 499.53
528.63 498.43
429.42 323.39
214.24 161.34
213.77 160.99
213.29 160.63
212.83 160.28
212.36 159.92
211.89 159.57
211.42 159.22
210.96 158.87
210.49 158.52
210.03 158.17
209.57 683.61
209.11 1202.62
208.65 1199.97
208.19 1197.33
207.73 1194.70
207.27 1192.07
441.67 1189.45
791.22 1186.83
1140.00 1710.00
1140.00 1710.00
1140.00 1710.00
1140.00 1710.00
1137.49 1579.76
982.85 1230.47
490.35 733.15
406.51 384.89
202.81 192.02
101.18 117.06
100.96 116.81
100.74 116.55
100.51 116.29
100.29 116.04
100.07 115.78
99.85 115.53
99.63 115.27
99.41 115.02
99.19 114.77
98.98 114.51
98.76 114.26
98.54 114.01
98.32 113.76
98.11 113.51
97.89 113.26
97.68 113.01
97.46 112.76
97.25 112.51
97.03 112.27
96.82 112.02
96.61 111.77
96.39 111.53
96.18 111.28
95.97 111.04
95.76 110.79
95.55 110.55
95.34 110.30
95.13 110.06
94.92 109.82
94.71 109.58
94.50 109.34
94.29 109.10
94.09 108.86
93.88 108.62
93.67 108.38
93.47 108.14
93.26 107.90
93.06 107.66
92.85 107.43
92.65 107.19
92.44 106.96
92.24 106.72
92.04 106.49
91.84 106.25
91.63 106.02
91.43 105.78
91.23 105.55
91.03 105.32
90.83 105.09
90.63 104.86
90.43 104.63
90.23 104.40
90.03 104.17
89.83 103.94
89.64 103.71
89.44 103.48
89.24 103.25
89.05 103.02
88.85 102.80
88.66 102.57
88.46 102.35
88.27 102.12
88.07 101.90
87.88 101.67
87.68 101.45
87.49 101.23
87.30 101.00
87.11 100.78
86.92 100.56
86.72 100.34
86.53 100.12
86.34 99.90
86.15 99.68
85.96 99.46
85.77 99.24
85.59 99.02
85.40 98.80
85.21 98.59
85.02 98.37
84.84 98.15
84.65 97.94
84.46 97.72
84.28 97.51
84.09 97.29
83.91 97.08
83.72 96.86
83.54 96.65
83.35 96.44
83.17 96.23
82.99 96.01
82.80 95.80
82.62 95.59
82.44 95.38
82.26 95.17
82.08 94.96
81.90 94.75
81.72 94.55
81.54 94.34
81.36 94.13
81.18 93.92
81.00 93.72
80.82 93.51
80.64 93.30
80.47 93.10
80.29 92.89
80.11 92.69
79.94 92.49
79.76 92.28
79.59 92.08
79.41 91.88
79.24 91.67
79.06 91.47
78.89 91.27
78.71 91.07
78.54 90.87
78.37 90.67
78.20 90.47
78.02 90.27
77.85 90.07
77.68 89.88
77.51 89.68
77.34 89.48
77.17 89.28
77.00 89.09
76.83 88.89
76.66 88.70
76.49 88.50
76.32 88.31
76.16 88.11
75.99 87.92
75.82 87.72
75.65 87.53
75.49 87.34
75.32 87.15
75.16 86.95
74.99 86.76
74.83 86.57
74.66 86.38
74.50 86.19
74.33 86.00
74.17 85.81
74.01 85.62
73.84 85.44
73.68 85.25
73.52 85.06
73.36 84.87
73.20 84.69
73.04 84.50
72.87 84.31
72.71 84.13
72.55 83.94
72.39 83.76
72.24 83.57
72.08 83.39
71.92 83.21
71.76 83.02
71.60 82.84
71.44 82.66
71.29 82.48
71.13 82.30
70.97 82.12
70.82 81.93
70.66 81.75
70.51 81.57
70.35 40.70
35.10 20.30
17.51 10.13
8.74 5.05
4.36 2.52
2.17 1.26
2.17 1.26
2.16 1.25
2.16 1.25
2.16 1.25
2.15 1.24
2.15 1.24
2.14 1.24
2.14 1.24
2.13 1.23
2.13 1.23
2.12 1.23
2.12 1.23
2.11 1.22
2.11 1.22
2.10 1.22
2.10 1.21
2.09 1.21
2.09 1.21
2.09 1.21
2.08 1.20
2.08 1.20
2.07 1.20
2.07 1.20
2.06 1.19
2.06 1.19
2.05 1.19
2.05 1.19
2.04 1.18
2.04 1.18
2.04 1.18
2.03 1.17
2.03 1.17
2.02 1.17
2.02 1.17
2.01 1.16
2.01 1.16
2.00 1.16
2.00 1.16
2.00 1.15
1.99 1.15
1.99 1.15
1.98 1.15
1.98 1.14
1.97 1.14
1.97 1.14
1.96 1.14
1.96 1.13
1.96 1.13
1.95 1.13
1.95 1.13
1.94 1.12
1.94 1.12
1.93 1.12
1.93 1.12
1.93 1.11
1.92 1.11
1.92 1.11
1.91 1.11
1.91 1.10
1.91 1.10
1.90 1.10
1.90 1.10
1.89 1.09
1.89 1.09
1.88 1.09
1.88 1.09
1.88 1.09
1.87 1.08
1.87 1.08
1.86 1.08
1.86 1.08
1.86 1.07
1.85 1.07
1.85 1.07
1.84 1.07
1.84 1.06
1.84 1.06
1.83 1.06
1.83 1.06
1.82 1.05
1.82 1.05
1.82 1.05
1.81 1.05
1.81 1.05
1.80 1.04
1.80 1.04
1.80 1.04
1.79 1.04
1.79 1.03
1.78 1.03
1.78 1.03
1.78 1.03
1.77 1.02
1.77 1.02
1.76 1.02
1.76 1.02
1.76 1.02
1.75 1.01
1.75 1.01
1.74 1.01
1.74 1.01
1.74 1.00
1.73 1.00
1.73 1.00
1.73 1.00
1.72 1.00
1.72 0.99
1.71 0.99
1.71 0.99
1.71 0.99
1.70 0.99
1.70 0.98
1.70 0.98
1.69 0.98
1.69 0.98
1.68 0.97
1.68 0.97
1.68 0.97
1.67 0.97
1.67 0.97
1.67 0.96
1.66 0.96
1.66 0.96
1.65 0.96
1.65 0.96
1.65 0.95
1.64 0.95
1.64 0.95
1.64 0.95
1.63 0.94
1.63 0.94
1.63 0.94
1.62 0.94
1.62 0.94
1.62 0.93
1.61 0.93
1.61 0.93
1.60 0.93
1.60 0.93
1.60 0.92
1.59 0.92
1.59 0.92
1.59 0.92
1.58 0.92
1.58 0.91
1.58 0.91
1.57 0.91
1.57 0.91
1.57 0.91
1.56 0.90
1.56 0.90
1.56 0.90
1.55 0.90
1.55 0.90
1.55 0.89
1.54 0.89
1.54 0.89
1.54 0.89
1.53 0.89
1.53 0.88
1.53 0.88
1.52 0.88
1.52 0.88
1.52 0.88
1.51 0.87
1.51 0.87
1.51 0.87
1.50 0.87
1.50 0.87
1.50 0.87
1.49 0.86
1.49 0.86
1.49 0.86
1.48 0.86
1.48 0.86
1.48 0.85
1.47 0.85
1.47 0.85
1.47 0.85
1.46 0.85
1.46 0.84
1.46 0.84
1.45 0.84
1.45 0.84
1.45 0.84
1.44 0.84
1.44 0.83
1.44 0.83
1.43 0.83
1.43 0.83
1.43 0.83
1.42 0.82
1.42 0.82
1.42 0.82
1.42 0.82
1.41 0.82
1.41 0.82
1.41 0.81
1.40 0.81
1.40 0.81
1.40 0.81
1.39 0.81
1.39 0.80
1.39 0.80
1.38 0.80
1.38 0.80
1.38 0.80
1.38 0.80
1.37 0.79
1.37 0.79
1.37 0.79
1.36 0.79
1.36 0.79
1.36 0.79
1.35 0.78
1.35 0.78
1.35 0.78
1.35 0.78
1.34 0.78
1.34 0.77
1.34 0.77
1.33 0.77
1.33 0.77
1.33 0.77
1.32 0.77
1.32 0.76
1.32 0.76
1.32 0.76
1.31 0.76
1.31 0.76
1.31 0.76
1.30 0.75
1.30 0.75
1.30 0.75
1.30 0.75
1.29 0.75
1.29 0.75
1.29 0.74
1.28 0.74
1.28 0.74
1.28 0.74
1.28 0.74
1.27 0.74
1.27 0.73
1.27 0.73
1.26 0.73
1.26 0.73
1.26 0.73
1.26 0.73
1.25 0.73
1.25 0.72
1.25 0.72
1.25 0.72
1.24 0.72
1.24 0.72
1.24 0.72
1.23 0.71
1.23 0.71
1.23 0.71
1.23 0.71
1.22 0.71
1.22 0.71
1.22 0.70
1.22 0.70
1.21 0.70
1.21 0.70
1.21 0.70
1.21 0.70
1.20 0.70
1.20 0.69
1.20 0.69
1.19 0.69
1.19 0.69
1.19 0.69
1.19 0.69
1.18 0.68
1.18 0.68
1.18 0.68
1.18 0.68
1.17 0.68
1.17 0.68
1.17 0.68
1.17 0.67
1.16 0.67
1.16 0.67
1.16 0.67
1.16 0.67
1.15 0.67
1.15 0.67
1.15 0.66
1.15 0.66
1.14 0.66
1.14 0.66
1.14 0.66
1.14 0.66
1.13 0.66
1.13 0.65
1.13 0.65
1.13 0.65
1.12 0.65
1.12 344.46
1.12 343.70
1.12 342.95
1.11 342.19
1.11 341.44
1.11 340.69
1.11 169.97
0.55 84.80
0.28 42.31
0.14 21.11
0.07 10.53
0.03 5.25
0.03 5.24
0.03 5.23
0.03 5.22
0.03 5.21
0.03 5.20
0.03 5.18
0.03 5.17
0.03 5.16
0.03 5.15
0.03 5.14
0.03 5.13
0.03 5.12
0.03 5.11
0.03 5.09
0.03 5.08
0.03 5.07
0.03 5.06
0.03 5.05
0.03 5.04
0.03 5.03
0.03 5.02
0.03 5.00
0.03 4.99
0.03 4.98
0.03 4.97
0.03 4.96
0.03 4.95
0.03 4.94
0.03 4.93
0.03 4.92
0.03 4.91
0.03 4.90
0.03 4.89
0.03 4.87
0.03 4.86
0.03 4.85
0.03 4.84
0.03 4.83
0.03 4.82
0.03 4.81
0.03 4.80
0.03 4.79
0.03 4.78
0.03 4.77
0.03 4.76
0.03 4.75
0.03 4.74
0.03 4.73
0.03 4.72
0.03 4.71
0.03 4.70
0.03 4.68
0.03 4.67
0.03 4.66
0.03 4.65
0.03 4.64
0.03 4.63
0.03 4.62
0.03 4.61
0.03 4.60
0.03 4.59
0.03 4.58
0.03 4.57
0.03 4.56
0.03 4.55
0.03 4.54
0.03 4.53
0.03 4.52
0.03 4.51
0.03 4.50
0.03 4.49
0.03 4.48
0.03 4.47
0.03 4.46
0.03 4.45
0.03 4.44
0.03 4.43
0.03 4.42
0.03 4.41
0.03 4.40
0.03 4.40
0.03 4.39
0.03 4.38
0.03 4.37
0.03 4.36
0.03 4.35
0.03 4.34
0.03 4.33
0.03 4.32
0.03 4.31
0.03 4.30
0.03 4.29
0.03 4.28
0.03 4.27
0.03 4.26
0.03 4.25
0.03 4.24
0.03 4.23
0.03 4.22
0.03 4.21
0.03 4.21
0.03 4.20
0.03 4.19
0.03 4.18
0.03 4.17
0.03 4.16
0.03 4.15
0.03 4.14
0.03 4.13
0.03 4.12
0.03 4.11
0.03 4.10
0.03 4.10
0.03 4.09
0.03 4.08
0.03 4.07
0.03 4.06
0.03 4.05
0.03 4.04
0.03 4.03
0.03 4.02
0.03 4.02
0.03 4.01
0.03 4.00
0.03 3.99
0.03 3.98
0.03 3.97
0.03 3.96
0.03 3.95
0.03 3.95
0.03 3.94
0.03 3.93
0.03 3.92
0.03 3.91
0.03 3.90
0.03 3.89
0.03 3.89
0.03 3.88
0.03 3.87
0.03 3.86
0.03 3.85
0.02 3.84
0.02 3.83
0.02 3.83
0.02 3.82
0.02 3.81
0.02 3.80
0.02 3.79
0.02 3.78
0.02 3.78
0.02 3.77
0.02 3.76
0.02 3.75
0.02 3.74
0.02 3.73
0.02 3.73
0.02 3.72
0.02 3.71
0.02 3.70
0.02 3.69
0.02 3.69
0.02 3.68
0.02 3.67
0.02 3.66
0.02 3.65
0.02 3.64
0.02 3.64
0.02 3.63
0.02 3.62
0.02 3.61
0.02 3.60
0.02 3.60
0.02 3.59
0.02 3.58
0.02 3.57
0.02 3.57
0.02 3.56
0.02 3.55
0.02 3.54
0.02 3.53
0.02 3.53
0.02 3.52
0.02 3.51
0.02 3.50
0.02 3.50
0.02 3.49
0.02 3.48
0.02 3.47
0.02 3.46
0.02 3.46
0.02 3.45
0.02 3.44
0.02 3.43
0.02 3.43
0.02 3.42
0.02 3.41
0.02 3.40
0.02 3.40
0.02 3.39
0.02 3.38
0.02 3.37
0.02 3.37
0.02 3.36
0.02 3.35
0.02 3.34
0.02 3.34
0.02 3.33
0.02 3.32
0.02 3.32
0.02 3.31
0.02 3.30
0.02 3.29
0.02 3.29
0.02 3.28
0.02 3.27
0.02 3.26
0.02 3.26
0.02 3.25
0.02 3.24
0.02 3.24
0.02 3.23
0.02 3.22
0.02 3.21
0.02 3.21
0.02 3.20
0.02 3.19
0.02 3.19
0.02 3.18
0.02 3.17
0.02 3.17
0.02 3.16
0.02 3.15
0.02 3.14
0.02 3.14
0.02 3.13
0.02 3.12
0.02 3.12
0.02 3.11
0.02 3.10
0.02 3.10
0.02 3.09
0.02 3.08
0.02 3.08
0.02 3.07
0.02 3.06
0.02 3.06
0.02 3.05
0.02 3.04
0.02 3.04
0.02 3.03
0.02 3.02
0.02 3.02
0.02 3.01
0.02 3.00
0.02 3.00
0.02 2.99
0.02 2.98
0.02 2.98
0.02 2.97
0.02 2.96
0.02 2.96
0.02 2.95
0.02 2.94
0.02 2.94
0.02 2.93
0.02 2.92
0.02 2.92
0.02 2.91
0.02 2.90
0.02 2.90
0.02 2.89
0.02 2.89
0.02 2.88
0.02 2.87
0.02 2.87
0.02 2.86
0.02 2.85
0.02 2.85
0.02 2.84
0.02 2.84
0.02 2.83
0.02 2.82
0.02 2.82
0.02 2.81
0.02 2.80
0.02 2.80
0.02 2.79
0.02 2.79
0.02 2.78
0.02 2.77
0.02 2.77
0.02 2.76
0.02 2.76
0.02 2.75
0.02 2.74
0.02 2.74
0.02 2.73
0.02 2.73
0.02 2.72
0.02 2.71
0.02 2.71
0.02 2.70
0.02 2.70
0.02 2.69
0.02 2.68
0.02 2.68
0.02 2.67
0.02 2.67
0.02 2.66
0.02 2.65
0.02 2.65
0.02 2.64
0.02 2.64
0.02 2.63
0.02 2.63
0.02 2.62
0.02 2.61
0.02 2.61
0.02 2.60
0.02 2.60
0.02 2.59
0.02 2.58
0.02 2.58
0.02 2.57
0.02 2.57
0.02 2.56
0.02 2.56
0.02 2.55
0.02 2.55
0.02 2.54
0.02 2.53
0.02 2.53
0.02 2.52
0.02 2.52
0.02 2.51
0.02 2.51
0.02 2.50
0.02 2.50
0.02 2.49
0.02 2.48
0.02 2.48
0.02 2.47
0.02 2.47
0.02 2.46
0.02 2.46
0.02 2.45
0.02 2.45
0.02 2.44
0.02 2.44
0.02 2.43
0.02 2.42
0.02 2.42
0.02 2.41
0.02 2.41
0.02 2.40
0.02 2.40
0.02 2.39
0.02 2.39
0.02 2.38
0.02 2.38
0.02 2.37
0.02 2.37
0.02 2.36
0.02 2.36
0.02 2.35
0.02 2.35
0.02 2.34
0.02 2.34
0.02 2.33
0.02 2.33
0.02 2.32
0.02 2.32
0.02 2.31
0.01 2.31
0.01 2.30
0.01 2.30
0.01 2.29
0.01 2.28
0.01 2.28
0.01 2.27
0.01 2.27
0.01 2.26
0.01 2.26
0.01 2.25
0.01 2.25
0.01 2.25
0.01 2.24
0.01 2.24
0.01 2.23
0.01 2.23
0.01 2.22
0.01 2.22
0.01 2.21
0.01 2.21
0.01 2.20
0.01 2.20
0.01 2.19
0.01 2.19
0.01 2.18
0.01 2.18
0.01 2.17
0.01 2.17
0.01 2.16
0.01 2.16
0.01 2.15
0.01 2.15
0.01 2.14
0.01 2.14
0.01 2.13
0.01 2.13
0.01 2.12
0.01 2.12
0.01 2.12
0.01 2.11
0.01 2.11
0.01 2.10
0.01 2.10
0.01 2.09
0.01 2.09
0.01 2.08
0.01 411.95
0.01 411.04
0.01 410.14
0.01 409.24
0.01 408.33
0.01 407.44
0.01 203.27
0.01 101.41
0.00 50.59
0.00 25.24
0.00 12.59
0.00 6.28
0.00 6.27
0.00 6.26
0.00 6.24
0.00 6.23
0.00 6.21
0.00 6.20
0.00 6.19
0.00 6.17
0.00 6.16
0.00 6.15
0.00 6.13
0.00 6.12
0.00 6.11
0.00 6.09
0.00 6.08
0.00 6.07
0.00 6.05
0.00 6.04
0.00 6.03
0.00 6.01
0.00 6.00
0.00 5.99
0.00 5.97
0.00 5.96
0.00 5.95
0.00 5.93
0.00 5.92
0.00 5.91
0.00 5.89
0.00 5.88
0.00 5.87
0.00 5.86
0.00 5.84
0.00 5.83
0.00 5.82
0.00 5.80
0.00 5.79
0.00 5.78
0.00 5.77
0.00 5.75
0.00 5.74
0.00 5.73
0.00 5.71
0.00 5.70
0.00 5.69
0.00 5.68
0.00 5.66
0.00 5.65
0.00 5.64
0.00 5.63
0.00 5.62
0.00 5.60
0.00 5.59
0.00 5.58
0.00 5.57
0.00 5.55
0.00 5.54
0.00 5.53
0.00 5.52
0.00 5.50
0.00 5.49
0.00 5.48
0.00 5.47
0.00 5.46
0.00 5.44
0.00 5.43
0.00 5.42
0.00 5.41
0.00 5.40
0.00 5.39
0.00 5.37
0.00 5.36
0.00 5.35
0.00 5.34
0.00 5.33
0.00 5.31
0.00 5.30
0.00 5.29
0.00 5.28
0.00 5.27
0.00 5.26
0.00 5.24
0.00 5.23
0.00 5.22
0.00 5.21
0.00 5.20
0.00 5.19
0.00 5.18
0.00 5.16
0.00 5.15
0.00 5.14
0.00 5.13
0.00 5.12
0.00 5.11
0.00 5.10
0.00 5.09
0.00 5.07
0.00 5.06
0.00 5.05
0.00 5.04
0.00 5.03
0.00 5.02
0.00 5.01
0.00 5.00
0.00 4.99
0.00 4.97
0.00 4.96
0.00 4.95
0.00 4.94
0.00 4.93
0.00 4.92
0.00 4.91
0.00 4.90
0.00 4.89
0.00 4.88
0.00 4.87
0.00 4.86
0.00 4.84
0.00 4.83
0.00 4.82
0.00 4.81
0.00 4.80
0.00 4.79
0.00 4.78
0.00 4.77
0.00 4.76
0.00 4.75
0.00 4.74
0.00 4.73
0.00 4.72
0.00 4.71
0.00 4.70
0.00 4.69
0.00 4.68
0.00 4.67
0.00 4.66
0.00 4.65
0.00 4.64
0.00 4.63
0.00 4.62
0.00 4.61
0.00 4.60
0.00 4.59
0.00 4.58
0.00 4.57
0.00 4.56
0.00 4.55
0.00 4.54
0.00 4.53
0.00 4.52
0.00 4.51
0.00 4.50
0.00 4.49
0.00 4.48
0.00 4.47
0.00 4.46
0.00 4.45
0.00 4.44
0.00 4.43
0.00 4.42
0.00 4.41
0.00 4.40
0.00 4.39
0.00 4.38
0.00 4.37
0.00 4.36
0.00 4.35
0.00 4.34
0.00 4.33
0.00 4.32
0.00 4.31
0.00 4.30
0.00 4.29
0.00 4.28
0.00 4.27
0.00 4.26
0.00 4.25
0.00 4.25
0.00 4.24
0.00 4.23
0.00 4.22
0.00 4.21
0.00 4.20
0.00 4.19
0.00 4.18
0.00 4.17
0.00 4.16
0.00 4.15
0.00 4.14
0.00 4.13
0.00 4.13
0.00 4.12
0.00 4.11
0.00 4.10
0.00 4.09
0.00 4.08
0.00 4.07
0.00 4.06
0.00 4.05
0.00 4.04
0.00 4.04
0.00 4.03
0.00 4.02
0.00 4.01
0.00 4.00
0.00 3.99
0.00 3.98
0.00 3.97
0.00 3.96
0.00 3.96
0.00 3.95
0.00 3.94
0.00 3.93
0.00 3.92
0.00 3.91
0.00 3.90
0.00 3.90
0.00 3.89
0.00 3.88
0.00 3.87
0.00 3.86
0.00 3.85
0.00 3.84
0.00 3.84
0.00 3.83
0.00 3.82
0.00 3.81
0.00 3.80
0.00 3.79
0.00 3.79
0.00 3.78
0.00 3.77
0.00 3.76
0.00 3.75
0.00 3.74
0.00 3.74
0.00 3.73
0.00 3.72
0.00 3.71
0.00 3.70
0.00 3.70
0.00 3.69
0.00 3.68
0.00 3.67
0.00 3.66
0.00 3.65
0.00 3.65
0.00 3.64
0.00 3.63
0.00 3.62
0.00 3.61
0.00 3.61
0.00 3.60
0.00 3.59
0.00 3.58
0.00 3.58
0.00 3.57
0.00 3.56
0.00 3.55
0.00 3.54
0.00 3.54
0.00 3.53
0.00 3.52
0.00 3.51
0.00 3.50
0.00 3.50
0.00 3.49
0.00 3.48
0.00 3.47
0.00 3.47
0.00 3.46
0.00 3.45
0.00 3.44
0.00 3.44
0.00 3.43
0.00 3.42
0.00 3.41
0.00 3.41
0.00 3.40
0.00 3.39
0.00 3.38
0.00 3.38
0.00 3.37
0.00 3.36
0.00 3.35
0.00 3.35
0.00 3.34
0.00 3.33
0.00 3.32
0.00 3.32
0.00 3.31
0.00 3.30
0.00 529.08
0.00 628.91
0.00 627.53
0.00 626.15
0.00 624.77
0.00 623.39
0.00 622.02
0.00 1146.43
0.00 1143.91
0.00 1141.39
0.00 1138.88
0.00 1136.38
0.00 1133.88
0.00 1131.38
0.00 1128.89
0.00 1126.41
0.00 1123.93
0.00 560.73
0.00 559.50
0.00 558.27
0.00 557.04
0.00 555.81
0.00 554.59
0.00 553.37
0.00 552.15
0.00 550.94
0.00 549.72
0.00 548.52
0.00 547.31
0.00 546.10
0.00 544.90
0.00 543.70
0.00 542.51
0.00 541.31
0.00 540.12
0.00 538.94
0.00 537.75
0.00 536.57
0.00 535.39
0.00 534.21
0.00 533.03
0.00 531.86
0.00 530.69
0.00 529.52
0.00 528.36
0.00 527.20
0.00 526.04
0.00 524.88
0.00 523.72
138.36 522.57
488.58 521.42
838.02 520.27
836.18 519.13
834.34 772.02
832.51 1296.10
830.67 1293.25
828.85 1290.41
827.02 1287.57
825.20 1284.73
823.39 1281.91
821.58 1279.09
819.77 1276.27
817.97 1273.47
816.17 1270.66
814.37 1221.30
807.06 1218.62
805.29 1215.94
803.51 1213.26
801.75 1210.59
799.98 1207.93
798.22 1205.27
796.47 1202.62
794.71 1199.97
792.97 1197.33
791.22 1194.70
1140.00 1192.07
1140.00 1189.45
1140.00 1186.83
1140.00 1710.00
1140.00 1710.00
1140.00 1710.00
1140.00 1710.00
1137.49 1706.24
1134.99 1702.48
1132.49 1698.74
1130.00 1493.70
898.35 1096.52
729.62 712.92
599.28 355.67
298.98 177.45
149.16 88.53
74.42 88.33
74.25 88.14
74.09 87.94
73.93 87.75
73.76 87.56
73.60 87.37
73.44 87.17
73.28 86.98
73.12 86.79
72.96 86.60
72.80 86.41
72.64 86.22
72.48 86.03
72.32 85.84
72.16 85.65
72.00 85.46
35.92 42.64
17.92 21.27
17.88 21.22
17.84 21.18
17.80 21.13
17.76 21.09
8.86 10.52
4.42 10.50
4.41 10.47
4.40 10.45
4.39 10.43
4.38 10.40
4.37 10.38
4.36 10.36
4.35 10.34
4.34 10.31
4.33 10.29
4.32 10.27
4.32 10.24
4.31 10.22
4.30 10.20
4.29 10.18
4.28 10.16
4.27 10.13
2.13 5.06
1.06 2.52
0.53 1.26
0.26 0.63
0.13 0.31
0.07 0.16
0.03 0.08
0.02 0.04
0.01 0.04
0.00 0.04
0.00 0.04
0.00 0.04
0.00 0.04
0.00 0.04
0.00 0.04
0.00 0.04
0.00 0.04
0.00 0.04
0.00 0.04
0.00 0.04
0.00 0.04
0.00 0.04
0.00 0.04
0.00 0.04
0.00 0.04
0.00 0.04
0.00 0.04
0.00 0.04
0.00 0.04
0.00 0.04
0.00 0.04
0.00 0.04
0.00 0.04
0.00 0.04
0.00 0.04
0.00 0.04
0.00 0.04
0.00 0.04
0.00 0.04
0.00 0.04
0.00 0.04
0.00 0.04
0.00 0.04
0.00 0.04
0.00 0.04
0.00 0.04
0.00 0.04
0.00 0.04
0.00 0.04
0.00 0.04
0.00 0.04
0.00 0.04
0.00 0.04
0.00 0.04
0.00 0.04
0.00 0.03
0.00 0.03
0.00 0.03
0.00 0.03
0.00 0.03
0.00 0.03
0.00 0.03
0.00 0.03
0.00 0.03
0.00 0.03
0.00 0.03
0.00 0.03
0.00 0.03
0.00 0.03
0.00 0.03
0.00 0.03
0.00 0.03
0.00 0.03
0.00 0.03
0.00 0.03
0.00 0.03
0.00 0.03
0.00 0.03
0.00 0.03
0.00 0.03
0.00 0.03
0.00 0.03
0.00 0.03
0.00 0.03
0.00 0.03
0.00 0.03
0.00 0.03
0.00 0.03
0.00 0.03
0.00 0.03
0.00 0.03
0.00 0.03
0.00 0.03
0.00 0.03
0.00 0.03
0.00 0.03
0.00 0.03
0.00 0.03
0.00 0.03
0.00 0.03
0.00 0.03
0.00 0.03
0.00 0.03
0.00 0.03
0.00 0.03
0.00 0.03
0.00 0.03
0.00 0.03
0.00 0.03
0.00 0.03
0.00 0.03
0.00 0.03
0.00 0.03
0.00 0.03
0.00 0.03
0.00 0.03
0.00 0.03
0.00 0.03
0.00 0.03
0.00 0.03
0.00 0.03
0.00 0.03
0.00 0.03
0.00 0.03
0.00 0.03
0.00 0.03
0.00 0.03
0.00 0.03
0.00 0.03
0.00 0.03
0.00 0.03
0.00 0.03
0.00 0.03
0.00 0.03
0.00 0.03
0.00 0.03
0.00 0.03
0.00 0.03
0.00 0.03
0.00 0.03
0.00 0.03
0.00 0.03
0.00 0.03
0.00 0.03
0.00 0.03
0.00 0.03
0.00 0.03
0.00 0.03
0.00 0.03
0.00 0.03
0.00 0.03
0.00 0.03
0.00 0.03
0.00 0.03
0.00 0.03
0.00 0.03
0.00 0.03
0.00 0.03
0.00 0.03
0.00 0.03
0.00 0.03
0.00 0.03
0.00 0.03
0.00 0.03
0.00 0.03
0.00 0.03
0.00 0.03
0.00 0.03
0.00 0.03
0.00 0.03
0.00 0.03
0.00 0.03
0.00 0.03
0.00 0.03
0.00 0.03
0.00 0.03
0.00 0.03
0.00 0.03
0.00 0.03
0.00 0.03
0.00 0.03
0.00 0.03
0.00 0.03
0.00 0.03
0.00 0.03
0.00 0.03
0.00 0.03
0.00 0.03
0.00 0.03
0.00 0.03
0.00 0.03
0.00 0.03
0.00 0.03
0.00 0.03
0.00 0.03
0.00 0.03
0.00 0.03
0.00 0.03
0.00 0.03
0.00 0.03
0.00 0.03
0.00 0.03
0.00 0.03
0.00 0.03
0.00 0.03
0.00 0.03
0.00 0.03
0.00 0.03
0.00 0.02
0.00 0.02
0.00 0.02
0.00 0.02
0.00 0.02
0.00 0.02
0.00 0.02
0.00 0.02
0.00 0.02
0.00 0.02
0.00 0.02
0.00 0.02
0.00 0.02
0.00 0.02
0.00 0.02
0.00 0.02
0.00 0.02
0.00 0.02
0.00 0.02
0.00 0.02
0.00 0.02
0.00 0.02
0.00 0.02
0.00 195.47
0.00 720.82
0.00 719.23
0.00 717.65
0.00 716.07
0.00 1240.28
0.00 1237.55
0.00 1234.83
0.00 1232.11
0.00 1229.40
0.00 1226.69
0.00 1224.00
0.00 1221.30
0.00 1218.62
0.00 1215.94
0.00 1213.26
0.00 1210.59
0.00 1207.93
0.00 1205.27
0.00 1202.62
0.00 1199.97
0.00 1197.33
91.35 1194.70
441.67 1192.07
791.22 1189.45
1140.00 1186.83
1137.49 1710.00
1134.99 1710.00
1132.49 1710.00
1130.00 1706.24
1127.52 1702.48
1125.03 1698.74
1122.56 1695.00
1120.09 1691.27
1117.63 1687.55
1115.17 1683.84
1112.71 1680.13
1110.27 1676.44
1107.82 1672.75
1105.39 1669.07
1102.95 1665.40
1100.53 1661.73
1098.11 1658.08
1095.69 1654.43
1093.28 1650.79
1090.87 1647.16
1088.47 1643.54
1086.08 1639.92
1083.69 1636.31
1140.00 1632.71
1140.00 1629.12
1140.00 1625.54
1140.00 1710.00
1137.49 1710.00
1134.99 1706.24
1132.49 1702.48
1130.00 1698.74
1127.52 1695.00
1125.03 1691.27
1122.56 1687.55
576.16 1374.00
287.45 817.82
143.41 528.82
71.55 263.83
35.69 131.62
17.81 65.67
17.77 65.52
17.73 65.38
17.69 65.24
17.65 65.09
17.61 64.95
17.57 64.81
17.54 64.66
17.50 64.52
17.46 64.38
17.42 64.24
17.38 64.10
17.34 63.95
17.31 63.81
17.27 63.67
17.23 63.53
17.19 63.39
17.15 63.25
17.12 63.12
17.08 62.98
17.04 62.84
17.00 62.70
16.97 62.56
16.93 62.42
16.89 62.29
16.85 62.15
16.82 62.01
16.78 61.88
16.74 61.74
16.71 61.60
16.67 61.47
16.63 61.33
16.60 61.20
16.56 61.06
16.52 60.93
16.49 60.80
16.45 60.66
16.41 60.53
16.38 60.40
16.34 60.26
16.31 60.13
16.27 60.00
16.23 59.87
16.20 59.73
16.16 59.60
16.13 59.47
16.09 59.34
16.06 59.21
16.02 59.08
15.99 58.95
15.95 58.82
15.92 58.69
15.88 58.56
15.85 58.43
15.81 58.30
15.78 58.18
15.74 58.05
15.71 57.92
15.67 57.79
15.64 57.67
15.60 57.54
15.57 57.41
15.53 57.29
15.50 57.16
15.47 57.03
15.43 56.91
15.40 56.78
15.36 56.66
15.33 56.53
15.30 56.41
15.26 56.29
15.23 56.16
15.20 56.04
15.16 55.91
15.13 55.79
15.10 55.67
15.06 55.55
139.16 55.42
138.85 55.30
138.55 55.18
488.76 55.06
487.69 580.72
486.62 1105.22
485.55 1628.57
484.48 1624.99
483.41 1621.41
482.35 1617.84
481.29 1614.28
480.23 1610.73
479.17 1607.19
478.12 1603.65
477.07 1600.13
476.02 1596.61
474.97 1593.09
473.92 1589.59
472.88 1586.09
471.84 1582.60
470.80 1579.12
469.77 1575.65
468.73 1572.18
467.70 1568.72
466.67 1565.27
465.65 1561.83
464.62 1558.39
463.60 1554.96
462.58 1551.54
461.56 1548.13
460.55 1544.72
459.53 1541.32
458.52 1537.93
457.51 1534.55
456.51 1531.17
455.50 1527.80
454.50 1524.44
453.50 1521.09
452.50 1517.74
451.51 1514.40
450.51 1511.07
449.52 1507.75
448.53 1504.43
447.55 1501.12
446.56 1497.82
445.58 1494.52
444.60 1491.24
443.62 1487.95
442.65 1484.68
441.67 1481.41
791.22 1478.16
1140.00 1474.90
1137.49 1471.66
1134.99 1468.42
1132.49 1710.00
1130.00 1710.00
1127.52 1706.24
1125.03 1702.48
1122.56 1698.74
1120.09 1695.00
1117.63 1691.27
1115.17 1687.55
1112.71 1319.18
1110.27 1051.70
1107.82 743.87
1105.39 395.82
1102.95 394.95
1100.53 394.08
1098.11 393.21
1095.69 392.35
1093.28 391.48
1090.87 390.62
1088.47 389.76
1086.08 388.91
1083.69 388.05
1140.00 387.20
1140.00 912.13
1140.00 1435.90
1140.00 1710.00
1140.00 1710.00
1137.49 1710.00
1134.99 1706.24
1132.49 1702.48
1130.00 1698.74
1127.52 1695.00
1125.03 1452.39
956.10 1040.54
953.99 629.96
809.48 314.29
403.85 156.80
274.67 156.45
274.07 156.11
273.47 155.77
272.86 155.42
272.26 155.08
271.67 154.74
271.07 154.40
270.47 154.06
269.88 153.72
269.28 153.38
268.69 153.05
268.10 152.71
267.51 152.37
266.92 152.04
266.33 151.70
265.75 151.37
265.16 151.04
264.58 150.70
264.00 150.37
263.42 150.04
262.84 149.71
262.26 149.38
261.68 149.05
261.11 148.73
260.53 148.40
259.96 148.07
259.39 147.75
258.82 147.42
258.25 147.10
257.68 146.77
257.11 146.45
256.55 146.13
255.98 145.81
255.42 145.49
254.86 145.17
254.30 144.85
253.74 144.53
253.18 144.21
252.62 143.89
252.07 143.58
251.51 143.26
250.96 142.94
250.41 142.63
249.85 142.32
249.31 142.00
248.76 141.69
248.21 141.38
247.66 141.07
247.12 140.76
246.57 140.45
246.03 140.14
245.49 139.83
244.95 139.52
244.41 139.22
243.87 138.91
243.34 138.60
242.80 138.30
242.27 138.00
241.74 137.69
241.20 137.39
240.67 137.09
240.14 136.78
239.62 136.48
239.09 136.18
238.56 135.88
238.04 135.59
237.51 135.29
236.99 134.99
236.47 134.69
235.95 134.40
235.43 134.10
234.91 133.81
234.40 133.51
233.88 133.22
233.37 132.92
232.85 132.63
232.34 132.34
231.83 132.05
581.84 131.76
836.01 131.47
834.17 131.18
832.33 130.89
830.50 656.38
828.67 1180.72
826.85 1316.27
825.03 1313.37
823.22 1310.48
821.41 1307.60
819.60 1304.72
817.80 1301.85
816.00 1298.99
814.20 1296.13
812.41 1293.28
810.62 1290.43
808.84 1287.60
807.06 1284.76
805.29 1281.94
803.51 1279.12
801.75 1276.30
799.98 1273.49
798.22 1270.69
796.47 1267.90
794.71 1265.11
792.97 1262.32
791.22 1259.55
1140.00 1256.78
1137.49 1254.01
1134.99 1251.25
1132.49 1248.50
1130.00 1245.75
1127.52 1243.01
1125.03 1240.28
1122.56 1237.55
1120.09 1234.83
1117.63 1232.11
1115.17 1229.40
1112.71 1226.69
1110.27 1224.00
1107.82 1221.30
1105.39 1218.62
1102.95 1215.94
1100.53 1213.26
1098.11 1210.59
1095.69 1207.93
1093.28 1205.27
1090.87 1202.62
1088.47 1199.97
1086.08 1197.33
1083.69 1194.70
1140.00 1192.07
1140.00 1189.45
1137.49 1186.83
1140.00 1710.00
1140.00 1710.00
1137.49 1710.00
1134.99 1706.24
1132.49 1702.48
1130.00 1698.74
1127.52 1695.00
1125.03 1691.27
687.60 1149.35
343.04 638.50
171.14 396.21
85.38 197.67
42.60 98.62
21.25 49.20
21.21 49.09
21.16 48.98
21.11 48.88
21.07 48.77
21.02 48.66
20.97 48.55
20.93 48.45
20.88 48.34
20.84 48.23
20.79 48.13
20.74 48.02
20.70 47.92
20.65 47.81
20.61 47.71
20.56 47.60
20.52 47.50
20.47 47.39
20.43 47.29
20.38 47.18
20.34 47.08
20.29 46.98
20.25 46.87
20.20 46.77
20.16 46.67
20.11 46.56
20.07 46.46
20.03 46.36
19.98 46.26
19.94 46.16
19.89 46.05
19.85 45.95
19.81 45.85
19.76 45.75
19.72 45.65
19.68 45.55
19.63 45.45
19.59 45.35
19.55 45.25
19.50 45.15
19.46 45.05
19.42 44.95
19.37 44.85
19.33 44.75
19.29 44.66
19.25 44.56
19.20 44.46
19.16 44.36
19.12 44.26
19.08 44.17
19.04 44.07
18.99 43.97
18.95 43.88
18.91 43.78
18.87 43.68
18.83 43.59
18.79 43.49
18.74 43.40
18.70 43.30
18.66 43.21
18.62 43.11
18.58 43.02
18.54 42.92
18.50 42.83
18.46 42.73
18.42 42.64
18.38 42.54
18.34 42.45
18.30 42.36
18.26 42.26
18.22 42.17
18.18 42.08
18.14 41.99
18.10 41.89
18.06 41.80
18.02 41.71
17.98 41.62
17.94 41.53
17.90 41.43
17.86 41.34
368.34 41.25
367.53 41.16
366.72 41.07
365.91 40.98
365.11 40.89
364.31 40.80
363.50 40.71
362.70 40.62
361.91 40.53
361.11 40.44
360.32 40.35
359.52 40.26
358.73 40.18
357.94 40.09
357.15 40.00
356.37 39.91
355.59 39.82
354.80 39.74
354.02 39.65
353.24 39.56
352.47 39.47
351.69 39.39
350.92 39.30
522.36 39.21
871.73 39.13
869.82 39.04
867.90 564.74
865.99 1089.27
864.09 1086.88
862.19 1084.49
860.29 1082.10
858.40 1079.72
856.51 1077.34
854.62 1074.97
852.74 1072.61
850.87 1070.25
849.00 1067.90
847.13 1065.55
845.26 1063.20
843.40 1060.86
841.55 1058.53
839.70 1056.20
837.85 1053.88
836.01 1051.56
834.17 1049.24
832.33 1046.94
830.50 1044.63
828.67 1042.33
826.85 1040.04
825.03 1037.75
823.22 1035.47
821.41 1033.19
819.60 1030.92
817.80 1028.65
816.00 1026.39
814.20 1024.13
812.41 1021.88
810.62 1019.63
808.84 1017.39
807.06 1015.15
805.29 1012.91
803.51 1010.69
801.75 1008.46
799.98 1006.24
798.22 1004.03
796.47 1001.82
794.71 999.62
792.97 997.42
791.22 995.22
1140.00 1518.81
1137.49 1515.47
1134.99 1512.14
1132.49 1508.81
1130.00 1505.49
1127.52 1502.18
1125.03 1498.88
1122.56 1495.58
1120.09 1492.29
1117.63 1489.00
1115.17 1485.73
1112.71 1482.46
1110.27 1479.20
1107.82 1475.94
1105.39 1472.70
1102.95 1469.46
1100.53 1466.22
1098.11 1463.00
1095.69 1459.78
1093.28 1456.57
1090.87 1453.36
1088.47 1450.17
1086.08 1446.98
1083.69 1443.79
1081.31 1440.62
1078.93 1437.45
1076.55 1434.29
1074.19 1431.13
1071.82 1427.98
1069.46 1424.84
1067.11 1421.71
1064.76 1418.58
1062.42 1415.46
1060.08 1412.34
1057.75 1409.24
1055.42 1406.14
1053.10 1403.04
1050.79 1399.95
1048.47 1396.88
1046.17 1393.80
1043.87 1390.74
1041.57 1387.68
1039.28 1384.62
1036.99 1381.58
1034.71 1378.54
1032.43 1375.50
1030.16 1372.48
1027.90 1369.46
1025.63 1366.45
1023.38 1363.44
1021.13 1360.44
1018.88 1357.45
1016.64 1354.46
1014.40 1351.48
1012.17 1348.51
1009.94 1345.54
1007.72 1342.58
1005.51 1339.63
1003.29 1336.68
1001.09 1333.74
998.88 1330.81
996.69 1327.88
994.49 1324.96
992.31 1072.35
990.12 722.71
987.94 721.12
985.77 719.53
983.60 717.95
981.44 716.37
979.28 714.79
977.12 713.22
974.97 711.65
972.83 710.09
970.69 708.53
968.55 706.97
966.42 705.41
964.30 703.86
962.18 702.31
960.06 700.77
957.95 699.22
955.84 697.69
953.74 696.15
951.64 694.62
949.54 693.09
947.46 691.57
945.37 690.04
943.29 688.53
941.22 687.01
939.15 685.50
937.08 683.99
935.02 682.49
932.96 680.99
930.91 679.49
928.86 677.99
926.82 676.50
924.78 675.01
922.74 673.53
920.71 672.05
918.69 670.57
916.67 669.09
914.65 667.62
912.64 666.15
910.63 664.69
908.63 663.22
906.63 661.77
904.63 660.31
902.64 658.86
900.66 657.41
898.68 655.96
896.70 654.52
894.73 653.08
892.76 651.64
890.79 650.21
888.83 648.78
886.88 647.35
884.93 645.93
882.98 644.50
881.04 643.09
879.10 641.67
877.17 640.26
875.24 638.85
873.31 637.45
871.39 636.04
869.47 634.64
867.56 633.25
865.65 631.85
863.75 630.46
861.85 629.08
859.95 627.69
858.06 626.31
856.17 624.94
854.29 623.56
852.41 622.19
850.53 620.82
848.66 619.45
846.79 618.09
844.93 616.73
843.07 615.37
841.22 614.02
839.37 612.67
837.52 611.32
835.68 609.98
833.84 608.63
832.00 607.30
830.17 605.96
828.35 604.63
826.52 603.30
824.71 601.97
822.89 600.65
821.08 599.32
819.28 598.01
817.47 596.69
815.67 595.38
813.88 594.07
812.09 592.76
810.30 591.46
808.52 590.15
806.74 588.86
804.97 587.56
803.20 586.27
801.43 584.98
799.67 583.69
797.91 582.41
796.15 581.13
794.40 579.85
792.65 578.57
790.91 577.30
789.17 576.03
787.43 574.76
785.70 573.50
783.97 572.24
782.25 570.98
780.52 569.72
778.81 568.47
777.09 567.22
775.38 565.97
773.68 564.72
771.98 563.48
770.28 562.24
768.58 561.00
766.89 559.77
765.21 558.54
763.52 557.31
761.84 556.08
760.17 554.86
758.49 553.64
756.83 552.42
755.16 551.21
753.50 549.99
751.84 548.78
750.19 547.58
748.54 546.37
746.89 545.17
745.25 543.97
743.61 542.77
741.97 541.58
740.34 540.39
738.71 539.20
737.09 538.01
735.46 536.83
733.85 535.65
732.23 534.47
730.62 533.29
729.01 532.12
727.41 530.95
725.81 529.78
724.21 528.62
722.62 527.45
721.03 526.29
719.44 525.14
717.86 523.98
716.28 522.83
714.70 521.68
713.13 520.53
711.56 519.38
710.00 518.24
708.44 517.10
706.88 515.96
705.32 514.83
703.77 513.70
702.22 512.57
700.68 511.44
699.14 510.31
697.60 509.19
696.06 508.07
694.53 506.95
693.00 505.84
691.48 504.72
689.96 503.61
688.44 502.51
686.93 501.40
685.41 500.30
683.91 499.20
682.40 498.10
680.90 497.00
679.40 495.91
677.91 494.82
676.42 493.73
674.93 492.64
673.44 491.56
671.96 490.48
670.48 489.40
669.01 488.32
667.54 487.25
666.07 486.18
664.60 485.11
663.14 484.04
661.68 482.97
660.23 481.91
658.77 480.85
657.32 479.79
655.88 478.74
654.44 477.69
653.00 476.63
651.56 475.59
650.13 474.54
648.70 473.50
647.27 472.45
645.84 471.41
644.42 470.38
643.01 469.34
641.59 468.31
640.18 467.28
638.77 466.25
637.37 465.23
635.96 464.20
791.22 463.18
1140.00 462.16
1137.49 461.15
1134.99 460.13
1132.49 459.12
1130.00 458.11
1127.52 457.10
1125.03 456.10
1122.56 455.09
1120.09 454.09
1117.63 453.09
1115.17 452.09
614.12 225.55
306.39 112.53
152.86 56.14
76.26 28.01
38.05 13.97
18.98 6.97
18.94 6.96
18.90 6.94
18.86 6.93
18.81 6.91
18.77 6.89
18.73 6.88
18.69 6.86
18.65 6.85
18.61 6.83
18.57 6.82
18.53 6.80
18.49 6.79
18.45 6.77
18.40 6.76
18.36 6.74
18.32 6.73
18.28 6.72
18.24 6.70
18.20 6.69
18.16 6.67
18.12 6.66
18.08 6.64
18.04 6.63
18.00 6.61
17.96 6.60
17.92 6.58
17.89 6.57
17.85 6.55
17.81 6.54
17.77 6.53
17.73 6.51
17.69 6.50
17.65 6.48
17.61 6.47
17.57 6.45
17.53 6.44
17.50 6.43
17.46 6.41
17.42 6.40
17.38 6.38
17.34 6.37
17.30 6.36
17.27 6.34
17.23 6.33
17.19 6.31
17.15 6.30
17.11 6.29
17.08 6.27
17.04 6.26
17.00 6.24
16.96 6.23
16.93 6.22
16.89 6.20
16.85 6.19
16.82 6.18
16.78 6.16
16.74 6.15
16.70 6.14
16.67 6.12
16.63 6.11
16.59 6.09
16.56 6.08
16.52 6.07
16.49 6.05
16.45 6.04
16.41 6.03
16.38 6.01
8.17 6.00
4.08 5.99
2.03 5.98
2.03 5.96
2.02 5.95
2.02 5.94
2.02 5.92
2.01 5.91
2.01 5.90
2.00 5.88
2.00 5.87
1.99 5.86
1.99 5.85
1.98 5.83
1.98 5.82
1.98 5.81
1.97 5.79
1.97 5.78
1.96 5.77
1.96 5.76
1.95 5.74
1.95 5.73
1.95 5.72
1.94 5.71
1.94 5.69
1.93 5.68
1.93 5.67
1.92 5.66
1.92 5.64
1.92 5.63
1.91 5.62
1.91 5.61
1.90 5.59
1.90 5.58
1.90 5.57
1.89 5.56
1.89 5.54
1.88 5.53
1.88 5.52
1.87 5.51
1.87 5.50
1.87 5.48
1.86 5.47
1.86 5.46
1.85 5.45
1.85 5.44
1.85 5.42
1.84 5.41
1.84 5.40
1.83 5.39
1.83 5.38
1.83 5.36
1.82 5.35
1.82 5.34
1.81 5.33
1.81 5.32
1.81 5.31
1.80 5.29
1.80 5.28
1.79 5.27
1.79 5.26
1.79 5.25
1.78 5.24
1.78 5.22
1.77 5.21
1.77 5.20
1.77 5.19
1.76 5.18
1.76 5.17
1.75 5.16
1.75 5.14
1.75 5.13
1.74 5.12
1.74 5.11
1.74 5.10
1.73 5.09
1.73 5.08
1.72 5.07
1.72 5.05
1.72 5.04
1.71 5.03
1.71 5.02
1.71 5.01
1.70 5.00
1.70 4.99
1.69 4.98
1.69 4.97
1.69 4.96
1.68 4.94
1.68 4.93
1.68 4.92
1.67 4.91
1.67 4.90
1.66 4.89
1.66 4.88
1.66 4.87
1.65 4.86
1.65 4.85
1.65 4.84
1.64 4.83
1.64 4.82
1.64 4.80
1.63 4.79
1.63 4.78
1.62 4.77
1.62 4.76
1.62 4.75
1.61 4.74
1.61 4.73
1.61 4.72
1.60 4.71
1.60 4.70
1.60 4.69
1.59 4.68
1.59 4.67
1.59 4.66
1.58 4.65
1.58 4.64
1.58 4.63
1.57 4.62
1.57 4.61
1.56 4.60
1.56 4.59
1.56 4.58
1.55 4.57
1.55 4.56
1.55 4.55
1.54 4.54
1.54 4.53
1.54 4.52
1.53 4.51
1.53 4.50
1.53 4.49
1.52 4.48
1.52 4.47
1.52 4.46
1.51 4.45
1.51 4.44
1.51 4.43
1.50 4.42
1.50 4.41
1.50 4.40
1.49 4.39
1.49 4.38
1.49 4.37
1.48 4.36
1.48 4.35
1.48 4.34
1.47 4.33
1.47 4.32
1.47 4.31
1.46 4.30
1.46 4.29
1.46 4.28
1.46 4.28
1.45 4.27
1.45 4.26
1.45 4.25
1.44 4.24
1.44 4.23
1.44 4.22
1.43 4.21
1.43 4.20
1.43 4.19
1.42 4.18
1.42 4.17
1.42 4.16
1.41 4.15
1.41 4.15
1.41 4.14
1.40 4.13
1.40 4.12
1.40 4.11
1.40 4.10
1.39 4.09
1.39 4.08
1.39 4.07
1.38 4.06
1.38 4.06
1.38 4.05
1.37 4.04
1.37 4.03
1.37 4.02
1.37 4.01
1.36 4.00
1.36 3.99
1.36 3.98
1.35 3.98
1.35 3.97
1.35 3.96
1.34 3.95
1.34 3.94
1.34 3.93
1.34 3.92
1.33 3.91
1.33 3.91
1.33 3.90
1.32 3.89
1.32 3.88
1.32 3.87
1.31 3.86
1.31 3.85
1.31 3.85
1.31 529.62
1.30 1054.23
1.30 1577.69
1.30 1710.00
351.81 1706.24
351.04 1702.48
350.27 1710.00
349.50 1706.24
348.73 1702.48
347.96 1698.74
347.20 1695.00
346.43 1691.27
345.67 1687.55
344.91 1683.84
344.15 1680.13
343.39 1676.44
342.64 1672.75
341.88 1669.07
341.13 1665.40
340.38 1661.73
339.63 1658.08
338.89 1654.43
338.14 1650.79
441.67 1647.16
791.22 1710.00
1140.00 1710.00
1140.00 1710.00
1140.00 1706.24
1140.00 1710.00
1140.00 1710.00
1140.00 1710.00
1137.49 1710.00
1134.99 1706.24
1132.49 1702.48
1130.00 1698.74
1127.52 1567.09
858.84 1041.12
526.84 678.69
262.84 338.60
131.13 168.93
65.42 84.28
32.64 42.05
32.57 41.95
32.50 41.86
32.42 41.77
32.35 41.68
32.28 41.59
32.21 41.49
32.14 41.40
32.07 41.31
32.00 41.22
31.93 41.13
31.86 41.04
31.79 40.95
31.72 40.86
31.65 40.77
31.58 40.68
31.51 40.59
31.44 40.50
31.37 40.41
31.30 40.32
31.23 40.23
31.16 40.15
31.09 40.06
31.03 39.97
30.96 39.88
30.89 39.79
30.82 39.71
30.75 39.62
30.69 39.53
30.62 39.44
30.55 39.36
30.48 39.27
30.42 39.18
30.35 39.10
30.28 39.01
30.22 38.93
59.95 38.84
59.82 38.76
59.68 38.67
59.55 38.59
59.42 38.50
59.29 38.42
59.16 38.33
59.03 38.25
58.90 38.16
58.77 38.08
58.64 38.00
58.51 37.91
58.38 37.83
58.26 37.74
58.13 37.66
58.00 37.58
57.87 37.50
57.74 45.18
57.62 45.08
57.49 44.98
57.36 44.89
407.76 44.79
406.86 44.69
405.97 570.37
405.07 1094.90
404.18 1092.49
403.29 1090.08
402.41 1087.68
401.52 1085.29
400.64 1082.90
399.76 1080.52
365.40 747.19
364.60 580.83
363.80 289.78
181.50 144.57
181.10 144.25
180.70 143.93
180.30 143.62
179.91 143.30
179.51 142.99
179.12 142.67
178.72 142.36
178.33 142.04
177.94 141.73
177.54 141.42
177.15 141.11
176.76 140.80
176.38 140.49
175.99 140.18
175.60 139.87
175.21 139.56
174.83 139.26
174.44 138.95
174.06 138.64
173.68 138.34
173.30 138.04
172.91 137.73
172.53 137.43
172.15 137.13
171.78 136.82
171.40 136.52
171.02 136.22
170.64 135.92
170.27 135.62
169.89 135.33
169.52 135.03
169.15 134.73
168.78 134.43
168.40 134.14
168.03 133.84
167.66 133.55
167.29 133.26
166.93 132.96
166.56 132.67
166.19 132.38
165.83 132.09
165.46 131.80
165.10 131.51
164.74 131.22
164.37 130.93
164.01 130.64
163.65 130.35
163.29 130.07
162.93 129.78
162.57 129.49
162.22 129.21
161.86 128.93
161.50 128.64
161.15 128.36
160.79 128.08
510.96 127.79
860.35 127.51
1099.69 653.01
1097.27 1177.36
1094.85 1174.77
1092.45 1186.83
1090.04 1710.00
1087.64 1706.24
1085.25 1702.48
1082.86 1698.74
1080.48 1695.00
1078.10 1691.27
1075.73 1687.55
1012.97 1355.99
754.16 1353.01
447.42 1350.03
223.22 1347.06
222.73 1344.10
222.24 1341.14
221.75 1338.19
221.26 1335.24
220.77 1332.31
220.29 1329.38
219.80 1326.45
441.67 1323.53
791.22 1320.62
1140.00 1317.72
1140.00 1710.00
1140.00 1710.00
1140.00 1710.00
1140.00 1710.00
1140.00 1710.00
1140.00 1710.00
1140.00 1706.24
1137.49 1702.48
1134.99 1698.74
1132.49 1426.23
799.21 1059.12
398.72 952.49
198.92 619.83
99.24 309.24
99.02 308.56
98.81 307.88
98.59 307.20
98.37 306.52
98.16 305.85
97.94 305.18
97.72 304.50
97.51 303.83
97.30 303.17
97.08 302.50
96.87 301.83
96.65 301.17
96.44 300.51
96.23 299.85
96.02 299.19
95.81 298.53
95.60 297.87
95.39 297.22
95.18 296.56
94.97 295.91
94.76 295.26
94.55 294.61
94.34 293.96
94.13 293.31
93.93 292.67
93.72 292.03
93.51 291.38
93.31 290.74
93.10 290.10
92.90 289.46
92.69 288.83
92.49 288.19
92.29 287.56
92.08 286.93
91.88 286.29
91.68 285.66
91.48 285.04
91.28 284.41
91.07 283.78
90.87 283.16
90.67 282.54
90.47 281.91
90.28 281.29
90.08 280.67
89.88 280.06
89.68 279.44
89.48 278.83
89.29 278.21
89.09 277.60
88.89 276.99
88.70 276.38
88.50 275.77
88.31 275.17
88.11 274.56
87.92 273.96
87.73 273.35
87.53 272.75
87.34 272.15
87.15 271.55
86.96 572.31
86.77 1096.84
86.58 1094.42
86.39 1092.01
86.20 1089.61
86.01 1087.22
85.82 1084.82
85.63 1082.44
85.44 1080.06
85.25 1077.68
85.06 1075.31
84.88 1072.94
84.69 1070.58
84.50 1068.23
84.32 1065.88
84.13 1063.53
83.95 1061.19
83.76 1058.86
83.58 1056.53
83.39 1054.20
83.21 1051.88
83.03 1049.57
82.85 1047.26
82.66 1044.96
82.48 1042.66
82.30 1040.36
82.12 1038.08
81.94 1035.79
81.76 1033.51
81.58 1031.24
81.40 1028.97
40.61 964.99
20.26 650.54
10.11 324.56
10.09 323.84
10.06 323.13
10.04 322.42
10.02 321.71
10.00 321.00
9.98 320.30
9.95 319.59
9.93 318.89
9.91 318.19
9.89 317.49
9.87 316.79
9.84 316.09
9.82 315.40
9.80 314.70
9.78 314.01
9.76 313.32
9.74 312.63
9.71 311.94
9.69 311.26
9.67 310.57
9.65 309.89
9.63 309.21
9.61 308.53
9.59 307.85
9.57 307.17
9.55 306.49
9.52 305.82
9.50 305.15
9.48 304.48
9.46 303.81
9.44 303.14
9.42 302.47
9.40 301.80
9.38 301.14
9.36 300.48
9.34 299.82
9.32 299.16
9.30 298.50
9.28 297.84
9.26 297.19
9.24 296.53
9.21 295.88
9.19 295.23
9.17 294.58
9.15 293.93
9.13 293.29
9.11 292.64
9.09 292.00
9.07 291.35
9.05 290.71
9.03 290.07
9.01 289.44
8.99 288.80
8.97 288.16
8.95 287.53
8.93 286.90
8.92 286.27
8.90 285.64
8.88 285.01
8.86 284.38
8.84 283.76
8.82 283.13
8.80 282.51
8.78 281.89
8.76 281.27
8.74 280.65
8.72 280.03
8.70 279.41
8.68 278.80
8.66 278.19
8.64 277.57
8.63 276.96
8.61 276.35
8.59 275.75
8.57 275.14
8.55 274.53
8.53 273.93
8.51 273.33
8.49 272.73
8.47 272.13
8.46 271.53
8.44 270.93
8.42 270.33
8.40 269.74
8.38 269.15
8.36 268.55
8.35 267.96
8.33 267.37
8.31 266.79
8.29 266.20
8.27 265.61
8.25 265.03
8.24 264.45
8.22 263.86
8.20 263.28
8.18 262.70
8.16 262.13
8.15 261.55
8.13 260.97
8.11 260.40
8.09 259.83
8.07 259.26
8.06 258.69
8.04 258.12
8.02 257.55
8.00 256.98
7.99 256.42
7.97 255.85
7.95 255.29
7.93 254.73
7.92 254.17
7.90 253.61
7.88 253.05
7.86 252.49
7.85 251.94
7.83 251.38
7.81 250.83
7.79 250.28
7.78 249.73
7.76 249.18
7.74 248.63
7.73 248.08
7.71 247.54
7.69 246.99
7.68 246.45
7.66 245.91
7.64 245.37
7.62 244.83
7.61 244.29
7.59 243.75
7.57 243.21
7.56 242.68
7.54 242.15
7.52 241.61
7.51 241.08
7.49 240.55
7.48 240.02
7.46 239.49
7.44 238.97
7.43 238.44
7.41 237.92
7.39 237.39
7.38 236.87
7.36 236.35
7.34 235.83
7.33 235.31
7.31 234.79
7.30 234.28
7.28 233.76
7.26 233.25
7.25 232.73
7.23 232.22
7.22 231.71
7.20 756.98
7.18 755.32
7.17 1128.71
7.15 1126.23
7.14 1123.75
7.12 1121.28
7.11 1118.81
7.09 1116.35
7.07 1639.68
7.06 1636.07
7.04 1632.47
7.03 1628.88
7.01 1625.30
7.00 1621.72
3.49 1618.15
1.74 1614.59
0.87 1611.04
0.43 1607.50
0.22 963.34
0.11 480.61
0.11 479.55
0.11 478.50
0.11 477.44
0.11 476.39
0.11 475.35
0.11 474.30
0.11 473.26
0.11 472.22
0.11 471.18
0.11 470.14
0.11 469.11
0.11 468.07
0.10 467.04
0.10 466.02
0.10 464.99
0.10 463.97
0.10 462.95
0.10 461.93
0.10 460.91
0.10 459.90
0.10 458.89
0.10 457.88
0.10 456.87
0.10 455.87
0.10 454.86
0.10 453.86
0.10 452.86
0.10 451.87
0.10 450.87
0.10 449.88
0.10 448.89
0.10 447.90
0.10 446.92
0.10 445.94
0.10 444.95
0.10 443.98
0.10 443.00
0.10 442.02
0.10 441.05
0.10 440.08
0.10 439.11
0.10 438.15
0.10 437.18
0.10 436.22
0.10 417.29
0.10 416.37
0.10 415.45
0.10 414.54
0.10 413.63
0.10 412.72
0.10 411.81
0.10 410.90
0.10 410.00
0.10 409.10
0.10 408.20
0.10 407.30
0.10 406.40
0.09 405.51
0.09 404.62
0.09 403.73
0.09 402.84
0.09 401.95
0.09 401.07
0.09 400.18
0.09 399.30
0.09 398.43
0.09 397.55
0.09 396.67
0.09 395.80
0.09 394.93
0.09 394.06
0.09 393.19
0.09 392.33
0.09 391.47
0.09 390.61
0.09 389.75
0.09 388.89
0.09 388.03
0.09 387.18
0.09 386.33
0.09 385.48
0.09 384.63
0.09 383.78
0.09 382.94
0.09 382.10
0.09 381.26
0.09 380.42
0.09 379.58
0.09 378.75
0.09 377.91
0.09 377.08
0.09 376.25
0.09 375.42
0.09 374.60
0.09 373.77
0.09 372.95
0.09 372.13
0.09 371.31
0.09 370.50
0.09 369.68
0.09 368.87
0.09 368.06
0.09 367.25
0.09 366.44
0.09 365.63
0.09 364.83
0.09 364.02
0.09 363.22
0.08 362.42
0.08 361.63
0.08 360.83
0.08 360.04
0.08 359.25
0.08 358.46
0.08 357.67
0.08 356.88
0.08 356.09
0.08 355.31
0.08 354.53
0.08 353.75
0.08 352.97
0.08 352.19
0.08 351.42
0.08 350.65
0.08 349.88
0.08 349.11
0.08 348.34
0.08 347.57
0.08 346.81
0.08 346.04
0.08 345.28
0.08 344.52
0.08 343.76
0.08 343.01
0.08 342.25
0.08 341.50
0.08 340.75
0.08 340.00
0.08 339.25
0.08 338.51
0.08 337.76
0.08 337.02
0.08 336.28
0.08 335.54
0.08 334.80
0.08 334.06
0.08 333.33
0.08 332.59
0.08 331.86
0.08 331.13
0.08 330.40
0.08 329.68
0.08 328.95
0.08 328.23
0.08 327.51
0.08 326.78
0.08 326.07
0.08 325.35
0.08 324.63
0.08 323.92
0.08 323.21
0.08 322.49
0.08 321.79
0.08 321.08
0.08 320.37
0.07 319.67
0.07 318.96
0.07 318.26
0.07 317.56
0.07 316.86
0.07 316.17
0.07 315.47
0.07 314.78
0.07 314.08
0.07 313.39
0.07 312.70
0.07 312.01
0.07 311.33
0.07 310.64
0.07 309.96
0.07 309.28
0.07 308.60
0.07 307.92
0.07 307.24
0.07 306.57
0.07 305.89
0.07 305.22
0.07 304.55
0.07 303.88
0.07 303.21
0.07 302.54
0.07 301.88
0.07 301.21
0.07 300.55
0.07 299.89
0.07 299.23
0.07 298.57
0.07 297.91
0.07 297.26
0.07 296.60
0.07 295.95
0.07 295.30
0.07 294.65
0.07 294.00
0.07 293.35
0.07 292.71
0.07 292.07
0.07 291.42
0.07 290.78
0.07 290.14
0.07 289.50
0.07 288.87
0.07 288.23
0.07 287.60
0.07 286.96
0.07 286.33
0.07 285.70
0.07 285.07
0.07 284.45
0.07 283.82
0.07 283.20
0.07 282.57
0.07 281.95
0.07 281.33
0.07 280.71
0.07 280.10
0.07 279.48
0.07 278.86
0.07 278.25
0.07 277.64
0.06 277.03
0.06 276.42
0.06 275.81
0.06 275.20
0.06 274.60
0.06 273.99
0.06 273.39
0.06 272.79
0.06 272.19
0.06 271.59
0.06 270.99
0.06 270.40
0.06 269.80
0.06 269.21
0.06 268.62
0.06 268.03
0.06 267.44
0.06 266.85
0.06 266.26
0.06 265.68
0.06 265.09
0.06 264.51
0.06 263.93
0.06 263.34
0.06 262.77
0.06 262.19
0.06 261.61
0.06 261.04
0.06 260.46
0.06 259.89
0.06 259.32
0.06 258.75
0.06 258.18
0.06 257.61
0.06 257.04
0.06 256.48
0.06 255.91
0.06 255.35
0.06 254.79
0.06 254.23
0.06 253.67
0.06 253.11
0.06 252.55
0.06 252.00
0.06 251.44
0.06 250.89
0.06 250.34
0.06 249.79
0.06 249.24
0.06 248.69
0.06 248.14
0.06 247.60
0.06 247.05
0.06 246.51
0.06 245.97
0.06 245.42
0.06 244.88
0.06 244.35
0.06 243.81
0.06 243.27
0.06 242.74
0.06 242.20
0.06 241.67
350.58 241.14
700.33 240.61
1049.30 240.08
1047.00 239.55
1044.69 764.80
1042.39 763.12
1040.10 761.44
1037.81 759.77
1035.53 758.09
1033.25 756.43
1030.98 754.76
1028.71 753.10
1026.45 751.45
915.29 500.92
456.64 249.91
227.82 124.68
113.66 62.20
56.70 31.03
28.29 15.48
28.23 15.45
28.17 15.41
28.10 15.38
28.04 15.35
27.98 15.31
27.92 15.28
27.86 15.25
27.80 15.21
27.73 15.18
27.67 15.15
27.61 15.11
27.55 15.08
27.49 15.05
27.43 15.01
27.37 14.98
27.31 14.95
27.25 14.91
27.19 14.88
27.13 14.85
27.07 14.82
27.01 14.78
26.95 14.75
26.89 14.72
26.83 14.69
26.77 14.65
26.72 14.62
26.66 14.59
26.60 14.56
26.54 14.52
26.48 14.49
26.42 14.46
26.36 14.43
26.31 14.40
26.25 14.37
26.19 14.33
26.13 14.30
26.08 14.27
26.02 14.24
25.96 14.21
25.90 14.18
25.85 14.15
25.79 14.11
25.73 14.08
25.68 14.05
25.62 14.02
25.56 13.99
25.51 13.96
25.45 13.93
25.40 13.90
25.34 13.87
25.28 13.84
25.23 13.81
25.17 13.78
25.12 13.75
25.06 13.72
25.01 13.69
24.95 13.66
24.90 13.63
24.84 13.60
24.79 13.57
24.73 13.54
24.68 13.51
24.62 13.48
24.57 13.45
24.52 13.42
24.46 13.39
24.41 13.36
24.35 13.33
24.30 13.30
24.25 13.27
24.19 13.24
24.14 13.21
24.09 13.18
24.04 13.15
23.98 13.13
23.93 13.10
23.88 13.07
23.82 13.04
23.77 13.01
23.72 12.98
23.67 12.95
23.62 12.92
23.56 12.90
23.51 12.87
23.46 12.84
23.41 12.81
23.36 12.78
23.31 12.75
23.25 12.73
23.20 12.70
23.15 12.67
23.10 12.64
23.05 12.61
23.00 12.59
22.95 12.56
22.90 12.53
22.85 12.50
22.80 12.48
22.75 12.45
22.70 12.42
22.65 12.39
22.60 12.37
22.55 12.34
22.50 12.31
22.45 12.29
22.40 12.26
22.35 12.23
22.30 12.20
22.25 12.18
22.20 12.15
22.15 12.12
22.11 12.10
22.06 12.07
22.01 12.04
21.96 12.02
21.91 11.99
21.86 11.97
21.82 11.94
21.77 11.91
21.72 11.89
21.67 11.86
21.62 11.83
21.58 11.81
21.53 11.78
21.48 11.76
21.43 11.73
21.39 11.70
21.34 11.68
21.29 11.65
21.25 11.63
21.20 11.60
21.15 11.58
21.11 11.55
21.06 11.53
21.01 11.50
20.97 11.48
20.92 11.45
20.88 11.42
20.83 11.40
20.78 11.37
20.74 11.35
20.69 11.32
20.65 11.30
20.60 11.27
20.56 11.25
20.51 11.23
20.47 11.20
20.42 11.18
20.38 11.15
20.33 11.13
20.29 11.10
20.24 11.08
20.20 11.05
20.15 11.03
20.11 11.00
20.06 10.98
20.02 10.96
19.98 10.93
19.93 10.91
19.89 10.88
19.84 10.86
19.80 10.84
19.76 10.81
19.71 10.79
19.67 10.77
19.63 10.74
19.58 10.72
19.54 10.69
19.50 10.67
19.45 10.65
19.41 10.62
19.37 10.60
19.33 10.58
19.28 10.55
19.24 10.53
19.20 10.51
19.16 10.48
19.11 10.46
19.07 10.44
19.03 10.42
18.99 10.39
18.95 10.37
18.91 10.35
18.86 10.32
18.82 10.30
18.78 10.28
18.74 10.26
18.70 10.23
18.66 10.21
18.62 10.19
18.58 10.17
18.53 10.14
18.49 10.12
18.45 10.10
18.41 10.08
18.37 10.05
18.33 10.03
18.29 10.01
18.25 9.99
18.21 9.97
18.17 9.94
18.13 9.92
18.09 9.90
18.05 9.88
18.01 9.86
17.97 9.84
17.93 9.81
17.89 9.79
17.85 9.77
17.81 9.75
17.77 9.73
17.74 9.71
17.70 9.69
16.75 4.83
16.71 4.82
16.68 4.81
16.64 4.80
16.60 4.79
16.57 4.78
16.53 4.77
16.49 4.76
16.46 4.75
16.42 4.74
16.39 4.73
16.35 4.72
16.31 4.71
16.28 4.70
16.24 4.69
16.21 4.67
16.17 4.66
16.13 4.65
16.10 4.64
16.06 4.63
16.03 4.62
15.99 4.61
15.96 4.60
15.92 4.59
15.89 4.58
15.85 4.57
15.82 4.56
15.78 4.55
15.75 4.54
15.71 4.53
15.68 4.52
15.65 4.51
15.61 4.50
15.58 4.49
15.54 4.48
15.51 4.47
15.47 4.46
15.44 4.45
15.41 4.44
15.37 4.43
15.34 4.42
15.30 4.41
15.27 4.40
15.24 4.40
15.20 4.39
15.17 4.38
15.14 4.37
15.10 4.36
15.07 4.35
15.04 4.34
15.00 4.33
14.97 4.32
14.94 4.31
14.91 4.30
14.87 4.29
14.84 4.28
14.81 4.27
14.77 4.26
14.74 4.25
14.71 4.24
14.68 4.23
14.64 4.22
14.61 4.22
14.58 4.21
14.55 4.20
14.52 4.19
14.48 4.18
14.45 4.17
14.42 4.16
14.39 4.15
14.36 4.14
14.33 4.13
14.29 4.12
14.26 4.11
14.23 4.11
14.20 4.10
14.17 4.09
14.14 4.08
14.11 4.07
14.08 4.06
14.04 4.05
14.01 4.04
13.98 4.03
13.95 4.02
13.92 4.02
13.89 4.01
95.64 4.00
95.43 3.99
95.22 3.98
95.01 3.97
94.80 3.96
94.59 3.95
94.39 3.95
94.18 3.94
93.97 3.93
93.76 3.92
93.56 3.91
93.35 3.90
93.15 3.89
92.94 3.89
92.74 3.88
92.53 3.87
92.33 3.86
442.65 3.85
441.67 3.84
791.22 529.61
1140.00 1054.23
1137.49 1192.07
1134.99 1189.45
1140.00 1186.83
1140.00 1710.00
1140.00 1710.00
1140.00 1710.00
1140.00 1710.00
1140.00 1710.00
1137.49 1679.06
806.55 1247.58
402.39 622.42
363.69 621.05
362.89 619.68
362.09 618.32
361.29 616.96
360.50 615.60
359.70 614.25
358.91 612.90
358.12 611.55
357.34 610.20
356.55 608.86
355.76 607.52
354.98 606.19
354.20 604.85
353.42 603.52
352.64 602.19
351.87 600.87
351.09 599.55
350.32 598.23
349.55 596.91
348.78 595.60
348.02 594.29
347.25 592.98
346.49 591.68
345.72 590.37
344.96 589.08
344.20 587.78
343.45 586.49
342.69 585.20
341.94 583.91
341.18 582.62
340.43 581.34
339.69 580.06
338.94 578.79
338.19 577.51
337.45 576.24
336.71 574.98
335.96 573.71
335.23 572.45
334.49 571.19
333.75 569.93
333.02 568.68
332.29 567.43
331.55 566.18
330.83 564.93
330.10 563.69
329.37 562.45
328.65 561.21
327.92 559.98
327.20 558.75
326.48 557.52
325.76 556.29
325.05 555.07
324.33 553.85
323.62 552.63
322.91 551.41
322.20 550.20
321.49 548.99
320.78 547.78
320.07 546.58
319.37 545.37
318.67 544.17
317.97 542.98
317.27 541.78
316.57 540.59
315.87 539.40
315.18 538.21
314.48 745.85
313.79 1023.01
313.10 1020.76
312.41 1018.51
311.73 1016.27
311.04 1014.03
310.36 1011.80
309.67 1009.58
308.99 1007.36
308.31 590.62
307.63 294.66
306.96 294.01
306.28 293.36
305.61 292.72
304.94 292.08
304.26 291.43
303.60 290.79
302.93 290.15
302.26 289.51
301.60 288.88
300.93 288.24
300.27 287.61
299.61 286.97
370.71 286.34
369.89 285.71
369.08 285.08
368.27 284.46
367.46 283.83
366.65 283.21
182.92 141.29
182.52 140.98
182.12 140.67
181.72 140.36
181.32 140.05
180.92 139.74
180.52 139.44
180.12 139.13
179.73 138.82
179.33 138.52
178.94 138.21
178.54 137.91
178.15 137.61
177.76 137.30
177.37 137.00
176.98 136.70
176.59 136.40
176.20 136.10
175.81 135.80
175.42 135.50
175.04 135.20
174.65 134.91
174.27 134.61
173.89 134.31
173.50 134.02
173.12 133.72
172.74 133.43
172.36 133.13
171.98 132.84
171.60 132.55
171.23 132.26
170.85 131.97
170.47 131.68
170.10 131.39
169.72 131.10
169.35 130.81
168.98 130.52
168.61 130.23
168.23 129.95
167.86 129.66
167.50 129.38
167.13 129.09
166.76 128.81
166.39 128.53
166.03 128.24
165.66 127.96
165.30 127.68
164.93 127.40
164.57 127.12
164.21 126.84
163.85 126.56
163.49 126.28
163.13 126.00
162.77 125.73
162.41 125.45
162.05 125.17
161.70 124.90
161.34 124.62
160.98 124.35
160.63 124.07
160.28 123.80
159.92 123.53
159.57 123.26
443.42 122.99
792.97 122.72
791.22 122.45
1140.00 122.18
1137.49 321.57
1134.99 320.86
1132.49 320.16
1130.00 319.45
1127.52 318.75
932.48 159.02
795.49 79.34
491.87 39.58
298.21 19.75
297.55 19.70
296.90 19.66
296.24 19.62
295.59 19.57
294.94 19.53
294.29 19.49
293.64 19.45
301.35 19.40
651.20 19.36
1000.29 440.65
998.09 965.46
995.89 963.34
993.70 961.22
991.52 959.10
989.34 956.99
987.16 954.89
984.99 952.79
982.82 950.69
980.66 948.60
726.74 753.59
362.57 375.97
355.09 375.14
354.31 374.31
353.53 373.49
352.75 372.67
351.98 371.85
351.20 371.03
350.43 370.21
349.66 369.40
348.89 368.59
348.12 367.78
347.36 366.97
346.59 366.16
345.83 365.35
345.07 364.55
344.31 363.75
343.55 362.95
342.80 362.15
342.04 361.35
341.29 360.56
340.54 359.77
339.79 358.97
339.04 358.18
338.30 357.40
337.55 356.61
336.81 355.83
336.07 355.04
335.33 354.26
334.59 353.48
333.85 352.70
333.12 351.93
332.39 351.15
331.66 350.38
330.93 349.61
330.20 348.84
329.47 348.07
328.75 347.31
328.02 346.54
327.30 345.78
326.58 345.02
325.86 344.26
325.15 343.50
324.43 342.75
323.72 341.99
323.01 341.24
322.29 340.49
321.59 339.74
320.88 339.00
320.17 338.25
319.47 337.51
318.77 336.76
318.06 336.02
317.36 335.28
316.67 334.55
315.97 333.81
315.27 333.07
314.58 332.34
313.89 331.61
313.20 330.88
312.51 330.15
311.82 329.43
311.14 328.70
310.45 327.98
309.77 327.26
309.09 326.54
308.41 325.82
307.73 325.10
307.05 324.39
306.38 323.67
305.70 322.96
305.03 322.25
304.36 321.54
303.69 320.83
303.02 320.13
302.35 319.42
301.69 318.72
301.02 318.02
300.36 317.32
299.70 316.62
299.04 315.93
298.38 315.23
297.73 314.54
297.07 313.85
296.42 313.16
295.77 312.47
295.12 311.78
294.47 311.09
293.82 310.41
293.17 309.73
292.53 309.04
291.88 308.36
291.24 307.69
290.60 307.01
289.96 306.33
289.32 305.66
288.69 304.99
288.05 304.32
287.42 303.65
286.79 302.98
286.16 302.31
285.53 301.65
284.90 300.98
284.27 300.32
283.65 299.66
283.02 299.00
282.40 298.34
281.78 297.69
281.16 297.03
280.54 296.38
279.92 295.73
279.31 295.08
278.69 294.43
278.08 293.78
277.47 293.13
276.86 292.49
276.25 291.84
275.64 291.20
275.03 290.56
274.43 289.92
273.82 289.28
273.22 288.65
272.62 288.01
272.02 287.38
271.42 286.75
270.83 286.12
270.23 285.49
269.64 284.86
269.04 284.23
268.45 283.61
267.86 282.98
267.27 282.36
266.68 281.74
266.10 281.12
265.51 280.50
264.93 279.88
264.34 279.27
263.76 278.65
263.18 278.04
262.60 277.43
262.02 276.82
261.45 276.21
260.87 275.60
260.30 275.00
259.73 274.39
259.16 273.79
258.58 273.18
258.02 272.58
257.45 271.98
256.88 271.39
256.32 270.79
255.75 270.19
255.19 269.60
254.63 269.01
254.07 268.41
253.51 267.82
252.95 267.23
252.40 266.65
251.84 266.06
251.29 265.47
250.73 264.89
250.18 264.31
249.63 263.73
249.08 263.15
248.53 262.57
247.99 261.99
247.44 261.41
246.90 260.84
246.35 260.26
245.81 259.69
245.27 259.12
244.73 258.55
244.19 257.98
243.66 257.41
243.12 256.85
242.59 256.28
242.05 255.72
241.52 255.16
240.99 254.59
240.46 254.03
239.93 253.48
239.40 252.92
238.87 252.36
238.35 251.81
237.82 251.25
237.30 250.70
236.78 250.15
236.26 249.60
235.74 701.26
235.22 1225.50
234.70 1222.81
234.19 1220.12
233.67 1217.43
233.16 1214.75
232.64 1212.08
232.13 1209.41
231.62 783.99
231.11 494.91
230.60 246.91
230.10 246.37
229.59 245.82
229.08 245.28
228.58 244.74
228.08 244.21
227.58 243.67
227.08 243.13
226.58 242.60
576.60 242.06
575.33 241.53
574.06 241.00
586.29 240.47
585.00 393.18
583.71 392.32
582.43 391.45
581.15 390.59
579.87 389.73
578.59 388.87
288.66 194.01
144.01 96.79
71.85 48.29
35.84 24.09
17.88 12.02
8.92 6.00
4.45 2.99
4.44 2.99
4.43 2.98
2.21 2.97
2.21 2.97
2.20 2.96
2.20 2.95
2.19 2.95
2.19 2.94
2.18 2.93
2.18 2.93
2.17 2.92
2.17 2.91
2.16 2.91
2.16 2.90
1.08 2.89
0.54 2.89
0.27 2.88
0.13 2.88
0.07 2.87
0.03 2.86
0.02 2.86
0.01 2.85
0.01 2.84
0.01 2.84
0.01 2.83
0.01 2.83
0.00 2.82
0.00 2.81
0.00 2.81
0.00 2.80
0.00 2.79
0.00 2.79
0.00 2.78
0.00 2.78
0.00 2.77
0.00 2.76
0.00 2.76
0.00 2.75
0.00 2.75
0.00 2.74
0.00 2.73
0.00 2.73
0.00 2.72
0.00 2.72
0.00 2.71
0.00 2.70
0.00 2.70
0.00 2.69
0.00 2.69
0.00 2.68
0.00 2.67
0.00 2.67
0.00 2.66
0.00 2.66
0.00 2.65
0.00 2.64
0.00 2.64
0.00 2.63
0.00 2.63
0.00 2.62
0.00 2.62
0.00 2.61
0.00 2.60
0.00 2.60
0.00 2.59
0.00 2.59
0.00 2.58
0.00 2.58
0.00 2.57
0.00 2.56
0.00 2.56
0.00 2.55
0.00 2.55
0.00 2.54
0.00 2.54
0.00 2.53
0.00 2.52
0.00 2.52
0.00 2.51
0.00 2.51
0.00 2.50
0.00 2.50
0.00 2.49
0.00 2.49
0.00 2.48
0.00 2.48
0.00 2.47
0.00 2.46
0.00 2.46
0.00 2.45
0.00 2.45
0.00 2.44
0.00 2.44
0.00 2.43
0.00 2.43
0.00 2.42
0.00 2.42
0.00 2.41
0.00 2.41
0.00 2.40
0.00 2.39
0.00 2.39
0.00 2.38
0.00 2.38
0.00 2.37
0.00 2.37
0.00 2.36
0.00 2.36
0.00 2.35
0.00 2.35
0.00 2.34
0.00 2.34
0.00 1.17
0.00 0.58
0.00 0.29
0.00 0.14
0.00 0.07
0.00 0.04
0.00 0.04
0.00 0.04
0.00 0.04
0.00 0.04
0.00 0.04
0.00 0.04
0.00 0.04
0.00 0.04
0.00 0.04
0.00 0.04
0.00 0.04
0.00 0.04
0.00 0.04
0.00 0.03
0.00 0.03
0.00 0.03
0.00 0.03
0.00 0.03
0.00 0.03
0.00 0.03
0.00 0.03
0.00 0.03
0.00 0.03
0.00 0.03
0.00 0.03
0.00 0.03
0.00 0.03
0.00 0.03
0.00 0.03
0.00 0.03
0.00 0.03
0.00 0.03
0.00 0.03
0.00 0.03
0.00 0.03
0.00 0.03
0.00 0.03
0.00 0.03
0.00 0.03
0.00 0.03
0.00 0.03
0.00 0.03
0.00 0.03
0.00 0.03
0.00 0.03
0.00 0.03
0.00 0.03
0.00 0.03
0.00 0.03
0.00 0.03
0.00 0.03
0.00 0.03
0.00 0.03
0.00 0.03
0.00 0.03
0.00 0.03
0.00 0.03
0.00 0.03
0.00 0.03
0.00 0.03
0.00 0.03
0.00 0.03
0.00 0.03
0.00 0.03
0.00 0.03
0.00 0.03
0.00 0.03
0.00 0.03
0.00 0.03
0.00 0.03
0.00 0.03
0.00 0.03
0.00 0.03
0.00 0.03
0.00 0.03
0.00 0.03
0.00 0.03
0.00 0.03
0.00 0.03
0.00 0.03
0.00 0.03
0.00 0.03
0.00 0.03
0.00 0.03
0.00 0.03
0.00 0.03
0.00 0.03
0.00 0.03
0.00 0.03
0.00 0.03
0.00 0.03
0.00 0.03
0.00 0.03
0.00 0.03
0.00 0.03
0.00 0.03
0.00 0.03
0.00 0.03
0.00 0.03
0.00 0.03
0.00 0.03
0.00 0.03
0.00 0.03
0.00 0.03
0.00 0.03
0.00 0.03
0.00 0.03
0.00 0.03
0.00 0.03
0.00 0.03
0.00 0.03
0.00 0.03
0.00 0.03
0.00 0.03
0.00 0.03
0.00 0.03
0.00 0.03
0.00 0.03
0.00 0.03
0.00 0.03
0.00 0.03
0.00 0.03
0.00 0.03
0.00 0.03
0.00 0.03
0.00 0.03
0.00 0.03
0.00 0.03
0.00 0.03
0.00 0.03
0.00 0.03
0.00 0.03
0.00 0.03
0.00 0.03
0.00 0.03
0.00 0.03
0.00 0.03
0.00 0.03
0.00 0.03
0.00 0.03
0.00 0.03
0.00 0.03
0.00 0.03
0.00 0.03
0.00 0.03
0.00 0.03
0.00 0.03
0.00 0.03
0.00 0.03
0.00 0.03
0.00 0.03
0.00 0.03
0.00 0.03
0.00 0.03
0.00 0.03
0.00 0.03
0.00 0.03
0.00 0.03
0.00 0.03
0.00 0.03
0.00 0.03
0.00 0.03
0.00 0.03
0.00 0.03
0.00 0.03
0.00 0.03
0.00 0.02
0.00 0.02
0.00 0.02
0.00 0.02
0.00 0.02
0.00 0.02
0.00 0.02
0.00 0.02
0.00 0.02
0.00 0.02
0.00 0.02
0.00 0.02
0.00 0.02
0.00 0.02
0.00 0.02
0.00 0.02
0.00 0.02
0.00 0.02
0.00 0.02
0.00 0.02
0.00 0.02
0.00 0.02
0.00 0.02
0.00 0.02
0.00 0.02
0.00 0.02
0.00 0.02
0.00 0.02
0.00 0.02
0.00 0.02
0.00 0.02
0.00 0.02
0.00 0.02
0.00 0.02
0.00 0.02
0.00 0.02
0.00 0.02
0.00 0.02
0.00 0.02
0.00 0.02
0.00 0.02
0.00 0.02
0.00 0.02
0.00 0.02
0.00 0.02
0.00 0.02
0.00 0.02
0.00 0.02
0.00 0.02
0.00 0.02
0.00 0.02
0.00 0.02
0.00 0.02
0.00 0.02
0.00 0.02
0.00 0.02
0.00 0.02
0.00 0.02
0.00 0.02
0.00 0.02
0.00 0.02
0.00 0.02
0.00 0.02
0.00 0.02
0.00 0.02
0.00 0.02
0.00 0.02
0.00 0.02
0.00 0.02
0.00 0.02
0.00 0.02
0.00 0.02
0.00 0.02
0.00 0.02
0.00 0.02
0.00 0.02
0.00 0.02
0.00 0.02
0.00 0.02
0.00 0.02
0.00 0.02
0.00 0.02
0.00 0.02
0.00 0.02
0.00 0.02
0.00 0.02
0.00 0.02
0.00 0.02
0.00 0.02
0.00 0.02
0.00 0.02
0.00 0.02
0.00 0.02
0.00 0.02
0.00 0.02
0.00 0.02
0.00 0.02
0.00 0.02
0.00 0.02
0.00 0.02
0.00 0.02
0.00 0.02
0.00 0.02
0.00 0.02
0.00 0.02
0.00 0.02
0.00 0.02
0.00 0.02
0.00 0.02
0.00 0.02
0.00 0.02
0.00 0.02
0.00 0.02
0.00 0.02
0.00 0.02
0.00 0.02
0.00 0.02
0.00 0.02
0.00 0.02
0.00 0.02
0.00 0.02
0.00 0.02
0.00 0.02
0.00 0.02
0.00 0.02
0.00 0.02
0.00 0.02
0.00 0.02
0.00 0.02
0.00 0.02
0.00 0.02
0.00 0.02
0.00 0.02
0.00 0.02
0.00 0.02
0.00 0.02
0.00 0.02
0.00 0.02
0.00 0.02
0.00 0.02
0.00 0.02
0.00 0.02
0.00 0.02
0.00 0.02
0.00 0.02
0.00 0.02
0.00 0.02
0.00 0.02
0.00 0.02
0.00 0.02
0.00 0.02
0.00 0.02
0.00 0.02
0.00 0.02
0.00 0.02
0.00 0.02
0.00 0.02
0.00 0.02
0.00 0.02
0.00 0.02
0.00 0.02
0.00 0.02
0.00 0.02
0.00 0.02
0.00 0.02
0.00 0.02
0.00 0.02
0.00 0.02
0.00 0.02
0.00 0.02
0.00 0.02
0.00 0.02
0.00 0.02
0.00 0.02
0.00 0.02
0.00 0.02
0.00 0.02
0.00 0.02
0.00 0.02
0.00 0.02
0.00 0.02
0.00 0.02
0.00 0.02
0.00 0.02
0.00 0.02
0.00 0.02
0.00 0.02
0.00 0.02
0.00 0.02
0.00 0.02
0.00 0.02
0.00 0.02
0.00 0.02
0.00 0.02
0.00 0.02
0.00 0.02
0.00 0.02
0.00 0.02
0.00 0.02
0.00 0.02
0.00 0.02
0.00 0.02
0.00 0.02
0.00 0.02
0.00 0.02
0.00 0.02
0.00 0.02
0.00 0.02
0.00 0.02
0.00 0.02
0.00 0.02
0.00 0.02
0.00 0.02
0.00 0.02
0.00 0.02
0.00 0.02
0.00 0.02
0.00 0.02
0.00 0.02
0.00 0.02
0.00 0.02
0.00 0.02
0.00 0.02
0.00 0.02
0.00 0.02
0.00 0.02
0.00 0.02
0.00 0.02
0.00 0.02
0.00 0.02
0.00 0.02
0.00 0.02
0.00 0.01
0.00 0.01
0.00 0.01
0.00 0.01
0.00 0.01
0.00 0.01
0.00 0.01
0.00 0.01
0.00 0.01
0.00 0.01
0.00 0.01
0.00 0.01
0.00 0.01
0.00 0.01
0.00 0.01
0.00 0.01
0.00 0.01
0.00 0.01
0.00 0.01
0.00 0.01
0.00 0.01
0.00 0.01
0.00 0.01
0.00 0.01
0.00 0.01
0.00 0.01
0.00 0.01
0.00 0.01
0.00 0.01
0.00 0.01
0.00 0.01
0.00 0.01
0.00 0.01
0.00 0.01
0.00 0.01
0.00 0.01
0.00 0.01
0.00 0.01
0.00 0.01
0.00 0.01
0.00 0.01
0.00 0.01
0.00 0.01
0.00 0.01
0.00 0.01
0.00 0.01
0.00 0.01
0.00 0.01
0.00 0.01
0.00 0.01
0.00 0.01
0.00 0.01
0.00 0.01
0.00 0.01
0.00 0.01
0.00 0.01
0.00 0.01
0.00 0.01
0.00 0.01
0.00 0.01
0.00 0.01
0.00 0.01
0.00 0.01
0.00 0.01
0.00 0.01
0.00 0.01
0.00 0.01
0.00 0.01
0.00 0.01
0.00 0.01
0.00 0.01
0.00 0.01
0.00 0.01
0.00 0.01
0.00 0.01
0.00 0.01
0.00 0.01
0.00 0.01
0.00 0.01
0.00 0.01
0.00 0.01
0.00 0.01
0.00 0.01
0.00 0.01
0.00 0.01
0.00 0.01
0.00 0.01
0.00 0.01
0.00 0.01
0.00 0.01
0.00 0.01
0.00 0.01
0.00 0.01
0.00 0.01
0.00 0.01
0.00 0.01
0.00 0.01
0.00 0.01
0.00 0.01
0.00 0.01
0.00 0.01
0.00 0.01
0.00 0.01
0.00 0.01
0.00 0.01
0.00 0.01
0.00 0.01
0.00 0.01
0.00 0.01
0.00 0.01
0.00 0.01
0.00 0.01
0.00 0.01
0.00 0.01
0.00 0.01
0.00 0.01
0.00 0.01
0.00 0.01
0.00 0.01
0.00 0.01
0.00 0.01
0.00 0.01
0.00 0.01
0.00 0.01
0.00 0.01
0.00 0.01
0.00 0.01
0.00 0.01
0.00 0.01
0.00 0.01
0.00 0.01
0.00 0.01
0.00 0.01
0.00 0.01
0.00 0.01
0.00 0.01
0.00 0.01
0.00 0.01
0.00 0.01
0.00 0.01
0.00 0.01
0.00 0.01
0.00 0.01
0.00 0.01
0.00 0.01
0.00 0.01
0.00 0.01
0.00 0.01
0.00 0.01
0.00 0.01
0.00 0.01
0.00 0.01
0.00 0.01
0.00 0.01
0.00 0.01
0.00 0.01
0.00 0.01
0.00 0.01
0.00 0.01
0.00 0.01
0.00 0.01
0.00 0.01
0.00 0.01
0.00 0.01
0.00 0.01
0.00 0.01
0.00 0.01
0.00 0.01
0.00 0.01
0.00 0.01
0.00 0.01
0.00 0.01
0.00 0.01
0.00 0.01
0.00 0.01
0.00 0.01
0.00 0.01
0.00 0.01
0.00 0.01
0.00 0.01
0.00 0.01
0.00 0.01
0.00 0.01
0.00 0.01
0.00 0.01
0.00 0.01
0.00 0.01
0.00 0.01
0.00 0.01
0.00 0.01
0.00 0.01
0.00 0.01
0.00 0.01
0.00 0.01
0.00 0.01
0.00 0.01
0.00 0.01
0.00 0.01
0.00 0.01
0.00 0.01
0.00 0.01
0.00 0.01
0.00 0.01
0.00 0.01
0.00 0.01
0.00 0.01
0.00 0.01
0.00 0.01
0.00 0.01
0.00 0.01
0.00 0.01
0.00 0.01
0.00 0.01
0.00 0.01
0.00 0.01
0.00 0.01
0.00 0.01
0.00 0.01
0.00 0.01
0.00 0.01
0.00 0.01
0.00 0.01
0.00 0.01
0.00 0.01
0.00 0.01
0.00 0.01
0.00 0.01
0.00 0.01
0.00 0.01
0.00 0.01
0.00 0.01
0.00 0.01
0.00 0.01
0.00 0.01
0.00 0.01
0.00 0.01
0.00 0.01
0.00 0.01
0.00 0.01
0.00 0.01
0.00 0.01
0.00 0.01
0.00 0.01
0.00 0.01
0.00 0.01
0.00 0.01
0.00 0.01
0.00 0.01
0.00 0.01
0.00 0.01
0.00 0.01
0.00 0.01
0.00 0.01
0.00 0.01
0.00 0.01
0.00 0.01
0.00 0.01
0.00 0.01
0.00 0.01
0.00 0.01
0.00 0.01
0.00 0.01
0.00 0.01
0.00 0.01
0.00 0.01
0.00 0.01
0.00 0.01
0.00 0.01
0.00 0.01
0.00 0.01
0.00 0.01
0.00 0.01
0.00 0.01
0.00 0.01
0.00 0.01
0.00 0.01
0.00 0.01
0.00 0.01
0.00 0.01
0.00 0.01
0.00 0.01
0.00 0.01
0.00 0.01
0.00 0.01
0.00 0.01
0.00 0.01
0.00 0.01
0.00 0.01
0.00 0.01
0.00 0.01
0.00 0.01
0.00 0.01
0.00 0.01
0.00 0.01
0.00 0.01
0.00 0.01
0.00 0.01
0.00 0.01
0.00 0.01
0.00 0.01
0.00 0.01
0.00 0.01
0.00 0.01
0.00 0.01
0.00 0.01
0.00 0.01
0.00 0.01
0.00 0.01
0.00 0.01
0.00 0.01
0.00 0.01
0.00 0.01
0.00 0.01
0.00 0.01
0.00 0.01
0.00 0.01
0.00 0.01
0.00 0.01
0.00 0.01
0.00 0.01
0.00 0.01
0.00 0.01
0.00 0.01
0.00 0.01
0.00 0.01
0.00 0.01
0.00 0.01
0.00 0.01
0.00 0.01
0.00 0.01
0.00 0.01
0.00 0.01
0.00 0.01
0.00 0.01
0.00 0.01
0.00 0.01
0.00 0.01
0.00 0.01
0.00 0.01
0.00 0.01
0.00 0.01
0.00 0.01
0.00 0.01
0.00 0.01
0.00 0.01
0.00 0.01
0.00 0.01
0.00 0.01
0.00 0.01
0.00 0.01
0.00 0.01
0.00 0.01
0.00 0.01
0.00 0.01
0.00 0.01
0.00 0.01
0.00 0.01
0.00 0.01
0.00 0.01
0.00 0.01
0.00 0.01
0.00 0.01
0.00 0.01
0.00 0.01
0.00 0.01
0.00 0.01
0.00 0.01
0.00 0.01
0.00 0.01
0.00 0.01
0.00 0.01
0.00 0.01
0.00 0.01
0.00 0.01
0.00 0.01
0.00 0.01
0.00 0.01
0.00 0.01
0.00 0.01
0.00 0.01
0.00 0.01
0.00 0.01
0.00 0.01
0.00 0.01
0.00 0.01
0.00 0.01
0.00 0.01
0.00 0.01
0.00 0.01
0.00 0.01
0.00 0.01
0.00 0.01
0.00 0.01
0.00 0.01
0.00 0.01
0.00 0.01
0.00 0.01
0.00 0.01
0.00 0.01
0.00 0.01
0.00 0.01
0.00 0.01
0.00 0.01
0.00 0.01
0.00 0.01
0.00 0.01
0.00 0.01
0.00 0.01
0.00 0.01
0.00 0.01
0.00 0.01
0.00 0.01
0.00 0.01
0.00 0.01
0.00 0.01
0.00 0.01
0.00 0.01
0.00 0.01
0.00 0.01
0.00 0.01
0.00 0.01
0.00 0.01
0.00 0.01
0.00 0.01
0.00 0.01
0.00 0.01
0.00 0.01
0.00 0.01
0.00 0.01
0.00 0.01
0.00 0.01
0.00 0.01
0.00 0.01
0.00 0.01
0.00 0.01
0.00 0.01
0.00 0.01
0.00 0.01
0.00 0.01
0.00 0.01
0.00 0.01
0.00 0.01
0.00 0.01
0.00 0.01
0.00 0.01
0.00 0.01
0.00 0.01
0.00 0.01
0.00 0.01
0.00 0.01
0.00 0.01
0.00 0.01
0.00 0.01
0.00 0.01
0.00 0.01
0.00 0.01
0.00 0.01
0.00 0.01
0.00 0.01
0.00 0.01
0.00 0.01
0.00 0.01
0.00 0.01
0.00 0.01
0.00 0.01
0.00 0.01
0.00 0.01
0.00 0.01
0.00 0.01
0.00 0.01
0.00 0.01
0.00 0.01
0.00 0.01
0.00 0.01
0.00 0.01
0.00 0.01
0.00 0.01
0.00 0.01
0.00 0.01
0.00 0.01
0.00 0.01
0.00 0.01
0.00 0.01
0.00 0.01
0.00 0.01
0.00 0.01
0.00 0.01
0.00 0.01
0.00 0.01
0.00 0.01
0.00 0.01
0.00 0.01
0.00 0.01
0.00 0.01
0.00 0.01
0.00 0.01
0.00 0.01
0.00 0.01
0.00 0.00
0.00 0.00
0.00 0.00
0.00 0.00
0.00 0.00
0.00 0.00
0.00 0.00
0.00 0.00
0.00 0.00
0.00 0.00
0.00 0.00
0.00 0.00
0.00 0.00
0.00 0.00
0.00 0.00
0.00 0.00
0.00 0.00
0.00 0.00
0.00 0.00
0.00 0.00
0.00 0.00
0.00 0.00
0.00 0.00
0.00 0.00
0.00 0.00
0.00 0.00
0.00 0.00
0.00 0.00
0.00 0.00
0.00 0.00
0.00 0.00
0.00 0.00
0.00 0.00
0.00 0.00
0.00 0.00
0.00 0.00
0.00 0.00
0.00 0.00
0.00 0.00
0.00 0.00
0.00 0.00
0.00 0.00
0.00 0.00
0.00 0.00
0.00 0.00
0.00 0.00
0.00 0.00
0.00 0.00
0.00 0.00
0.00 0.00
0.00 0.00
0.00 0.00
0.00 0.00
0.00 0.00
0.00 0.00
0.00 0.00
0.00 0.00
0.00 0.00
0.00 0.00
0.00 0.00
0.00 0.00
0.00 0.00
0.00 0.00
0.00 0.00
0.00 0.00
0.00 0.00
0.00 0.00
0.00 0.00
0.00 0.00
0.00 0.00
0.00 0.00
0.00 0.00
0.00 0.00
0.00 0.00
0.00 0.00
0.00 0.00
0.00 0.00
0.00 0.00
0.00 0.00
0.00 0.00
0.00 0.00
0.00 0.00
0.00 0.00
0.00 0.00
0.00 0.00
0.00 0.00
0.00 0.00
0.00 0.00
0.00 0.00
0.00 0.00
0.00 0.00
0.00 0.00
0.00 0.00
0.00 0.00
0.00 0.00
0.00 0.00
0.00 0.00
0.00 0.00
0.00 0.00
0.00 0.00
0.00 0.00
0.00 0.00
0.00 0.00
0.00 0.00
0.00 0.00
0.00 0.00
0.00 0.00
0.00 0.00
0.00 0.00
0.00 0.00
0.00 0.00
0.00 0.00
0.00 0.00
0.00 0.00
0.00 0.00
0.00 0.00
0.00 0.00
0.00 0.00
0.00 0.00
0.00 0.00
0.00 0.00
0.00 0.00
0.00 0.00
0.00 0.00
0.00 0.00
0.00 0.00
0.00 0.00
0.00 0.00
0.00 0.00
0.00 0.00
0.00 0.00
0.00 0.00
0.00 0.00
0.00 0.00
0.00 0.00
0.00 0.00
0.00 0.00
0.00 0.00
0.00 0.00
0.00 0.00
0.00 0.00
0.00 0.00
0.00 0.00
0.00 0.00
0.00 0.00
0.00 0.00
0.00 0.00
0.00 0.00
0.00 0.00
0.00 0.00
0.00 0.00
0.00 0.00
0.00 0.00
0.00 0.00
0.00 0.00
0.00 0.00
0.00 0.00
0.00 0.00
0.00 0.00
0.00 0.00
0.00 0.00
0.00 0.00
0.00 0.00
0.00 0.00
0.00 0.00
0.00 0.00
0.00 0.00
0.00 0.00
0.00 0.00
0.00 0.00
0.00 0.00
0.00 0.00
0.00 0.00
0.00 0.00
0.00 0.00
0.00 0.00
0.00 0.00
0.00 0.00
0.00 0.00
0.00 0.00
0.00 0.00
0.00 0.00
0.00 0.00
0.00 0.00
0.00 0.00
0.00 0.00
0.00 0.00
0.00 0.00
0.00 0.00
0.00 0.00
0.00 0.00
0.00 0.00
0.00 0.00
0.00 0.00
0.00 0.00
0.00 0.00
0.00 0.00
0.00 0.00
0.00 0.00
0.00 0.00
0.00 0.00
0.00 0.00
0.00 0.00
0.00 0.00
0.00 0.00
0.00 0.00
0.00 0.00
0.00 0.00
0.00 0.00
0.00 0.00
0.00 0.00
0.00 0.00
0.00 0.00
0.00 0.00
0.00 0.00
0.00 0.00
0.00 0.00
0.00 0.00
0.00 0.00
0.00 0.00
0.00 0.00
0.00 0.00
0.00 0.00
0.00 0.00
0.00 0.00
0.00 0.00
0.00 0.00
0.00 0.00
0.00 0.00
0.00 0.00
0.00 0.00
0.00 0.00
0.00 0.00
0.00 0.00
0.00 0.00
0.00 0.00
0.00 0.00
0.00 0.00
0.00 0.00
0.00 0.00
0.00 0.00
0.00 0.00
0.00 0.00
0.00 0.00
0.00 0.00
0.00 0.00
0.00 0.00
0.00 0.00
0.00 0.00
0.00 0.00
0.00 0.00
0.00 0.00
0.00 0.00
0.00 0.00
0.00 0.00
0.00 0.00
0.00 0.00
0.00 0.00
0.00 0.00
0.00 0.00
0.00 0.00
0.00 0.00
0.00 0.00
0.00 0.00
0.00 0.00
0.00 0.00
0.00 0.00
0.00 0.00
0.00 0.00
0.00 0.00
0.00 0.00
0.00 0.00
0.00 0.00
0.00 0.00
0.00 0.00
0.00 0.00
0.00 0.00
0.00 0.00
0.00 0.00
0.00 0.00
0.00 0.00
0.00 0.00
0.00 0.00
0.00 0.00
0.00 0.00
0.00 0.00
0.00 0.00
0.00 0.00
0.00 0.00
0.00 0.00
0.00 0.00
0.00 0.00
0.00 0.00
0.00 0.00
0.00 0.00
0.00 0.00
0.00 0.00
0.00 0.00
0.00 0.00
0.00 0.00
0.00 0.00
0.00 0.00
0.00 0.00
0.00 0.00
0.00 0.00
0.00 0.00
0.00 0.00
0.00 0.00
0.00 0.00
0.00 0.00
0.00 0.00
0.00 0.00
0.00 0.00
0.00 0.00
0.00 0.00
0.00 0.00
0.00 0.00
0.00 0.00
0.00 0.00
0.00 0.00
0.00 0.00
0.00 0.00
0.00 0.00
0.00 0.00
0.00 0.00
0.00 0.00
0.00 0.00
0.00 0.00
0.00 0.00
0.00 0.00
0.00 0.00
0.00 0.00
0.00 0.00
0.00 0.00
0.00 0.00
0.00 0.00
0.00 0.00
0.00 0.00
0.00 0.00
0.00 0.00
0.00 0.00
0.00 0.00
0.00 0.00
0.00 0.00
0.00 0.00
0.00 0.00
0.00 0.00
0.00 0.00
0.00 0.00
0.00 0.00
0.00 0.00
0.00 0.00
0.00 0.00
0.00 0.00
0.00 0.00
0.00 0.00
0.00 0.00
0.00 0.00
0.00 0.00
0.00 0.00
0.00 0.00
0.00 0.00
0.00 0.00
0.00 0.00
0.00 0.00
0.00 0.00
0.00 0.00
0.00 0.00
0.00 0.00
0.00 0.00
0.00 0.00
0.00 0.00
0.00 0.00
0.00 0.00
0.00 0.00
0.00 0.00
0.00 0.00
0.00 0.00
0.00 0.00
0.00 0.00
0.00 0.00
0.00 0.00
0.00 0.00
0.00 0.00
0.00 0.00
0.00 0.00
0.00 0.00
0.00 0.00
0.00 0.00
0.00 0.00
0.00 0.00
0.00 0.00
0.00 0.00
0.00 0.00
0.00 0.00
0.00 0.00
0.00 0.00
0.00 0.00
0.00 0.00
0.00 0.00
0.00 0.00
0.00 0.00
0.00 0.00
0.00 0.00
0.00 0.00
0.00 0.00
0.00 0.00
0.00 0.00
0.00 0.00
0.00 0.00
0.00 0.00
0.00 0.00
0.00 0.00
0.00 0.00
0.00 0.00
0.00 0.00
0.00 0.00
0.00 0.00
0.00 0.00
0.00 0.00
0.00 0.00
0.00 0.00
0.00 0.00
0.00 0.00
0.00 0.00
0.00 0.00
0.00 0.00
0.00 0.00
0.00 0.00
0.00 0.00
0.00 0.00
0.00 0.00
0.00 0.00
0.00 0.00
0.00 0.00
0.00 0.00
0.00 0.00
0.00 0.00
0.00 0.00
0.00 0.00
0.00 0.00
0.00 0.00
0.00 0.00
0.00 0.00
0.00 0.00
0.00 0.00
0.00 0.00
0.00 0.00
0.00 0.00
0.00 0.00
0.00 0.00
0.00 0.00
0.00 0.00
0.00 0.00
0.00 0.00
0.00 0.00
0.00 0.00
0.00 0.00
0.00 0.00
0.00 0.00
0.00 0.00
0.00 0.00
0.00 0.00
0.00 0.00
0.00 0.00
0.00 0.00
0.00 0.00
0.00 0.00
0.00 0.00
0.00 0.00
0.00 0.00
0.00 0.00
0.00 0.00
0.00 0.00
0.00 0.00
0.00 0.00
0.00 0.00
0.00 0.00
0.00 0.00
0.00 0.00
0.00 0.00
0.00 0.00
0.00 0.00
0.00 0.00
0.00 0.00
0.00 0.00
0.00 0.00
0.00 0.00
0.00 0.00
0.00 0.00
0.00 0.00
0.00 0.00
0.00 0.00
0.00 0.00
0.00 0.00
0.00 0.00
0.00 0.00
0.00 0.00
0.00 0.00
0.00 0.00
0.00 0.00
0.00 0.00
0.00 0.00
0.00 0.00
0.00 0.00
0.00 0.00
0.00 0.00
0.00 0.00
0.00 0.00
0.00 0.00
0.00 0.00
0.00 0.00
0.00 0.00
0.00 0.00
0.00 0.00
0.00 0.00
0.00 0.00
0.00 0.00
0.00 0.00
0.00 0.00
0.00 0.00
0.00 0.00
0.00 0.00
0.00 0.00
0.00 0.00
0.00 0.00
0.00 0.00
0.00 0.00
0.00 0.00
0.00 0.00
0.00 0.00
0.00 0.00
0.00 0.00
0.00 0.00
0.00 0.00
0.00 0.00
0.00 0.00
0.00 0.00
0.00 0.00
0.00 0.00
0.00 0.00
0.00 0.00
0.00 0.00
0.00 0.00
0.00 0.00
0.00 0.00
0.00 0.00
0.00 0.00
0.00 0.00
0.00 0.00
0.00 0.00
0.00 0.00
0.00 0.00
0.00 0.00
0.00 0.00
0.00 0.00
0.00 0.00
0.00 0.00
0.00 0.00
0.00 0.00
0.00 0.00
0.00 0.00
0.00 0.00
0.00 0.00
0.00 0.00
0.00 0.00
0.00 0.00
0.00 0.00
0.00 0.00
0.00 0.00
0.00 0.00
0.00 0.00
0.00 0.00
0.00 0.00
