Gurobi 9.0.0: mipgapabs=1100
logfile=runlog.out
Gurobi Optimizer version 9.0.0 build v9.0.0rc2 (linux64)
Optimize a model with 114293 rows, 97090 columns and 344572 nonzeros
Model fingerprint: 0x7268f634
Variable types: 96944 continuous, 146 integer (144 binary)
Coefficient statistics:
  Matrix range     [6e-02, 2e+05]
  Objective range  [4e-02, 1e+03]
  Bounds range     [1e+00, 2e+03]
  RHS range        [1e+00, 3e+03]
Found heuristic solution: objective 1577154.3932
Presolve removed 42009 rows and 40062 columns
Presolve time: 2.97s
Presolved: 72284 rows, 57028 columns, 270003 nonzeros
Variable types: 56882 continuous, 146 integer (144 binary)

Deterministic concurrent LP optimizer: primal and dual simplex
Showing first log only...


Root simplex log...

Iteration    Objective       Primal Inf.    Dual Inf.      Time
    8763    1.5771504e+06   0.000000e+00   2.783139e+04      5s
Concurrent spin time: 0.00s

Solved with dual simplex

Root relaxation: objective 1.564099e+06, 8272 iterations, 5.14 seconds

    Nodes    |    Current Node    |     Objective Bounds      |     Work
 Expl Unexpl |  Obj  Depth IntInf | Incumbent    BestBd   Gap | It/Node Time

     0     0 1564098.94    0   96 1577154.39 1564098.94  0.83%     -   10s
H    0     0                    1565179.8032 1564098.94  0.07%     -   10s

Explored 1 nodes (8272 simplex iterations) in 10.87 seconds
Thread count was 8 (of 8 available processors)

Solution count 2: 1.56518e+06 1.57715e+06 

Optimal solution found (tolerance 1.00e-04)
Best objective 1.565179803234e+06, best bound 1.564098941118e+06, gap 0.0691%
Gurobi Optimizer version 9.0.0 build v9.0.0rc2 (linux64)
Optimize a model with 114293 rows, 97090 columns and 344572 nonzeros
Model fingerprint: 0x4ad3ae62
Coefficient statistics:
  Matrix range     [6e-02, 2e+05]
  Objective range  [4e-02, 1e+03]
  Bounds range     [1e+00, 2e+03]
  RHS range        [1e+00, 3e+03]
Iteration    Objective       Primal Inf.    Dual Inf.      Time
       0    1.3620000e+04   1.564517e+07   0.000000e+00      0s
   43538    1.5651394e+06   1.445692e+05   0.000000e+00      5s
   47903    1.5651798e+06   0.000000e+00   0.000000e+00      7s

Solved in 47903 iterations and 7.25 seconds
Optimal objective  1.565179803e+06
Gurobi 9.0.0: optimal solution; objective 1565179.803
8272 simplex iterations
1 branch-and-cut nodes
plus 47903 simplex iterations for intbasis
annual_cost = 1565180

Z [*] :=
1  7
2  5
;

option log_file runlog.out;
